[2025-07-23 05:33:11] [ERROR] Something went wrong, Please try again!
[2025-07-23 06:06:53] [INFO] GET /api/products/storeInventory/cab79cae-b6de-4f26-ab9e-08993cc980a2
[2025-07-23 06:06:53] [INFO] GET /api/products/storeAdmin/a365713a-5aec-4364-b655-3e5624e917ef
[2025-07-23 06:07:18] [INFO] PUT /api/storeProducts/updateVariant
[2025-07-23 06:09:23] [ERROR] Something went wrong, Please try again!
[2025-07-23 06:10:34] [ERROR] Something went wrong, Please try again!
[2025-07-23 06:10:56] [ERROR] Something went wrong, Please try again!
[2025-07-23 06:11:51] [ERROR] Something went wrong, Please try again!
[2025-07-23 06:13:32] [ERROR] Something went wrong, Please try again!
[2025-07-23 06:13:36] [ERROR] Something went wrong, Please try again!
[2025-07-23 06:13:53] [ERROR] Something went wrong, Please try again!
[2025-07-23 06:13:58] [ERROR] Something went wrong, Please try again!
[2025-07-23 06:14:01] [ERROR] Something went wrong, Please try again!
[2025-07-23 06:14:12] [ERROR] Something went wrong, Please try again!
[2025-07-23 06:15:23] [ERROR] Something went wrong, Please try again!
[2025-07-23 06:15:34] [ERROR] Something went wrong, Please try again!
[2025-07-23 06:15:58] [ERROR] Something went wrong, Please try again!
[2025-07-23 06:16:32] [ERROR] Something went wrong, Please try again!
[2025-07-23 06:17:41] [ERROR] Something went wrong, Please try again!
[2025-07-23 06:18:43] [INFO] PUT /api/storeProducts/updateVariant
[2025-07-23 06:19:22] [INFO] GET /api/products/storeInventory/cab79cae-b6de-4f26-ab9e-08993cc980a2
[2025-07-23 06:19:52] [INFO] PUT /api/storeProducts/updateVariant
[2025-07-23 06:22:28] [INFO] PUT /api/storeProducts/updateVariant
[2025-07-23 06:22:30] [INFO] GET /api/products/storeInventory/cab79cae-b6de-4f26-ab9e-08993cc980a2
[2025-07-23 06:22:38] [INFO] GET /api/products/storeInventory/cab79cae-b6de-4f26-ab9e-08993cc980a2
[2025-07-23 06:23:06] [INFO] PUT /api/storeProducts/updateVariant
[2025-07-23 06:32:22] [INFO] GET /api/products/storeInventory/cab79cae-b6de-4f26-ab9e-08993cc980a2
[2025-07-23 06:32:22] [INFO] GET /api/products/storeAdmin/a365713a-5aec-4364-b655-3e5624e917ef
[2025-07-23 06:32:37] [INFO] PUT /api/storeProducts/updateVariant
[2025-07-23 06:33:21] [INFO] GET /api/products/storeInventory/cab79cae-b6de-4f26-ab9e-08993cc980a2
[2025-07-23 06:33:21] [INFO] GET /api/products/storeInventory/cab79cae-b6de-4f26-ab9e-08993cc980a2
[2025-07-23 06:33:32] [INFO] GET /api/products/storeInventory/cab79cae-b6de-4f26-ab9e-08993cc980a2
[2025-07-23 06:33:32] [INFO] GET /api/products/storeInventory/cab79cae-b6de-4f26-ab9e-08993cc980a2
[2025-07-23 06:33:40] [INFO] GET /api/products/storeInventory/cab79cae-b6de-4f26-ab9e-08993cc980a2
[2025-07-23 06:33:40] [INFO] GET /api/products/storeInventory/cab79cae-b6de-4f26-ab9e-08993cc980a2
[2025-07-23 06:33:46] [INFO] GET /api/products/storeInventory/cab79cae-b6de-4f26-ab9e-08993cc980a2
[2025-07-23 06:33:46] [INFO] GET /api/products/storeInventory/cab79cae-b6de-4f26-ab9e-08993cc980a2
[2025-07-23 06:33:51] [INFO] GET /api/products/storeInventory/cab79cae-b6de-4f26-ab9e-08993cc980a2
[2025-07-23 06:33:51] [INFO] GET /api/products/storeInventory/cab79cae-b6de-4f26-ab9e-08993cc980a2
[2025-07-23 06:34:25] [INFO] GET /api/products/storeInventory/cab79cae-b6de-4f26-ab9e-08993cc980a2
[2025-07-23 06:34:25] [INFO] GET /api/products/storeInventory/cab79cae-b6de-4f26-ab9e-08993cc980a2
[2025-07-23 06:34:28] [INFO] GET /api/products/storeInventory/cab79cae-b6de-4f26-ab9e-08993cc980a2
[2025-07-23 06:34:28] [INFO] GET /api/products/storeInventory/cab79cae-b6de-4f26-ab9e-08993cc980a2
[2025-07-23 06:34:29] [INFO] GET /api/products/storeInventory/cab79cae-b6de-4f26-ab9e-08993cc980a2
[2025-07-23 06:35:47] [INFO] PUT /api/storeProducts/updateVariant
[2025-07-23 06:37:21] [INFO] GET /api/products/storeInventory/cab79cae-b6de-4f26-ab9e-08993cc980a2
[2025-07-23 06:37:21] [INFO] GET /api/products/storeInventory/cab79cae-b6de-4f26-ab9e-08993cc980a2
[2025-07-23 06:37:22] [INFO] GET /api/products/storeInventory/cab79cae-b6de-4f26-ab9e-08993cc980a2
[2025-07-23 06:37:31] [INFO] PUT /api/storeProducts/updateVariant
[2025-07-23 06:37:32] [INFO] GET /api/products/storeInventory/cab79cae-b6de-4f26-ab9e-08993cc980a2
[2025-07-23 06:37:42] [INFO] PUT /api/storeProducts/updateVariant
[2025-07-23 06:37:43] [INFO] GET /api/products/storeInventory/cab79cae-b6de-4f26-ab9e-08993cc980a2
[2025-07-23 06:38:23] [INFO] PUT /api/storeProducts/updateVariant
[2025-07-23 06:38:24] [INFO] GET /api/products/storeInventory/cab79cae-b6de-4f26-ab9e-08993cc980a2
[2025-07-23 06:38:36] [INFO] PUT /api/storeProducts/updateVariant
[2025-07-23 06:38:37] [INFO] GET /api/products/storeInventory/cab79cae-b6de-4f26-ab9e-08993cc980a2
[2025-07-23 06:38:46] [INFO] PUT /api/storeProducts/updateVariant
[2025-07-23 06:38:47] [INFO] GET /api/products/storeInventory/cab79cae-b6de-4f26-ab9e-08993cc980a2
[2025-07-23 06:41:53] [INFO] GET /api/products/storeInventory/cab79cae-b6de-4f26-ab9e-08993cc980a2
[2025-07-23 06:41:53] [INFO] GET /api/products/storeInventory/cab79cae-b6de-4f26-ab9e-08993cc980a2
[2025-07-23 06:41:53] [INFO] GET /api/products/storeAdmin/a365713a-5aec-4364-b655-3e5624e917ef
[2025-07-23 06:43:35] [INFO] GET /api/products/storeInventory/cab79cae-b6de-4f26-ab9e-08993cc980a2
[2025-07-23 06:43:35] [INFO] GET /api/products/storeInventory/cab79cae-b6de-4f26-ab9e-08993cc980a2
[2025-07-23 06:43:47] [INFO] GET /api/products/storeInventory/cab79cae-b6de-4f26-ab9e-08993cc980a2
[2025-07-23 06:43:47] [INFO] GET /api/products/storeInventory/cab79cae-b6de-4f26-ab9e-08993cc980a2
[2025-07-23 06:46:15] [INFO] GET /api/store/getStoresByStoreAdminId
[2025-07-23 06:46:21] [INFO] GET /api/products/getAll/06c6fc04-3fa8-4f9f-842e-6a4da30ad35f
[2025-07-23 06:46:23] [INFO] GET /api/products/getDetails/06c6fc04-3fa8-4f9f-842e-6a4da30ad35f/cab79cae-b6de-4f26-ab9e-08993cc980a2
[2025-07-23 06:47:09] [INFO] PUT /api/storeProducts/updateVariant
[2025-07-23 06:50:18] [INFO] GET /api/products/getAll/06c6fc04-3fa8-4f9f-842e-6a4da30ad35f
[2025-07-23 06:50:18] [INFO] GET /api/store/getStoresByStoreAdminId
[2025-07-23 06:50:18] [INFO] GET /api/products/getDetails/06c6fc04-3fa8-4f9f-842e-6a4da30ad35f/cab79cae-b6de-4f26-ab9e-08993cc980a2
[2025-07-23 06:50:33] [INFO] GET /api/products/getDetails/06c6fc04-3fa8-4f9f-842e-6a4da30ad35f/cab79cae-b6de-4f26-ab9e-08993cc980a2
[2025-07-23 06:51:56] [INFO] PUT /api/storeProducts/updateVariant
[2025-07-23 06:52:23] [INFO] GET /api/products/getDetails/06c6fc04-3fa8-4f9f-842e-6a4da30ad35f/cab79cae-b6de-4f26-ab9e-08993cc980a2
[2025-07-23 06:52:31] [INFO] PUT /api/storeProducts/updateVariant
[2025-07-23 06:53:42] [INFO] GET /api/products/getDetails/06c6fc04-3fa8-4f9f-842e-6a4da30ad35f/cab79cae-b6de-4f26-ab9e-08993cc980a2
[2025-07-23 06:53:49] [INFO] GET /api/products/getDetails/06c6fc04-3fa8-4f9f-842e-6a4da30ad35f/cab79cae-b6de-4f26-ab9e-08993cc980a2
[2025-07-23 06:53:58] [INFO] PUT /api/storeProducts/updateVariant
[2025-07-23 06:56:36] [INFO] GET /api/products/getAll/06c6fc04-3fa8-4f9f-842e-6a4da30ad35f
[2025-07-23 06:56:36] [INFO] GET /api/store/getStoresByStoreAdminId
[2025-07-23 06:56:36] [INFO] GET /api/products/getDetails/06c6fc04-3fa8-4f9f-842e-6a4da30ad35f/cab79cae-b6de-4f26-ab9e-08993cc980a2
[2025-07-23 06:57:04] [INFO] PUT /api/storeProducts/updateVariant
[2025-07-23 06:59:27] [INFO] PUT /api/storeProducts/updateVariant
[2025-07-23 06:59:52] [INFO] GET /api/store/getStoresByStoreAdminId
[2025-07-23 06:59:52] [INFO] GET /api/products/getAll/06c6fc04-3fa8-4f9f-842e-6a4da30ad35f
[2025-07-23 06:59:52] [INFO] GET /api/products/getDetails/06c6fc04-3fa8-4f9f-842e-6a4da30ad35f/cab79cae-b6de-4f26-ab9e-08993cc980a2
[2025-07-23 07:01:02] [INFO] GET /api/products/getDetails/06c6fc04-3fa8-4f9f-842e-6a4da30ad35f/cab79cae-b6de-4f26-ab9e-08993cc980a2
[2025-07-23 07:01:11] [INFO] PUT /api/storeProducts/updateVariant
[2025-07-23 07:01:12] [INFO] GET /api/products/getDetails/06c6fc04-3fa8-4f9f-842e-6a4da30ad35f/cab79cae-b6de-4f26-ab9e-08993cc980a2
[2025-07-23 07:01:41] [INFO] PUT /api/storeProducts/updateVariant
[2025-07-23 07:01:42] [INFO] GET /api/products/getDetails/06c6fc04-3fa8-4f9f-842e-6a4da30ad35f/cab79cae-b6de-4f26-ab9e-08993cc980a2
[2025-07-23 07:01:58] [INFO] GET /api/products/storeAdmin/a365713a-5aec-4364-b655-3e5624e917ef
[2025-07-23 07:02:07] [INFO] GET /api/products/storeAdmin/a365713a-5aec-4364-b655-3e5624e917ef
[2025-07-23 07:02:25] [INFO] GET /api/order/getOrders/StoreAdmins
[2025-07-23 07:02:54] [INFO] GET /api/order/getOrders/StoreAdmins
[2025-07-23 07:06:02] [INFO] GET /api/order/getOrders/StoreAdmins
[2025-07-23 07:07:00] [INFO] GET /api/order/getOrders/StoreAdmins
[2025-07-23 07:09:20] [INFO] GET /api/order/getOrders/StoreAdmins
[2025-07-23 07:09:43] [INFO] GET /api/order/getOrders/StoreAdmins
[2025-07-23 07:11:26] [INFO] GET /api/order/getOrders/StoreAdmins
[2025-07-23 07:12:57] [INFO] GET /api/order/getOrders/StoreAdmins
[2025-07-23 07:13:27] [INFO] GET /api/order/getOrders/StoreAdmins
[2025-07-23 07:14:38] [INFO] GET /api/store/getStoresByStoreAdminId
[2025-07-23 07:14:41] [INFO] GET /api/products/storeAdmin/a365713a-5aec-4364-b655-3e5624e917ef
[2025-07-23 07:14:58] [INFO] GET /api/products/storeAdmin/a365713a-5aec-4364-b655-3e5624e917ef
[2025-07-23 07:17:39] [INFO] GET /api/order/getOrders/StoreAdmins
[2025-07-23 07:17:47] [INFO] GET /api/order/getOrders/StoreAdmins
[2025-07-23 07:17:54] [INFO] GET /api/store/getStoresByStoreAdminId
[2025-07-23 07:17:58] [INFO] GET /api/products/getAll/06c6fc04-3fa8-4f9f-842e-6a4da30ad35f
[2025-07-23 07:19:44] [INFO] GET /api/products/getAll/06c6fc04-3fa8-4f9f-842e-6a4da30ad35f
[2025-07-23 07:19:56] [INFO] GET /api/product/paginated/06c6fc04-3fa8-4f9f-842e-6a4da30ad35f
[2025-07-23 07:19:58] [INFO] GET /api/product/paginated/06c6fc04-3fa8-4f9f-842e-6a4da30ad35f
[2025-07-23 07:20:00] [INFO] GET /api/product/paginated/06c6fc04-3fa8-4f9f-842e-6a4da30ad35f
[2025-07-23 07:20:04] [INFO] GET /api/product/paginated/06c6fc04-3fa8-4f9f-842e-6a4da30ad35f
[2025-07-23 07:20:21] [INFO] GET /api/product/paginated/06c6fc04-3fa8-4f9f-842e-6a4da30ad35f
[2025-07-23 07:20:22] [INFO] GET /api/product/paginated/06c6fc04-3fa8-4f9f-842e-6a4da30ad35f
[2025-07-23 07:20:24] [INFO] GET /api/product/paginated/06c6fc04-3fa8-4f9f-842e-6a4da30ad35f
[2025-07-23 07:20:28] [INFO] GET /api/product/paginated/06c6fc04-3fa8-4f9f-842e-6a4da30ad35f
[2025-07-23 07:21:02] [INFO] GET /api/product/paginated/06c6fc04-3fa8-4f9f-842e-6a4da30ad35f
[2025-07-23 07:21:03] [INFO] GET /api/product/paginated/06c6fc04-3fa8-4f9f-842e-6a4da30ad35f
[2025-07-23 07:21:05] [INFO] GET /api/product/paginated/06c6fc04-3fa8-4f9f-842e-6a4da30ad35f
[2025-07-23 07:21:09] [INFO] GET /api/product/paginated/06c6fc04-3fa8-4f9f-842e-6a4da30ad35f
[2025-07-23 07:21:43] [INFO] GET /api/products/paginated/06c6fc04-3fa8-4f9f-842e-6a4da30ad35f
[2025-07-23 07:21:44] [INFO] GET /api/products/paginated/06c6fc04-3fa8-4f9f-842e-6a4da30ad35f
[2025-07-23 07:21:46] [INFO] GET /api/products/paginated/06c6fc04-3fa8-4f9f-842e-6a4da30ad35f
[2025-07-23 07:21:50] [INFO] GET /api/products/paginated/06c6fc04-3fa8-4f9f-842e-6a4da30ad35f
[2025-07-23 07:21:56] [INFO] GET /api/products/paginated/06c6fc04-3fa8-4f9f-842e-6a4da30ad35f
[2025-07-23 07:21:57] [INFO] GET /api/products/paginated/06c6fc04-3fa8-4f9f-842e-6a4da30ad35f
[2025-07-23 07:21:59] [INFO] GET /api/products/paginated/06c6fc04-3fa8-4f9f-842e-6a4da30ad35f
[2025-07-23 07:22:03] [INFO] GET /api/products/paginated/06c6fc04-3fa8-4f9f-842e-6a4da30ad35f
[2025-07-23 07:22:29] [INFO] GET /api/products/paginated/64af1b0f-fe87-4df1-a73c-8343a5c6d8e6
[2025-07-23 07:23:35] [ERROR] Something went wrong, Please try again!
[2025-07-23 07:23:38] [INFO] GET /api/products/paginated/64af1b0f-fe87-4df1-a73c-8343a5c6d8e6
[2025-07-23 07:24:06] [INFO] GET /api/products/paginated/06c6fc04-3fa8-4f9f-842e-6a4da30ad35f
[2025-07-23 07:24:24] [ERROR] Something went wrong, Please try again!
[2025-07-23 07:24:51] [ERROR] Something went wrong, Please try again!
[2025-07-23 07:24:55] [ERROR] Something went wrong, Please try again!
[2025-07-23 07:24:57] [INFO] GET /api/products/paginated/06c6fc04-3fa8-4f9f-842e-6a4da30ad35f
[2025-07-23 08:24:20] [ERROR] Something went wrong, Please try again!
[2025-07-23 08:25:06] [ERROR] Something went wrong, Please try again!
[2025-07-23 08:25:07] [ERROR] Something went wrong, Please try again!
[2025-07-23 08:25:13] [ERROR] Something went wrong, Please try again!
[2025-07-23 08:25:16] [ERROR] Something went wrong, Please try again!
[2025-07-23 08:25:28] [ERROR] Something went wrong, Please try again!
[2025-07-23 08:25:29] [INFO] GET /api/products/paginated/06c6fc04-3fa8-4f9f-842e-6a4da30ad35f
[2025-07-23 08:26:36] [INFO] GET /api/products/paginated/64af1b0f-fe87-4df1-a73c-8343a5c6d8e6
[2025-07-23 08:35:55] [ERROR] Something went wrong, Please try again!
[2025-07-23 08:45:48] [INFO] GET /api/order/transactions
[2025-07-23 08:45:59] [INFO] GET /api/order/transactions
[2025-07-23 08:45:59] [INFO] GET /api/order/transactions
[2025-07-23 08:46:24] [INFO] GET /api/order/transactions
[2025-07-23 08:46:26] [INFO] GET /api/order/transactions
[2025-07-23 08:47:17] [INFO] GET /api/order/transactions
[2025-07-23 08:47:47] [INFO] GET /api/order/transactions
[2025-07-23 08:47:58] [INFO] GET /api/order/transactions
[2025-07-23 08:48:10] [INFO] GET /api/order/transactions
[2025-07-23 08:49:20] [INFO] GET /api/order/transactions
[2025-07-23 08:49:31] [INFO] GET /api/order/transactions
[2025-07-23 08:49:43] [INFO] GET /api/order/transactions
[2025-07-23 08:49:47] [ERROR] An error occured:
[2025-07-23 08:49:47] [ERROR] An error occured:
[2025-07-23 08:49:52] [ERROR] An error occured:
[2025-07-23 08:49:52] [ERROR] An error occured:
[2025-07-23 08:49:57] [INFO] GET /api/order/transactions
[2025-07-23 08:51:08] [INFO] GET /api/order/transactions
[2025-07-23 08:51:19] [INFO] GET /api/order/transactions
[2025-07-23 08:53:57] [INFO] GET /api/order/transactions
[2025-07-23 08:54:58] [INFO] GET /api/order/transactions
[2025-07-23 08:55:03] [INFO] GET /api/order/transactions
[2025-07-23 08:56:13] [INFO] GET /api/order/transactions
[2025-07-23 08:56:48] [INFO] GET /api/order/transactions
[2025-07-23 08:57:08] [INFO] GET /api/order/transactions
[2025-07-23 08:57:43] [INFO] GET /api/order/transactions
[2025-07-23 08:58:15] [INFO] GET /api/order/transactions
[2025-07-23 08:58:22] [INFO] GET /api/order/transactions
[2025-07-23 08:58:31] [INFO] GET /api/order/getOrders/StoreAdmins
[2025-07-23 08:58:51] [INFO] GET /api/order/transactions
[2025-07-23 08:59:54] [INFO] GET /api/order/transactions
[2025-07-23 09:01:26] [INFO] GET /api/order/transactions
[2025-07-23 09:01:37] [INFO] GET /api/order/transactions
[2025-07-23 09:02:33] [INFO] GET /api/order/transactions
[2025-07-23 09:02:36] [INFO] GET /api/order/transactions
[2025-07-23 09:02:40] [INFO] GET /api/order/transactions
[2025-07-23 09:02:43] [INFO] GET /api/order/transactions
[2025-07-23 09:02:47] [INFO] GET /api/order/transactions
[2025-07-23 09:02:50] [INFO] GET /api/order/transactions
[2025-07-23 09:04:17] [INFO] GET /api/order/transactions
[2025-07-23 09:05:04] [INFO] GET /api/order/transactions
[2025-07-23 09:05:08] [INFO] GET /api/order/transactions
[2025-07-23 09:05:12] [INFO] GET /api/order/transactions
[2025-07-23 09:05:20] [INFO] GET /api/order/transactions
[2025-07-23 09:06:36] [INFO] GET /api/order/transactions
[2025-07-23 09:06:48] [INFO] GET /api/order/transactions
[2025-07-23 09:07:30] [INFO] GET /api/order/getOrders/StoreAdmins
[2025-07-23 09:09:06] [INFO] GET /api/order/transactions
[2025-07-23 09:09:48] [INFO] GET /api/order/transactions
[2025-07-23 09:09:58] [INFO] GET /api/order/transactions
[2025-07-23 09:10:39] [INFO] GET /api/order/transactions
[2025-07-23 09:11:46] [INFO] GET /api/order/transactions
[2025-07-23 09:11:46] [INFO] GET /api/order/transactions
[2025-07-23 09:11:50] [INFO] GET /api/order/transactions
[2025-07-23 09:11:53] [INFO] GET /api/order/transactions
[2025-07-23 09:12:07] [INFO] GET /api/order/transactions
[2025-07-23 09:12:08] [INFO] GET /api/order/transactions
[2025-07-23 09:12:09] [INFO] GET /api/order/transactions
[2025-07-23 09:12:12] [INFO] GET /api/order/transactions
[2025-07-23 09:12:13] [INFO] GET /api/order/transactions
[2025-07-23 09:12:16] [INFO] GET /api/order/transactions
[2025-07-23 09:15:41] [INFO] GET /api/order/transactions
[2025-07-23 09:15:43] [INFO] GET /api/order/transactions
[2025-07-23 09:15:44] [INFO] GET /api/order/transactions
[2025-07-23 09:15:46] [INFO] GET /api/order/transactions
[2025-07-23 09:15:47] [INFO] GET /api/order/transactions
[2025-07-23 09:15:49] [INFO] GET /api/order/transactions
[2025-07-23 09:16:07] [INFO] GET /api/order/transactions
[2025-07-23 09:16:09] [INFO] GET /api/order/transactions
[2025-07-23 09:16:10] [INFO] GET /api/order/transactions
[2025-07-23 09:16:11] [INFO] GET /api/order/transactions
[2025-07-23 09:16:13] [INFO] GET /api/order/transactions
[2025-07-23 09:16:14] [INFO] GET /api/order/transactions
[2025-07-23 09:16:16] [INFO] GET /api/order/transactions
[2025-07-23 09:16:19] [INFO] GET /api/order/transactions
[2025-07-23 09:16:21] [INFO] GET /api/order/transactions
[2025-07-23 09:17:50] [INFO] GET /api/order/transactions?page=2&ItemRequest=10
[2025-07-23 09:18:03] [INFO] GET /api/order/transactions?page=3&ItemRequest=10
[2025-07-23 09:18:20] [INFO] GET /api/order/transactions?page=4&ItemRequest=10
[2025-07-23 09:18:35] [INFO] GET /api/order/transactions?page=5&ItemRequest=10
[2025-07-23 09:18:37] [ERROR] An error occured:
[2025-07-23 09:20:24] [INFO] GET /api/order/transactions
[2025-07-23 09:20:26] [INFO] GET /api/order/transactions
[2025-07-23 09:20:27] [INFO] GET /api/order/transactions
[2025-07-23 09:20:29] [INFO] GET /api/order/transactions
[2025-07-23 09:20:30] [INFO] GET /api/order/transactions
[2025-07-23 09:20:31] [INFO] GET /api/order/transactions
[2025-07-23 09:20:33] [INFO] GET /api/order/transactions
[2025-07-23 09:20:34] [INFO] GET /api/order/transactions
[2025-07-23 09:20:36] [INFO] GET /api/order/transactions
[2025-07-23 09:21:44] [INFO] GET /api/order/transactions
[2025-07-23 09:21:45] [INFO] GET /api/order/transactions
[2025-07-23 09:21:46] [INFO] GET /api/order/transactions
[2025-07-23 09:21:48] [INFO] GET /api/order/transactions
[2025-07-23 09:21:49] [INFO] GET /api/order/transactions
[2025-07-23 09:21:51] [INFO] GET /api/order/transactions
[2025-07-23 09:21:52] [INFO] GET /api/order/transactions
[2025-07-23 09:21:54] [INFO] GET /api/order/transactions
[2025-07-23 09:21:55] [INFO] GET /api/order/transactions
[2025-07-23 09:21:57] [INFO] GET /api/order/transactions
[2025-07-23 09:21:58] [INFO] GET /api/order/transactions
[2025-07-23 09:22:00] [INFO] GET /api/order/transactions
[2025-07-23 09:22:01] [INFO] GET /api/order/transactions
[2025-07-23 09:22:02] [INFO] GET /api/order/transactions
[2025-07-23 09:22:04] [INFO] GET /api/order/transactions
[2025-07-23 09:22:05] [INFO] GET /api/order/transactions
[2025-07-23 09:22:07] [INFO] GET /api/order/transactions
[2025-07-23 09:22:08] [INFO] GET /api/order/transactions
[2025-07-23 09:22:18] [INFO] GET /api/order/transactions
[2025-07-23 09:22:20] [INFO] GET /api/order/transactions
[2025-07-23 09:22:21] [INFO] GET /api/order/transactions
[2025-07-23 09:22:23] [INFO] GET /api/order/transactions
[2025-07-23 09:22:24] [INFO] GET /api/order/transactions
[2025-07-23 09:22:26] [INFO] GET /api/order/transactions
[2025-07-23 09:22:27] [INFO] GET /api/order/transactions
[2025-07-23 09:22:28] [INFO] GET /api/order/transactions
[2025-07-23 09:22:30] [INFO] GET /api/order/transactions
[2025-07-23 09:23:25] [INFO] GET /api/order/transactions?page=a365713a-5aec-4364-b655-3e5624e917ef&ItemRequest=10
[2025-07-23 09:23:26] [INFO] GET /api/order/transactions?page=a365713a-5aec-4364-b655-3e5624e917ef&ItemRequest=11
[2025-07-23 09:23:28] [INFO] GET /api/order/transactions?page=a365713a-5aec-4364-b655-3e5624e917ef&ItemRequest=12
[2025-07-23 09:23:29] [INFO] GET /api/order/transactions?page=a365713a-5aec-4364-b655-3e5624e917ef&ItemRequest=13
[2025-07-23 09:23:31] [INFO] GET /api/order/transactions?page=a365713a-5aec-4364-b655-3e5624e917ef&ItemRequest=14
[2025-07-23 09:23:32] [INFO] GET /api/order/transactions?page=a365713a-5aec-4364-b655-3e5624e917ef&ItemRequest=15
[2025-07-23 09:23:34] [INFO] GET /api/order/transactions?page=a365713a-5aec-4364-b655-3e5624e917ef&ItemRequest=16
[2025-07-23 09:23:35] [INFO] GET /api/order/transactions?page=a365713a-5aec-4364-b655-3e5624e917ef&ItemRequest=17
[2025-07-23 09:23:36] [INFO] GET /api/order/transactions?page=a365713a-5aec-4364-b655-3e5624e917ef&ItemRequest=18
[2025-07-23 09:23:38] [INFO] GET /api/order/transactions?page=a365713a-5aec-4364-b655-3e5624e917ef&ItemRequest=19
[2025-07-23 09:23:39] [INFO] GET /api/order/transactions?page=a365713a-5aec-4364-b655-3e5624e917ef&ItemRequest=20
[2025-07-23 09:23:41] [INFO] GET /api/order/transactions?page=a365713a-5aec-4364-b655-3e5624e917ef&ItemRequest=21
[2025-07-23 09:23:42] [INFO] GET /api/order/transactions?page=a365713a-5aec-4364-b655-3e5624e917ef&ItemRequest=22
[2025-07-23 09:23:44] [INFO] GET /api/order/transactions?page=a365713a-5aec-4364-b655-3e5624e917ef&ItemRequest=23
[2025-07-23 09:23:45] [INFO] GET /api/order/transactions?page=a365713a-5aec-4364-b655-3e5624e917ef&ItemRequest=24
[2025-07-23 09:23:47] [INFO] GET /api/order/transactions?page=a365713a-5aec-4364-b655-3e5624e917ef&ItemRequest=25
[2025-07-23 09:23:48] [INFO] GET /api/order/transactions?page=a365713a-5aec-4364-b655-3e5624e917ef&ItemRequest=26
[2025-07-23 09:23:50] [INFO] GET /api/order/transactions?page=a365713a-5aec-4364-b655-3e5624e917ef&ItemRequest=27
[2025-07-23 09:23:52] [INFO] GET /api/order/transactions?page=a365713a-5aec-4364-b655-3e5624e917ef&ItemRequest=28
[2025-07-23 09:23:53] [INFO] GET /api/order/transactions?page=a365713a-5aec-4364-b655-3e5624e917ef&ItemRequest=29
[2025-07-23 09:23:54] [INFO] GET /api/order/transactions?page=a365713a-5aec-4364-b655-3e5624e917ef&ItemRequest=30
[2025-07-23 09:23:56] [INFO] GET /api/order/transactions?page=a365713a-5aec-4364-b655-3e5624e917ef&ItemRequest=31
[2025-07-23 09:23:57] [INFO] GET /api/order/transactions?page=a365713a-5aec-4364-b655-3e5624e917ef&ItemRequest=32
[2025-07-23 09:23:59] [INFO] GET /api/order/transactions?page=a365713a-5aec-4364-b655-3e5624e917ef&ItemRequest=33
[2025-07-23 09:24:00] [INFO] GET /api/order/transactions?page=a365713a-5aec-4364-b655-3e5624e917ef&ItemRequest=34
[2025-07-23 09:24:02] [INFO] GET /api/order/transactions?page=a365713a-5aec-4364-b655-3e5624e917ef&ItemRequest=35
[2025-07-23 09:24:03] [INFO] GET /api/order/transactions?page=a365713a-5aec-4364-b655-3e5624e917ef&ItemRequest=36
[2025-07-23 09:24:05] [INFO] GET /api/order/transactions?page=a365713a-5aec-4364-b655-3e5624e917ef&ItemRequest=37
[2025-07-23 09:24:06] [INFO] GET /api/order/transactions?page=a365713a-5aec-4364-b655-3e5624e917ef&ItemRequest=38
[2025-07-23 09:24:08] [INFO] GET /api/order/transactions?page=a365713a-5aec-4364-b655-3e5624e917ef&ItemRequest=39
[2025-07-23 09:24:09] [INFO] GET /api/order/transactions?page=a365713a-5aec-4364-b655-3e5624e917ef&ItemRequest=40
[2025-07-23 09:24:11] [INFO] GET /api/order/transactions?page=a365713a-5aec-4364-b655-3e5624e917ef&ItemRequest=41
[2025-07-23 09:24:12] [INFO] GET /api/order/transactions?page=a365713a-5aec-4364-b655-3e5624e917ef&ItemRequest=42
[2025-07-23 09:24:14] [INFO] GET /api/order/transactions?page=a365713a-5aec-4364-b655-3e5624e917ef&ItemRequest=43
[2025-07-23 09:24:15] [INFO] GET /api/order/transactions?page=a365713a-5aec-4364-b655-3e5624e917ef&ItemRequest=44
[2025-07-23 09:24:16] [INFO] GET /api/order/transactions?page=a365713a-5aec-4364-b655-3e5624e917ef&ItemRequest=45
[2025-07-23 09:24:18] [INFO] GET /api/order/transactions?page=a365713a-5aec-4364-b655-3e5624e917ef&ItemRequest=46
[2025-07-23 09:24:19] [INFO] GET /api/order/transactions?page=a365713a-5aec-4364-b655-3e5624e917ef&ItemRequest=47
[2025-07-23 09:24:21] [INFO] GET /api/order/transactions?page=a365713a-5aec-4364-b655-3e5624e917ef&ItemRequest=48
[2025-07-23 09:24:22] [INFO] GET /api/order/transactions?page=49&ItemRequest=10
[2025-07-23 09:24:24] [ERROR] An error occured:
[2025-07-23 09:24:25] [INFO] GET /api/order/transactions?page=49&ItemRequest=10
[2025-07-23 09:24:26] [ERROR] An error occured:
[2025-07-23 09:24:28] [INFO] GET /api/order/transactions?page=49&ItemRequest=10
[2025-07-23 09:24:30] [ERROR] An error occured:
[2025-07-23 09:24:34] [INFO] GET /api/order/transactions?page=49&ItemRequest=10
[2025-07-23 09:24:35] [ERROR] An error occured:
[2025-07-23 09:24:35] [INFO] GET /api/order/transactions?page=49&ItemRequest=10
[2025-07-23 09:24:37] [ERROR] An error occured:
[2025-07-23 09:24:38] [INFO] GET /api/order/transactions?page=49&ItemRequest=10
[2025-07-23 09:24:39] [ERROR] An error occured:
[2025-07-23 09:24:41] [INFO] GET /api/order/transactions?page=49&ItemRequest=10
[2025-07-23 09:24:42] [ERROR] An error occured:
[2025-07-23 09:24:46] [INFO] GET /api/order/transactions?page=49&ItemRequest=10
[2025-07-23 09:24:48] [ERROR] An error occured:
[2025-07-23 09:24:48] [INFO] GET /api/order/transactions?page=49&ItemRequest=10
[2025-07-23 09:24:49] [ERROR] An error occured:
[2025-07-23 09:24:50] [INFO] GET /api/order/transactions?page=49&ItemRequest=10
[2025-07-23 09:24:52] [ERROR] An error occured:
[2025-07-23 09:24:54] [INFO] GET /api/order/transactions?page=49&ItemRequest=10
[2025-07-23 09:24:55] [ERROR] An error occured:
[2025-07-23 09:24:59] [INFO] GET /api/order/transactions?page=49&ItemRequest=10
[2025-07-23 09:25:00] [INFO] GET /api/order/getOrders/StoreAdmins
[2025-07-23 09:25:01] [ERROR] An error occured:
[2025-07-23 09:25:01] [INFO] GET /api/order/transactions?page=49&ItemRequest=10
[2025-07-23 09:25:02] [ERROR] An error occured:
[2025-07-23 09:25:03] [INFO] GET /api/order/transactions?page=49&ItemRequest=10
[2025-07-23 09:25:05] [ERROR] An error occured:
[2025-07-23 09:25:07] [INFO] GET /api/order/transactions?page=49&ItemRequest=10
[2025-07-23 09:25:08] [ERROR] An error occured:
[2025-07-23 09:25:12] [INFO] GET /api/order/transactions?page=49&ItemRequest=10
[2025-07-23 09:25:13] [ERROR] An error occured:
[2025-07-23 09:25:13] [INFO] GET /api/order/transactions?page=49&ItemRequest=10
[2025-07-23 09:25:15] [ERROR] An error occured:
[2025-07-23 09:25:16] [INFO] GET /api/order/transactions?page=49&ItemRequest=10
[2025-07-23 09:25:17] [ERROR] An error occured:
[2025-07-23 09:25:19] [INFO] GET /api/order/transactions?page=49&ItemRequest=10
[2025-07-23 09:25:21] [ERROR] An error occured:
[2025-07-23 09:25:25] [INFO] GET /api/order/transactions?page=49&ItemRequest=10
[2025-07-23 09:25:26] [ERROR] An error occured:
[2025-07-23 09:25:26] [INFO] GET /api/order/transactions?page=49&ItemRequest=10
[2025-07-23 09:25:28] [ERROR] An error occured:
[2025-07-23 09:25:29] [INFO] GET /api/order/transactions?page=49&ItemRequest=10
[2025-07-23 09:25:30] [ERROR] An error occured:
[2025-07-23 09:25:32] [INFO] GET /api/order/transactions?page=49&ItemRequest=10
[2025-07-23 09:25:33] [ERROR] An error occured:
[2025-07-23 09:25:38] [INFO] GET /api/order/transactions?page=49&ItemRequest=10
[2025-07-23 09:25:39] [ERROR] An error occured:
[2025-07-23 09:25:39] [INFO] GET /api/order/transactions?page=49&ItemRequest=10
[2025-07-23 09:25:40] [ERROR] An error occured:
[2025-07-23 09:25:41] [INFO] GET /api/order/transactions?page=49&ItemRequest=10
[2025-07-23 09:25:43] [ERROR] An error occured:
[2025-07-23 09:25:45] [INFO] GET /api/order/transactions?page=49&ItemRequest=10
[2025-07-23 09:25:47] [ERROR] An error occured:
[2025-07-23 09:25:51] [INFO] GET /api/order/transactions?page=49&ItemRequest=10
[2025-07-23 09:25:53] [ERROR] An error occured:
[2025-07-23 09:25:54] [INFO] GET /api/order/transactions?page=49&ItemRequest=10
[2025-07-23 09:25:55] [ERROR] An error occured:
[2025-07-23 09:25:56] [INFO] GET /api/order/transactions?page=49&ItemRequest=10
[2025-07-23 09:25:57] [ERROR] An error occured:
[2025-07-23 09:26:00] [INFO] GET /api/order/transactions?page=49&ItemRequest=10
[2025-07-23 09:26:01] [ERROR] An error occured:
[2025-07-23 09:26:05] [INFO] GET /api/order/transactions?page=49&ItemRequest=10
[2025-07-23 09:26:06] [ERROR] An error occured:
[2025-07-23 09:26:07] [INFO] GET /api/order/transactions?page=49&ItemRequest=10
[2025-07-23 09:26:08] [ERROR] An error occured:
[2025-07-23 09:26:09] [INFO] GET /api/order/transactions?page=49&ItemRequest=10
[2025-07-23 09:26:10] [ERROR] An error occured:
[2025-07-23 09:26:12] [INFO] GET /api/order/transactions?page=49&ItemRequest=10
[2025-07-23 09:26:14] [ERROR] An error occured:
[2025-07-23 09:26:18] [INFO] GET /api/order/transactions?page=49&ItemRequest=10
[2025-07-23 09:26:19] [ERROR] An error occured:
[2025-07-23 09:26:19] [INFO] GET /api/order/transactions?page=49&ItemRequest=10
[2025-07-23 09:26:21] [ERROR] An error occured:
[2025-07-23 09:26:22] [INFO] GET /api/order/transactions?page=49&ItemRequest=10
[2025-07-23 09:26:23] [ERROR] An error occured:
[2025-07-23 09:26:25] [INFO] GET /api/order/transactions?page=49&ItemRequest=10
[2025-07-23 09:26:27] [ERROR] An error occured:
[2025-07-23 09:26:28] [INFO] GET /api/order/transactions?page=1&ItemRequest=10
[2025-07-23 09:26:34] [INFO] GET /api/order/transactions?page=1&ItemRequest=10
[2025-07-23 09:28:18] [INFO] GET /api/order/transactions?page=1&ItemRequest=10
[2025-07-23 09:28:38] [INFO] GET /api/order/transactions?page=4&ItemRequest=10
[2025-07-23 09:29:25] [INFO] GET /api/order/transactions?page=1&ItemRequest=10
[2025-07-23 09:29:36] [INFO] GET /api/order/transactions?page=1&ItemRequest=10
[2025-07-23 09:30:37] [INFO] GET /api/order/transactions?page=1&ItemRequest=10
[2025-07-23 09:30:38] [INFO] GET /api/order/transactions?page=1&ItemRequest=10
[2025-07-23 09:30:47] [INFO] GET /api/order/transactions?page=1&ItemRequest=10
[2025-07-23 09:31:05] [INFO] GET /api/order/transactions?page=1&ItemRequest=10
[2025-07-23 09:38:03] [INFO] GET /api/order/transactions?page=1&ItemRequest=10
[2025-07-23 09:38:08] [INFO] GET /api/order/transactions?page=2&ItemRequest=10
[2025-07-23 09:38:12] [INFO] GET /api/order/transactions?page=3&ItemRequest=10
[2025-07-23 09:38:13] [INFO] GET /api/order/transactions?page=4&ItemRequest=10
[2025-07-23 09:38:39] [INFO] GET /api/order/transactions?page=1&ItemRequest=10
[2025-07-23 09:38:41] [INFO] GET /api/order/transactions?page=2&ItemRequest=10
[2025-07-23 09:38:42] [INFO] GET /api/order/transactions?page=3&ItemRequest=10
[2025-07-23 09:38:44] [INFO] GET /api/order/transactions?page=4&ItemRequest=10
[2025-07-23 09:38:48] [INFO] GET /api/order/transactions?page=1&ItemRequest=10
[2025-07-23 09:38:50] [INFO] GET /api/order/transactions?page=2&ItemRequest=10
[2025-07-23 09:38:51] [INFO] GET /api/order/transactions?page=3&ItemRequest=10
[2025-07-23 09:38:53] [INFO] GET /api/order/transactions?page=4&ItemRequest=10
[2025-07-23 09:39:24] [INFO] GET /api/order/transactions?page=1&ItemRequest=10
[2025-07-23 09:39:26] [INFO] GET /api/order/transactions?page=2&ItemRequest=10
[2025-07-23 09:39:27] [INFO] GET /api/order/transactions?page=3&ItemRequest=10
[2025-07-23 09:39:29] [INFO] GET /api/order/transactions?page=4&ItemRequest=10
[2025-07-23 09:39:34] [INFO] GET /api/order/transactions?page=1&ItemRequest=10
[2025-07-23 09:39:36] [INFO] GET /api/order/transactions?page=2&ItemRequest=10
[2025-07-23 09:39:37] [INFO] GET /api/order/transactions?page=3&ItemRequest=10
[2025-07-23 09:39:39] [INFO] GET /api/order/transactions?page=4&ItemRequest=10
[2025-07-23 09:39:42] [INFO] GET /api/order/transactions?page=1&ItemRequest=10
[2025-07-23 09:39:43] [INFO] GET /api/order/transactions?page=2&ItemRequest=10
[2025-07-23 09:39:45] [INFO] GET /api/order/transactions?page=3&ItemRequest=10
[2025-07-23 09:39:46] [INFO] GET /api/order/transactions?page=4&ItemRequest=10
[2025-07-23 09:40:05] [INFO] GET /api/order/transactions?page=1&ItemRequest=10
[2025-07-23 09:40:07] [INFO] GET /api/order/transactions?page=2&ItemRequest=10
[2025-07-23 09:40:08] [INFO] GET /api/order/transactions?page=3&ItemRequest=10
[2025-07-23 09:40:09] [INFO] GET /api/order/transactions?page=4&ItemRequest=10
[2025-07-23 09:40:15] [INFO] GET /api/order/transactions?page=1&ItemRequest=10
[2025-07-23 09:40:16] [INFO] GET /api/order/transactions?page=2&ItemRequest=10
[2025-07-23 09:40:17] [INFO] GET /api/order/transactions?page=3&ItemRequest=10
[2025-07-23 09:40:19] [INFO] GET /api/order/transactions?page=4&ItemRequest=10
[2025-07-23 09:40:25] [INFO] GET /api/order/transactions?page=1&ItemRequest=10
[2025-07-23 09:40:26] [INFO] GET /api/order/transactions?page=2&ItemRequest=10
[2025-07-23 09:40:28] [INFO] GET /api/order/transactions?page=3&ItemRequest=10
[2025-07-23 09:40:29] [INFO] GET /api/order/transactions?page=4&ItemRequest=10
[2025-07-23 09:41:36] [INFO] GET /api/order/transactions?page=1&ItemRequest=10
[2025-07-23 09:41:37] [INFO] GET /api/order/transactions?page=2&ItemRequest=10
[2025-07-23 09:41:39] [INFO] GET /api/order/transactions?page=3&ItemRequest=10
[2025-07-23 09:41:41] [INFO] GET /api/order/transactions?page=4&ItemRequest=10
[2025-07-23 09:41:53] [INFO] GET /api/order/transactions?page=1&ItemRequest=10
[2025-07-23 09:41:55] [INFO] GET /api/order/transactions?page=2&ItemRequest=10
[2025-07-23 09:41:56] [INFO] GET /api/order/transactions?page=3&ItemRequest=10
[2025-07-23 09:41:58] [INFO] GET /api/order/transactions?page=4&ItemRequest=10
[2025-07-23 09:42:32] [INFO] GET /api/order/transactions?page=1&ItemRequest=10
[2025-07-23 09:42:33] [INFO] GET /api/order/transactions?page=2&ItemRequest=10
[2025-07-23 09:42:35] [INFO] GET /api/order/transactions?page=3&ItemRequest=10
[2025-07-23 09:42:36] [INFO] GET /api/order/transactions?page=4&ItemRequest=10
[2025-07-23 09:43:49] [INFO] GET /api/order/transactions?page=1&ItemRequest=10
[2025-07-23 09:43:51] [INFO] GET /api/order/transactions?page=2&ItemRequest=10
[2025-07-23 09:43:52] [INFO] GET /api/order/transactions?page=3&ItemRequest=10
[2025-07-23 09:43:54] [INFO] GET /api/order/transactions?page=4&ItemRequest=10
[2025-07-23 09:44:53] [INFO] GET /api/order/transactions?page=1&ItemRequest=10
[2025-07-23 09:44:55] [INFO] GET /api/order/transactions?page=2&ItemRequest=10
[2025-07-23 09:44:56] [INFO] GET /api/order/transactions?page=3&ItemRequest=10
[2025-07-23 09:44:58] [INFO] GET /api/order/transactions?page=4&ItemRequest=10
[2025-07-23 09:45:20] [INFO] GET /api/order/transactions?page=1&ItemRequest=10
[2025-07-23 09:45:22] [INFO] GET /api/order/transactions?page=2&ItemRequest=10
[2025-07-23 09:45:23] [INFO] GET /api/order/transactions?page=3&ItemRequest=10
[2025-07-23 09:45:25] [INFO] GET /api/order/transactions?page=4&ItemRequest=10
[2025-07-23 09:46:07] [INFO] GET /api/order/transactions?page=1&ItemRequest=10
[2025-07-23 09:46:09] [INFO] GET /api/order/transactions?page=2&ItemRequest=10
[2025-07-23 09:46:10] [INFO] GET /api/order/transactions?page=3&ItemRequest=10
[2025-07-23 09:46:12] [INFO] GET /api/order/transactions?page=4&ItemRequest=10
[2025-07-23 09:49:10] [INFO] GET /api/order/transactions?page=1&ItemRequest=10
[2025-07-23 09:49:13] [INFO] GET /api/order/transactions?page=2&ItemRequest=10
[2025-07-23 09:49:14] [INFO] GET /api/order/transactions?page=3&ItemRequest=10
[2025-07-23 09:49:16] [INFO] GET /api/order/transactions?page=4&ItemRequest=10
[2025-07-23 09:51:15] [INFO] GET /api/order/transactions?page=1&ItemRequest=10
[2025-07-23 09:51:17] [INFO] GET /api/order/transactions?page=2&ItemRequest=10
[2025-07-23 09:51:18] [INFO] GET /api/order/transactions?page=3&ItemRequest=10
[2025-07-23 09:51:20] [INFO] GET /api/order/transactions?page=4&ItemRequest=10
[2025-07-23 09:51:47] [INFO] GET /api/order/transactions?page=1&ItemRequest=10
[2025-07-23 09:51:48] [INFO] GET /api/order/transactions?page=2&ItemRequest=10
[2025-07-23 09:51:50] [INFO] GET /api/order/transactions?page=3&ItemRequest=10
[2025-07-23 09:51:51] [INFO] GET /api/order/transactions?page=4&ItemRequest=10
[2025-07-23 09:51:54] [INFO] GET /api/order/transactions?page=1&ItemRequest=10
[2025-07-23 09:51:56] [INFO] GET /api/order/transactions?page=2&ItemRequest=10
[2025-07-23 09:51:58] [INFO] GET /api/order/transactions?page=3&ItemRequest=10
[2025-07-23 09:51:59] [INFO] GET /api/order/transactions?page=4&ItemRequest=10
[2025-07-23 09:52:03] [INFO] GET /api/order/transactions?page=1&ItemRequest=10
[2025-07-23 09:52:04] [INFO] GET /api/order/transactions?page=2&ItemRequest=10
[2025-07-23 09:52:06] [INFO] GET /api/order/transactions?page=3&ItemRequest=10
[2025-07-23 09:52:07] [INFO] GET /api/order/transactions?page=4&ItemRequest=10
[2025-07-23 09:52:12] [INFO] GET /api/order/transactions?page=1&ItemRequest=10
[2025-07-23 09:52:13] [INFO] GET /api/order/transactions?page=2&ItemRequest=10
[2025-07-23 09:52:15] [INFO] GET /api/order/transactions?page=3&ItemRequest=10
[2025-07-23 09:52:16] [INFO] GET /api/order/transactions?page=4&ItemRequest=10
[2025-07-23 09:52:25] [INFO] GET /api/order/transactions?page=1&ItemRequest=10
[2025-07-23 09:52:26] [INFO] GET /api/order/transactions?page=2&ItemRequest=10
[2025-07-23 09:52:28] [INFO] GET /api/order/transactions?page=3&ItemRequest=10
[2025-07-23 09:52:29] [INFO] GET /api/order/transactions?page=4&ItemRequest=10
[2025-07-23 09:52:39] [INFO] GET /api/order/transactions?page=1&ItemRequest=10
[2025-07-23 09:52:41] [INFO] GET /api/order/transactions?page=2&ItemRequest=10
[2025-07-23 09:52:42] [INFO] GET /api/order/transactions?page=3&ItemRequest=10
[2025-07-23 09:52:44] [INFO] GET /api/order/transactions?page=4&ItemRequest=10
[2025-07-23 09:52:47] [INFO] GET /api/order/transactions?page=1&ItemRequest=10
[2025-07-23 09:52:49] [INFO] GET /api/order/transactions?page=2&ItemRequest=10
[2025-07-23 09:52:50] [INFO] GET /api/order/transactions?page=3&ItemRequest=10
[2025-07-23 09:52:52] [INFO] GET /api/order/transactions?page=4&ItemRequest=10
[2025-07-23 09:52:56] [INFO] GET /api/order/transactions?page=1&ItemRequest=10
[2025-07-23 09:52:58] [INFO] GET /api/order/transactions?page=2&ItemRequest=10
[2025-07-23 09:52:59] [INFO] GET /api/order/transactions?page=3&ItemRequest=10
[2025-07-23 09:53:01] [INFO] GET /api/order/transactions?page=4&ItemRequest=10
[2025-07-23 09:53:33] [INFO] GET /api/order/transactions?page=1&ItemRequest=10
[2025-07-23 09:53:35] [INFO] GET /api/order/transactions?page=2&ItemRequest=10
[2025-07-23 09:53:36] [INFO] GET /api/order/transactions?page=3&ItemRequest=10
[2025-07-23 09:53:38] [INFO] GET /api/order/transactions?page=4&ItemRequest=10
[2025-07-23 09:55:30] [INFO] GET /api/order/transactions?page=1&ItemRequest=10
[2025-07-23 09:55:30] [INFO] GET /api/order/transactions?page=1&ItemRequest=10
[2025-07-23 09:55:32] [INFO] GET /api/order/transactions?page=2&ItemRequest=10
[2025-07-23 09:55:32] [INFO] GET /api/order/transactions?page=2&ItemRequest=10
[2025-07-23 09:55:33] [INFO] GET /api/order/transactions?page=3&ItemRequest=10
[2025-07-23 09:55:34] [INFO] GET /api/order/transactions?page=3&ItemRequest=10
[2025-07-23 09:55:35] [INFO] GET /api/order/transactions?page=4&ItemRequest=10
[2025-07-23 09:55:36] [INFO] GET /api/order/transactions?page=4&ItemRequest=10
[2025-07-23 09:58:43] [INFO] GET /api/order/transactions?page=1&ItemRequest=10
[2025-07-23 09:58:43] [INFO] GET /api/order/transactions?page=1&ItemRequest=10
[2025-07-23 09:58:45] [INFO] GET /api/order/transactions?page=2&ItemRequest=10
[2025-07-23 09:58:45] [INFO] GET /api/order/transactions?page=2&ItemRequest=10
[2025-07-23 09:58:46] [INFO] GET /api/order/transactions?page=3&ItemRequest=10
[2025-07-23 09:58:47] [INFO] GET /api/order/transactions?page=3&ItemRequest=10
[2025-07-23 09:58:48] [INFO] GET /api/order/transactions?page=4&ItemRequest=10
[2025-07-23 09:58:48] [INFO] GET /api/order/transactions?page=4&ItemRequest=10
[2025-07-23 10:00:53] [INFO] GET /api/order/transactions?page=1&ItemRequest=10
[2025-07-23 10:00:54] [INFO] GET /api/order/transactions?page=2&ItemRequest=10
[2025-07-23 10:00:56] [INFO] GET /api/order/transactions?page=3&ItemRequest=10
[2025-07-23 10:00:57] [INFO] GET /api/order/transactions?page=4&ItemRequest=10
[2025-07-23 10:03:25] [INFO] GET /api/order/transactions?page=1&ItemRequest=10
[2025-07-23 10:03:28] [INFO] GET /api/order/transactions?page=2&ItemRequest=10
[2025-07-23 10:03:29] [INFO] GET /api/order/transactions?page=3&ItemRequest=10
[2025-07-23 10:03:31] [INFO] GET /api/order/transactions?page=4&ItemRequest=10
[2025-07-23 10:05:20] [INFO] GET /api/order/transactions?page=1&ItemRequest=10
[2025-07-23 10:05:21] [INFO] GET /api/order/transactions?page=2&ItemRequest=10
[2025-07-23 10:05:23] [INFO] GET /api/order/transactions?page=3&ItemRequest=10
[2025-07-23 10:05:24] [INFO] GET /api/order/transactions?page=4&ItemRequest=10
[2025-07-23 10:07:48] [INFO] GET /api/order/transactions?page=1&ItemRequest=10
[2025-07-23 10:07:50] [INFO] GET /api/order/transactions?page=2&ItemRequest=10
[2025-07-23 10:07:52] [INFO] GET /api/order/transactions?page=3&ItemRequest=10
[2025-07-23 10:07:53] [INFO] GET /api/order/transactions?page=4&ItemRequest=10
[2025-07-23 10:09:30] [INFO] GET /api/order/transactions?page=1&ItemRequest=10
[2025-07-23 10:09:31] [INFO] GET /api/order/transactions?page=2&ItemRequest=10
[2025-07-23 10:09:33] [INFO] GET /api/order/transactions?page=3&ItemRequest=10
[2025-07-23 10:09:34] [INFO] GET /api/order/transactions?page=4&ItemRequest=10
[2025-07-23 10:09:42] [INFO] GET /api/order/transactions?page=1&ItemRequest=10
[2025-07-23 10:09:43] [INFO] GET /api/order/transactions?page=2&ItemRequest=10
[2025-07-23 10:09:45] [INFO] GET /api/order/transactions?page=3&ItemRequest=10
[2025-07-23 10:09:46] [INFO] GET /api/order/transactions?page=4&ItemRequest=10
[2025-07-23 10:17:32] [INFO] GET /api/coupon/getcoupons
[2025-07-23 10:26:33] [INFO] GET /api/order/transactions?page=1&ItemRequest=10
[2025-07-23 10:26:35] [INFO] GET /api/order/getOrders/StoreAdmins
[2025-07-23 10:26:35] [INFO] GET /api/order/transactions?page=2&ItemRequest=10
[2025-07-23 10:26:37] [INFO] GET /api/order/transactions?page=3&ItemRequest=10
[2025-07-23 10:26:39] [INFO] GET /api/order/transactions?page=4&ItemRequest=10
[2025-07-23 10:26:54] [INFO] GET /api/order/transactions?page=1&ItemRequest=10
[2025-07-23 10:26:56] [INFO] GET /api/order/transactions?page=2&ItemRequest=10
[2025-07-23 10:26:57] [INFO] GET /api/order/transactions?page=3&ItemRequest=10
[2025-07-23 10:26:58] [INFO] GET /api/order/transactions?page=4&ItemRequest=10
[2025-07-23 10:27:01] [INFO] GET /api/order/transactions?page=1&ItemRequest=10
[2025-07-23 10:27:03] [INFO] GET /api/order/transactions?page=2&ItemRequest=10
[2025-07-23 10:27:04] [INFO] GET /api/order/transactions?page=3&ItemRequest=10
[2025-07-23 10:27:06] [INFO] GET /api/order/transactions?page=4&ItemRequest=10
[2025-07-23 10:35:42] [INFO] GET /api/order/transactions?page=1&ItemRequest=10
[2025-07-23 10:35:42] [INFO] GET /api/order/getOrders/StoreAdmins
[2025-07-23 11:01:21] [ERROR] Something went wrong, Please try again!
[2025-07-23 11:15:03] [INFO] GET /api/store/getStoresByStoreAdminId
[2025-07-23 11:17:44] [INFO] GET /api/order/transactions?page=1&ItemRequest=10
[2025-07-23 11:17:44] [INFO] GET /api/order/getOrders/StoreAdmins
[2025-07-23 11:17:44] [INFO] GET /api/store/getStoresByStoreAdminId
[2025-07-23 11:25:00] [INFO] GET /api/products/storeAdmin/a365713a-5aec-4364-b655-3e5624e917ef
[2025-07-23 11:25:08] [INFO] GET /api/order/getOrders/StoreAdmins
[2025-07-23 11:28:15] [INFO] POST /api/order/status
[2025-07-23 11:28:17] [INFO] GET /api/order/transactions?page=1&ItemRequest=10
[2025-07-23 11:28:17] [INFO] GET /api/products/storeAdmin/a365713a-5aec-4364-b655-3e5624e917ef
[2025-07-23 11:28:17] [INFO] GET /api/store/getStoresByStoreAdminId
[2025-07-23 11:28:17] [INFO] GET /api/order/getOrders/StoreAdmins
[2025-07-23 11:28:26] [INFO] POST /api/order/status
[2025-07-23 11:28:26] [INFO] GET /api/order/transactions?page=1&ItemRequest=10
[2025-07-23 11:28:26] [INFO] GET /api/products/storeAdmin/a365713a-5aec-4364-b655-3e5624e917ef
[2025-07-23 11:28:26] [INFO] GET /api/order/getOrders/StoreAdmins
[2025-07-23 11:28:26] [INFO] GET /api/store/getStoresByStoreAdminId
[2025-07-23 11:28:37] [INFO] POST /api/order/status
[2025-07-23 11:28:37] [INFO] GET /api/order/transactions?page=1&ItemRequest=10
[2025-07-23 11:28:37] [INFO] GET /api/store/getStoresByStoreAdminId
[2025-07-23 11:28:37] [INFO] GET /api/products/storeAdmin/a365713a-5aec-4364-b655-3e5624e917ef
[2025-07-23 11:28:37] [INFO] GET /api/order/getOrders/StoreAdmins
[2025-07-23 11:28:44] [INFO] POST /api/order/status
[2025-07-23 11:28:45] [INFO] GET /api/order/transactions?page=1&ItemRequest=10
[2025-07-23 11:28:45] [INFO] GET /api/store/getStoresByStoreAdminId
[2025-07-23 11:28:45] [INFO] GET /api/order/getOrders/StoreAdmins
[2025-07-23 11:28:45] [INFO] GET /api/products/storeAdmin/a365713a-5aec-4364-b655-3e5624e917ef
[2025-07-23 11:29:03] [INFO] POST /api/order/status
[2025-07-23 11:29:04] [INFO] GET /api/order/transactions?page=1&ItemRequest=10
[2025-07-23 11:29:04] [INFO] GET /api/order/getOrders/StoreAdmins
[2025-07-23 11:29:04] [INFO] GET /api/products/storeAdmin/a365713a-5aec-4364-b655-3e5624e917ef
[2025-07-23 11:29:04] [INFO] GET /api/store/getStoresByStoreAdminId
[2025-07-23 11:29:15] [INFO] GET /api/order/getOrder/Order-36
[2025-07-23 11:29:29] [INFO] POST /api/order/status
[2025-07-23 11:29:30] [INFO] GET /api/order/getOrder/Order-36
[2025-07-23 11:29:30] [INFO] GET /api/order/getOrders/StoreAdmins
[2025-07-23 11:29:36] [INFO] POST /api/order/status
[2025-07-23 11:29:36] [INFO] GET /api/order/getOrder/Order-36
[2025-07-23 11:29:37] [INFO] GET /api/order/getOrders/StoreAdmins
[2025-07-23 11:29:49] [INFO] GET /api/order/getOrder/Order-36
[2025-07-23 11:30:30] [INFO] GET /api/order/transactions?page=1&ItemRequest=10
[2025-07-23 11:30:36] [INFO] GET /api/order/transactions?page=2&ItemRequest=10
[2025-07-23 11:30:41] [INFO] GET /api/order/transactions?page=3&ItemRequest=10
[2025-07-23 11:30:46] [INFO] GET /api/order/transactions?page=4&ItemRequest=10
[2025-07-23 11:31:55] [INFO] GET /api/products/storeAdmin/a365713a-5aec-4364-b655-3e5624e917ef
[2025-07-23 11:32:10] [INFO] GET /api/products/storeInventory/cab79cae-b6de-4f26-ab9e-08993cc980a2
[2025-07-23 11:32:47] [INFO] PUT /api/storeProducts/updateVariant
[2025-07-23 11:32:48] [INFO] GET /api/products/storeInventory/cab79cae-b6de-4f26-ab9e-08993cc980a2
[2025-07-23 11:35:23] [INFO] GET /api/products/storeInventory/6cd6d2f3-78b2-4664-9af9-03b341e5ca5f
[2025-07-23 11:36:20] [INFO] GET /api/products/storeInventory/994fc536-fac1-4f50-97a8-25e2d8da07da
[2025-07-23 11:36:36] [INFO] PUT /api/storeProducts/updateVariant
[2025-07-23 11:36:37] [INFO] GET /api/products/storeInventory/994fc536-fac1-4f50-97a8-25e2d8da07da
[2025-07-23 11:40:48] [INFO] GET /api/products/storeInventory/cab79cae-b6de-4f26-ab9e-08993cc980a2
[2025-07-23 11:41:31] [INFO] GET /api/products/storeInventory/cab79cae-b6de-4f26-ab9e-08993cc980a2
[2025-07-23 11:41:31] [INFO] GET /api/products/storeInventory/cab79cae-b6de-4f26-ab9e-08993cc980a2
[2025-07-23 11:41:54] [INFO] GET /api/products/storeInventory/af2044ef-2fd2-4a0e-ab5d-5df31688959a
[2025-07-23 11:43:25] [INFO] GET /api/products/storeAdmin/a365713a-5aec-4364-b655-3e5624e917ef
[2025-07-23 11:43:25] [INFO] GET /api/order/getOrders/StoreAdmins
[2025-07-23 11:43:25] [INFO] GET /api/order/transactions?page=1&ItemRequest=10
[2025-07-23 11:43:25] [INFO] GET /api/products/storeInventory/af2044ef-2fd2-4a0e-ab5d-5df31688959a
[2025-07-23 11:44:47] [INFO] GET /api/products/storeInventory/af2044ef-2fd2-4a0e-ab5d-5df31688959a
[2025-07-23 11:44:47] [INFO] GET /api/products/storeAdmin/a365713a-5aec-4364-b655-3e5624e917ef
[2025-07-23 11:44:47] [INFO] GET /api/products/storeInventory/af2044ef-2fd2-4a0e-ab5d-5df31688959a
[2025-07-23 11:44:47] [INFO] GET /api/order/transactions?page=1&ItemRequest=10
[2025-07-23 11:48:01] [INFO] GET /api/products/storeInventory/af2044ef-2fd2-4a0e-ab5d-5df31688959a
[2025-07-23 11:48:01] [INFO] GET /api/products/storeAdmin/a365713a-5aec-4364-b655-3e5624e917ef
[2025-07-23 11:48:01] [INFO] GET /api/order/transactions?page=1&ItemRequest=10
[2025-07-23 11:48:01] [INFO] GET /api/order/getOrders/StoreAdmins
[2025-07-23 11:48:46] [INFO] GET /api/products/storeInventory/cab79cae-b6de-4f26-ab9e-08993cc980a2
[2025-07-23 11:49:57] [INFO] GET /api/products/storeAdmin/a365713a-5aec-4364-b655-3e5624e917ef
[2025-07-23 11:52:28] [INFO] GET /api/products/storeAdmin/a365713a-5aec-4364-b655-3e5624e917ef
[2025-07-23 11:52:28] [INFO] GET /api/order/transactions?page=1&ItemRequest=10
[2025-07-23 11:52:46] [INFO] GET /api/products/storeAdmin/a365713a-5aec-4364-b655-3e5624e917ef
[2025-07-23 11:52:46] [INFO] GET /api/order/transactions?page=1&ItemRequest=10
[2025-07-23 11:52:49] [INFO] GET /api/products/storeInventory/cab79cae-b6de-4f26-ab9e-08993cc980a2
[2025-07-23 11:52:49] [INFO] GET /api/products/storeInventory/cab79cae-b6de-4f26-ab9e-08993cc980a2
[2025-07-23 11:53:14] [INFO] GET /api/products/storeInventory/cab79cae-b6de-4f26-ab9e-08993cc980a2
[2025-07-23 11:53:14] [INFO] GET /api/products/storeInventory/cab79cae-b6de-4f26-ab9e-08993cc980a2
[2025-07-23 11:54:07] [INFO] GET /api/products/storeInventory/cab79cae-b6de-4f26-ab9e-08993cc980a2
[2025-07-23 11:54:07] [INFO] GET /api/order/transactions?page=1&ItemRequest=10
[2025-07-23 11:54:07] [INFO] GET /api/products/storeAdmin/a365713a-5aec-4364-b655-3e5624e917ef
[2025-07-23 11:54:07] [INFO] GET /api/products/storeInventory/cab79cae-b6de-4f26-ab9e-08993cc980a2
[2025-07-23 11:54:07] [INFO] GET /api/order/getOrders/StoreAdmins
[2025-07-23 11:54:25] [INFO] GET /api/products/storeInventory/cab79cae-b6de-4f26-ab9e-08993cc980a2
[2025-07-23 11:54:25] [INFO] GET /api/products/storeInventory/cab79cae-b6de-4f26-ab9e-08993cc980a2
[2025-07-23 11:54:37] [INFO] GET /api/products/storeInventory/cab79cae-b6de-4f26-ab9e-08993cc980a2
[2025-07-23 11:54:37] [INFO] GET /api/products/storeInventory/cab79cae-b6de-4f26-ab9e-08993cc980a2
[2025-07-23 11:54:38] [INFO] GET /api/products/storeInventory/cab79cae-b6de-4f26-ab9e-08993cc980a2
[2025-07-23 11:55:05] [INFO] GET /api/products/storeInventory/cab79cae-b6de-4f26-ab9e-08993cc980a2
[2025-07-23 11:55:05] [INFO] GET /api/products/storeInventory/cab79cae-b6de-4f26-ab9e-08993cc980a2
[2025-07-23 12:08:44] [INFO] PUT /api/storeProducts/updateVariant
[2025-07-23 12:08:46] [INFO] PUT /api/storeProducts/updateVariant
[2025-07-23 12:08:46] [INFO] GET /api/products/storeInventory/cab79cae-b6de-4f26-ab9e-08993cc980a2
[2025-07-23 12:08:48] [INFO] GET /api/products/storeInventory/cab79cae-b6de-4f26-ab9e-08993cc980a2
[2025-07-23 12:09:02] [INFO] GET /api/order/getOrders/StoreAdmins
[2025-07-23 12:09:05] [INFO] GET /api/order/transactions?page=1&ItemRequest=10
[2025-07-23 12:09:08] [INFO] GET /api/order/transactions?page=2&ItemRequest=10
[2025-07-23 12:09:14] [INFO] GET /api/store/getStoresByStoreAdminId
[2025-07-23 12:13:31] [INFO] GET /api/store/getStoresByStoreAdminId
[2025-07-23 12:13:33] [INFO] GET /api/products/storeAdmin/a365713a-5aec-4364-b655-3e5624e917ef
[2025-07-23 12:13:46] [INFO] GET /api/products/storeAdmin/a365713a-5aec-4364-b655-3e5624e917ef
[2025-07-23 12:15:07] [INFO] GET /api/order/getOrders/StoreAdmins
[2025-07-23 12:15:57] [INFO] GET /api/store/getStoresByStoreAdminId
[2025-07-23 12:15:57] [INFO] GET /api/order/transactions?page=1&ItemRequest=10
[2025-07-23 12:15:57] [INFO] GET /api/products/storeAdmin/a365713a-5aec-4364-b655-3e5624e917ef
[2025-07-23 12:16:03] [INFO] GET /api/coupon/getcoupons
[2025-07-23 12:16:04] [INFO] GET /api/order/transactions?page=2&ItemRequest=10
[2025-07-23 12:16:50] [INFO] GET /api/order/transactions?page=1&ItemRequest=10
[2025-07-23 12:16:50] [INFO] GET /api/store/getStoresByStoreAdminId
[2025-07-23 12:16:50] [INFO] GET /api/coupon/getcoupons
[2025-07-23 12:16:50] [INFO] GET /api/order/getOrders/StoreAdmins
[2025-07-23 12:16:50] [INFO] GET /api/products/storeAdmin/a365713a-5aec-4364-b655-3e5624e917ef
[2025-07-23 12:21:41] [INFO] GET /api/store/getStoresByStoreAdminId
[2025-07-23 12:21:41] [INFO] GET /api/products/storeAdmin/a365713a-5aec-4364-b655-3e5624e917ef
[2025-07-23 12:21:41] [INFO] GET /api/order/transactions?page=1&ItemRequest=10
[2025-07-23 12:21:41] [INFO] GET /api/coupon/getcoupons
[2025-07-23 12:22:18] [INFO] GET /api/store/getStoresByStoreAdminId
[2025-07-23 12:22:18] [INFO] GET /api/order/getOrders/StoreAdmins
[2025-07-23 12:22:18] [INFO] GET /api/products/storeAdmin/a365713a-5aec-4364-b655-3e5624e917ef
[2025-07-23 12:22:18] [INFO] GET /api/coupon/getcoupons
[2025-07-23 12:22:18] [INFO] GET /api/order/transactions?page=1&ItemRequest=10
[2025-07-23 12:23:06] [INFO] GET /api/coupon/getcoupons
[2025-07-23 12:23:09] [INFO] GET /api/coupon/getcoupons
[2025-07-23 12:23:53] [INFO] GET /api/coupon/getcoupons
[2025-07-23 12:23:58] [INFO] GET /api/coupon/getcoupons
[2025-07-23 12:24:36] [INFO] GET /api/coupon/getcoupons
[2025-07-23 12:25:47] [INFO] GET /api/coupon/getcoupons
[2025-07-23 12:25:49] [INFO] GET /api/coupon/getcoupons
[2025-07-23 12:26:35] [INFO] GET /api/store/getStoresByStoreAdminId
[2025-07-23 12:26:35] [INFO] GET /api/coupon/getcoupons
[2025-07-23 12:26:35] [INFO] GET /api/order/transactions?page=1&ItemRequest=10
[2025-07-23 12:26:42] [INFO] GET /api/products/storeAdmin/a365713a-5aec-4364-b655-3e5624e917ef
[2025-07-23 12:26:49] [INFO] GET /api/coupon/getcoupons
[2025-07-23 12:58:36] [INFO] GET /api/coupon/getcoupons
[2025-07-23 12:59:05] [INFO] GET /api/coupon/getcoupons
[2025-07-23 12:59:05] [INFO] GET /api/order/transactions?page=1&ItemRequest=10
[2025-07-23 12:59:05] [INFO] GET /api/store/getStoresByStoreAdminId
[2025-07-23 12:59:05] [INFO] GET /api/products/storeAdmin/a365713a-5aec-4364-b655-3e5624e917ef
[2025-07-23 12:59:05] [INFO] GET /api/order/getOrders/StoreAdmins
[2025-07-23 12:59:47] [INFO] GET /api/store/getStoresByStoreAdminId
[2025-07-23 13:01:01] [INFO] GET /api/products/storeAdmin/a365713a-5aec-4364-b655-3e5624e917ef
[2025-07-23 13:01:01] [INFO] GET /api/order/transactions?page=1&ItemRequest=10
[2025-07-23 13:01:01] [INFO] GET /api/store/getStoresByStoreAdminId
[2025-07-23 13:01:01] [INFO] GET /api/coupon/getcoupons
[2025-07-23 13:02:49] [INFO] GET /api/order/transactions?page=1&ItemRequest=10
[2025-07-23 13:02:49] [INFO] GET /api/store/getStoresByStoreAdminId
[2025-07-23 13:02:49] [INFO] GET /api/products/storeAdmin/a365713a-5aec-4364-b655-3e5624e917ef
[2025-07-23 13:02:49] [INFO] GET /api/coupon/getcoupons
[2025-07-23 13:06:32] [INFO] GET /api/store/getStoresByStoreAdminId
[2025-07-23 13:06:32] [INFO] GET /api/coupon/getcoupons
[2025-07-23 13:06:32] [INFO] GET /api/order/transactions?page=1&ItemRequest=10
[2025-07-23 13:06:37] [INFO] GET /api/order/getOrders/StoreAdmins
[2025-07-23 13:06:37] [INFO] GET /api/products/storeAdmin/a365713a-5aec-4364-b655-3e5624e917ef
[2025-07-23 13:09:22] [INFO] GET /api/coupon/getcoupons
[2025-07-23 13:09:58] [INFO] GET /api/coupon/getcoupons
[2025-07-23 13:09:58] [INFO] GET /api/products/storeAdmin/a365713a-5aec-4364-b655-3e5624e917ef
[2025-07-23 13:09:58] [INFO] GET /api/store/getStoresByStoreAdminId
[2025-07-23 13:09:58] [INFO] GET /api/order/transactions?page=1&ItemRequest=10
[2025-07-23 13:10:27] [INFO] GET /api/coupon/getcoupons
[2025-07-23 13:11:48] [INFO] GET /api/coupon/getcoupons
[2025-07-23 13:12:19] [INFO] GET /api/order/transactions?page=1&ItemRequest=10
[2025-07-23 13:12:19] [INFO] GET /api/products/storeAdmin/a365713a-5aec-4364-b655-3e5624e917ef
[2025-07-23 13:12:19] [INFO] GET /api/order/getOrders/StoreAdmins
[2025-07-23 13:12:19] [INFO] GET /api/coupon/getcoupons
[2025-07-23 13:12:19] [INFO] GET /api/store/getStoresByStoreAdminId
[2025-07-23 13:12:55] [INFO] GET /api/products/storeAdmin/a365713a-5aec-4364-b655-3e5624e917ef
[2025-07-23 13:12:55] [INFO] GET /api/store/getStoresByStoreAdminId
[2025-07-23 13:12:55] [INFO] GET /api/coupon/getcoupons
[2025-07-23 13:12:55] [INFO] GET /api/order/transactions?page=1&ItemRequest=10
[2025-07-23 13:14:50] [INFO] GET /api/store/getStoresByStoreAdminId
[2025-07-23 13:14:50] [INFO] GET /api/order/transactions?page=1&ItemRequest=10
[2025-07-23 13:14:50] [INFO] GET /api/products/storeAdmin/a365713a-5aec-4364-b655-3e5624e917ef
[2025-07-23 13:14:50] [INFO] GET /api/coupon/getcoupons
[2025-07-23 13:23:13] [INFO] GET /api/order/transactions?page=1&ItemRequest=10
[2025-07-23 13:23:13] [INFO] GET /api/order/getOrders/StoreAdmins
[2025-07-23 13:23:13] [INFO] GET /api/coupon/getcoupons
[2025-07-23 13:23:13] [INFO] GET /api/store/getStoresByStoreAdminId
[2025-07-23 13:23:13] [INFO] GET /api/products/storeAdmin/a365713a-5aec-4364-b655-3e5624e917ef
[2025-07-23 13:23:39] [INFO] GET /api/coupon/getcoupons
[2025-07-23 13:28:13] [INFO] GET /api/order/transactions?page=1&ItemRequest=10
[2025-07-23 13:28:13] [INFO] GET /api/order/getOrders/StoreAdmins
[2025-07-23 13:28:13] [INFO] GET /api/store/getStoresByStoreAdminId
[2025-07-23 13:28:13] [INFO] GET /api/coupon/getcoupons
[2025-07-23 13:28:13] [INFO] GET /api/products/storeAdmin/a365713a-5aec-4364-b655-3e5624e917ef
[2025-07-23 13:39:28] [INFO] GET /api/store/getStoresByStoreAdminId
[2025-07-23 13:39:28] [INFO] GET /api/order/transactions?page=1&ItemRequest=10
[2025-07-23 13:39:29] [INFO] GET /api/coupon/getcoupons
[2025-07-23 13:39:29] [INFO] GET /api/order/getOrders/StoreAdmins
[2025-07-23 13:39:29] [INFO] GET /api/products/storeAdmin/a365713a-5aec-4364-b655-3e5624e917ef
[2025-07-23 13:41:33] [INFO] GET /api/coupon/getcoupons
[2025-07-23 13:45:59] [ERROR] Something went wrong, Please try again!
[2025-07-23 13:46:18] [ERROR] Something went wrong, Please try again!
[2025-07-23 13:46:30] [INFO] GET /api/statistics
[2025-07-23 13:46:50] [INFO] GET /api/storeAdmin/statistics
[2025-07-23 13:48:43] [INFO] GET /api/products/storeAdmin/a365713a-5aec-4364-b655-3e5624e917ef
[2025-07-23 13:48:43] [INFO] GET /api/store/getStoresByStoreAdminId
[2025-07-23 13:48:43] [INFO] GET /api/order/transactions?page=1&ItemRequest=10
[2025-07-23 13:48:43] [INFO] GET /api/order/getOrders/StoreAdmins
[2025-07-23 13:48:49] [INFO] GET /api/order/getOrders/StoreAdmins
[2025-07-23 13:48:55] [INFO] GET /api/order/getOrders/StoreAdmins
[2025-07-23 13:49:28] [INFO] GET /api/store/getStoresByStoreAdminId
[2025-07-23 13:49:28] [INFO] GET /api/order/transactions?page=1&ItemRequest=10
[2025-07-23 13:49:28] [INFO] GET /api/coupon/getcoupons
[2025-07-23 13:49:28] [INFO] GET /api/products/storeAdmin/a365713a-5aec-4364-b655-3e5624e917ef
[2025-07-23 13:49:28] [INFO] GET /api/store/getStoresByStoreAdminId
[2025-07-23 13:51:30] [INFO] GET /api/order/getOrders/StoreAdmins
[2025-07-23 13:52:16] [INFO] GET /api/store/getStoresByStoreAdminId
[2025-07-23 13:52:16] [INFO] GET /api/products/storeAdmin/a365713a-5aec-4364-b655-3e5624e917ef
[2025-07-23 13:52:16] [INFO] GET /api/store/getStoresByStoreAdminId
[2025-07-23 13:52:16] [INFO] GET /api/order/transactions?page=1&ItemRequest=10
[2025-07-23 13:52:16] [INFO] GET /api/coupon/getcoupons
[2025-07-23 13:52:26] [INFO] GET /api/order/getOrders/StoreAdmins
[2025-07-23 13:53:04] [INFO] GET /api/store/getStoresByStoreAdminId
[2025-07-23 13:53:40] [INFO] GET /api/coupon/getcoupons
[2025-07-23 13:53:40] [INFO] GET /api/order/transactions?page=1&ItemRequest=10
[2025-07-23 13:53:40] [INFO] GET /api/store/getStoresByStoreAdminId
[2025-07-23 13:53:40] [INFO] GET /api/products/storeAdmin/a365713a-5aec-4364-b655-3e5624e917ef
[2025-07-23 13:53:40] [INFO] GET /api/store/getStoresByStoreAdminId
[2025-07-23 13:55:20] [INFO] GET /api/store/getStoresByStoreAdminId
[2025-07-23 13:55:27] [INFO] GET /api/store/getStoresByStoreAdminId
[2025-07-23 13:55:41] [INFO] GET /api/store/getStoresByStoreAdminId
[2025-07-23 13:55:51] [INFO] GET /api/store/getStoresByStoreAdminId
[2025-07-23 13:55:59] [INFO] GET /api/store/getStoresByStoreAdminId
[2025-07-23 13:56:11] [INFO] GET /api/store/getStoresByStoreAdminId
[2025-07-23 13:56:14] [INFO] GET /api/store/getStoresByStoreAdminId
[2025-07-23 13:56:45] [INFO] GET /api/order/getOrders/StoreAdmins
[2025-07-23 13:56:50] [INFO] GET /api/order/getOrders/StoreAdmins
[2025-07-23 13:59:53] [INFO] GET /api/store/getStoresByStoreAdminId
[2025-07-23 13:59:53] [INFO] GET /api/order/transactions?page=1&ItemRequest=10
[2025-07-23 13:59:53] [INFO] GET /api/coupon/getcoupons
[2025-07-23 13:59:53] [INFO] GET /api/store/getStoresByStoreAdminId
[2025-07-23 13:59:53] [INFO] GET /api/order/getOrders/StoreAdmins
[2025-07-23 13:59:54] [INFO] GET /api/products/storeAdmin/a365713a-5aec-4364-b655-3e5624e917ef
[2025-07-23 14:13:26] [INFO] GET /api/coupon/getcoupons
[2025-07-23 14:13:26] [INFO] GET /api/store/getStoresByStoreAdminId
[2025-07-23 14:13:26] [INFO] GET /api/order/getOrders/StoreAdmins
[2025-07-23 14:13:26] [INFO] GET /api/store/getStoresByStoreAdminId
[2025-07-23 14:13:26] [INFO] GET /api/order/transactions?page=1&ItemRequest=10
[2025-07-23 14:13:27] [INFO] GET /api/products/storeAdmin/a365713a-5aec-4364-b655-3e5624e917ef
[2025-07-23 14:13:58] [INFO] GET /api/store/getStoresByStoreAdminId
[2025-07-23 14:14:02] [INFO] GET /api/order/getOrders/StoreAdmins
[2025-07-23 14:14:42] [INFO] GET /api/store/getStoresByStoreAdminId
[2025-07-23 14:15:42] [INFO] GET /api/order/getOrders/StoreAdmins
[2025-07-23 14:16:46] [INFO] GET /api/store/getStoresByStoreAdminId
[2025-07-23 14:16:46] [INFO] GET /api/storeAdmin/statistics
[2025-07-23 14:16:46] [INFO] GET /api/order/transactions?page=1&ItemRequest=10
[2025-07-23 14:16:46] [INFO] GET /api/coupon/getcoupons
[2025-07-23 14:16:46] [INFO] GET /api/order/getOrders/StoreAdmins
[2025-07-23 14:16:47] [INFO] GET /api/products/storeAdmin/a365713a-5aec-4364-b655-3e5624e917ef
[2025-07-23 14:18:31] [INFO] GET /api/storeAdmin/statistics
[2025-07-23 14:18:39] [INFO] GET /api/storeAdmin/statistics
[2025-07-23 14:18:45] [INFO] GET /api/storeAdmin/statistics
[2025-07-23 14:18:58] [INFO] GET /api/storeAdmin/statistics
[2025-07-23 14:19:04] [INFO] GET /api/storeAdmin/statistics
[2025-07-23 14:19:09] [INFO] GET /api/storeAdmin/statistics
[2025-07-23 14:19:16] [INFO] GET /api/storeAdmin/statistics
[2025-07-23 14:19:21] [INFO] GET /api/storeAdmin/statistics
[2025-07-23 14:19:29] [INFO] GET /api/storeAdmin/statistics
[2025-07-23 14:20:01] [INFO] GET /api/coupon/getcoupons
[2025-07-23 14:20:01] [INFO] GET /api/storeAdmin/statistics
[2025-07-23 14:20:01] [INFO] GET /api/store/getStoresByStoreAdminId
[2025-07-23 14:20:01] [INFO] GET /api/order/transactions?page=1&ItemRequest=10
[2025-07-23 14:20:01] [INFO] GET /api/products/storeAdmin/a365713a-5aec-4364-b655-3e5624e917ef
[2025-07-23 14:20:12] [INFO] GET /api/storeAdmin/statistics
[2025-07-23 14:20:38] [INFO] GET /api/order/getOrder/Order-37
[2025-07-23 14:20:59] [INFO] GET /api/order/getOrders/StoreAdmins
[2025-07-23 14:21:06] [INFO] GET /api/storeAdmin/statistics
[2025-07-23 14:22:19] [INFO] GET /api/order/getOrders/StoreAdmins
