[2025-07-29 04:54:20] [ERROR] Something went wrong, Please try again!
[2025-07-29 05:04:22] [INFO] GET /favicon.ico
[2025-07-29 05:14:41] [INFO] GET /
[2025-07-29 05:16:02] [ERROR] Something went wrong, Please try again!
[2025-07-29 05:46:15] [INFO] POST /api/storeAdmin/login
[2025-07-29 05:46:16] [ERROR] An error occured:
[2025-07-29 05:46:30] [INFO] POST /api/storeAdmin/login
[2025-07-29 05:46:30] [ERROR] An error occured:
[2025-07-29 06:24:37] [INFO] POST /api/storeAdmin/signup
[2025-07-29 06:24:38] [ERROR] An error occured:
[2025-07-29 06:24:39] [ERROR] An error occured:
[2025-07-29 06:25:08] [INFO] POST /api/storeAdmin/login
[2025-07-29 06:25:08] [ERROR] An error occured:
[2025-07-29 06:25:10] [INFO] POST /api/storeAdmin/login
[2025-07-29 06:25:10] [ERROR] An error occured:
[2025-07-29 06:41:46] [INFO] POST /api/storeAdmin/login
[2025-07-29 06:41:47] [ERROR] An error occured:
[2025-07-29 13:00:23] [ERROR] Something went wrong, Please try again!
[2025-07-29 13:00:25] [INFO] POST /api/storeAdmin/login
[2025-07-29 13:00:35] [INFO] POST /api/verifyUser
[2025-07-29 13:01:16] [INFO] POST /api/storeAdmin/login
[2025-07-29 13:01:31] [INFO] POST /api/verifyUser
[2025-07-29 13:01:32] [INFO] GET /api/order/getOrders/StoreAdmins
[2025-07-29 13:01:32] [INFO] GET /api/storeAdmin/statistics
[2025-07-29 13:02:05] [INFO] GET /api/store/getStoresByStoreAdminId
[2025-07-29 13:02:09] [INFO] GET /api/store/getStoresByStoreAdminId
[2025-07-29 13:02:09] [INFO] GET /api/order/getOrders/StoreAdmins
[2025-07-29 13:02:09] [INFO] GET /api/storeAdmin/statistics
[2025-07-29 13:05:15] [INFO] GET /api/store/getStoresByStoreAdminId
[2025-07-29 13:06:43] [INFO] GET /api/store/getStoresByStoreAdminId
[2025-07-29 13:06:43] [INFO] GET /api/store/getStoresByStoreAdminId
[2025-07-29 13:06:47] [INFO] GET /api/store/getStoresByStoreAdminId
[2025-07-29 13:08:44] [INFO] GET /api/store/getStoresByStoreAdminId
[2025-07-29 13:08:44] [INFO] GET /api/store/getStoresByStoreAdminId
[2025-07-29 13:12:07] [INFO] GET /api/store/getStoresByStoreAdminId
[2025-07-29 13:12:07] [INFO] GET /api/store/getStoresByStoreAdminId
[2025-07-29 13:12:32] [INFO] GET /api/store/getStoresByStoreAdminId
[2025-07-29 13:12:59] [INFO] GET /api/store/getStoresByStoreAdminId
[2025-07-29 13:13:09] [INFO] GET /api/products/paginated/06c6fc04-3fa8-4f9f-842e-6a4da30ad35f
[2025-07-29 13:14:20] [INFO] GET /api/store/getStoresByStoreAdminId
[2025-07-29 13:14:20] [INFO] GET /api/store/getStoresByStoreAdminId
[2025-07-29 13:15:47] [INFO] GET /api/store/getStoresByStoreAdminId
[2025-07-29 13:15:47] [INFO] GET /api/store/getStoresByStoreAdminId
[2025-07-29 13:15:50] [INFO] GET /api/products/paginated/06c6fc04-3fa8-4f9f-842e-6a4da30ad35f?page=1&limit=10
[2025-07-29 13:16:17] [INFO] GET /api/products/paginated/06c6fc04-3fa8-4f9f-842e-6a4da30ad35f?page=1&limit=10
[2025-07-29 13:16:17] [INFO] GET /api/store/getStoresByStoreAdminId
[2025-07-29 13:16:48] [INFO] GET /api/store/getStoresByStoreAdminId
[2025-07-29 13:16:48] [INFO] GET /api/products/paginated/06c6fc04-3fa8-4f9f-842e-6a4da30ad35f?page=1&limit=10
[2025-07-29 13:17:50] [INFO] GET /api/products/paginated/06c6fc04-3fa8-4f9f-842e-6a4da30ad35f?page=1&limit=10
[2025-07-29 13:17:50] [INFO] GET /api/store/getStoresByStoreAdminId
[2025-07-29 13:17:53] [INFO] GET /api/products/paginated/06c6fc04-3fa8-4f9f-842e-6a4da30ad35f?page=1&limit=10
[2025-07-29 13:17:55] [INFO] GET /api/products/paginated/06c6fc04-3fa8-4f9f-842e-6a4da30ad35f?page=1&limit=10
[2025-07-29 13:18:00] [INFO] GET /api/products/paginated/06c6fc04-3fa8-4f9f-842e-6a4da30ad35f?page=1&limit=10
[2025-07-29 13:18:04] [INFO] GET /api/products/paginated/06c6fc04-3fa8-4f9f-842e-6a4da30ad35f?page=1&limit=10
[2025-07-29 13:18:36] [INFO] GET /api/products/paginated/06c6fc04-3fa8-4f9f-842e-6a4da30ad35f?page=1&limit=10
[2025-07-29 13:19:01] [INFO] GET /api/products/paginated/06c6fc04-3fa8-4f9f-842e-6a4da30ad35f?page=1&limit=10
[2025-07-29 13:21:16] [INFO] GET /api/products/paginated/06c6fc04-3fa8-4f9f-842e-6a4da30ad35f?page=1&limit=10
[2025-07-29 13:21:16] [INFO] GET /api/store/getStoresByStoreAdminId
[2025-07-29 13:21:28] [INFO] GET /api/products/paginated/06c6fc04-3fa8-4f9f-842e-6a4da30ad35f?page=1&limit=10
[2025-07-29 13:21:43] [INFO] GET /api/products/paginated/06c6fc04-3fa8-4f9f-842e-6a4da30ad35f?page=1&limit=10
[2025-07-29 13:24:08] [INFO] GET /api/store/getStoresByStoreAdminId
[2025-07-29 13:24:08] [INFO] GET /api/products/paginated/06c6fc04-3fa8-4f9f-842e-6a4da30ad35f?page=1&limit=10
[2025-07-29 13:25:00] [INFO] GET /api/products/paginated/06c6fc04-3fa8-4f9f-842e-6a4da30ad35f?page=1&limit=10
[2025-07-29 13:25:30] [INFO] GET /api/products/paginated/06c6fc04-3fa8-4f9f-842e-6a4da30ad35f?page=1&limit=10
[2025-07-29 13:25:51] [INFO] GET /api/products/paginated/06c6fc04-3fa8-4f9f-842e-6a4da30ad35f?page=1&limit=10
[2025-07-29 13:26:16] [INFO] GET /api/products/paginated/06c6fc04-3fa8-4f9f-842e-6a4da30ad35f?page=1&limit=10
[2025-07-29 13:26:38] [INFO] GET /api/products/paginated/06c6fc04-3fa8-4f9f-842e-6a4da30ad35f?page=1&limit=10
[2025-07-29 13:27:13] [INFO] GET /api/products/paginated/06c6fc04-3fa8-4f9f-842e-6a4da30ad35f?page=2&limit=10
[2025-07-29 13:27:25] [INFO] GET /api/products/paginated/06c6fc04-3fa8-4f9f-842e-6a4da30ad35f?page=1&limit=10
[2025-07-29 13:27:46] [INFO] GET /api/products/paginated/06c6fc04-3fa8-4f9f-842e-6a4da30ad35f?page=2&limit=10
[2025-07-29 13:28:15] [INFO] GET /api/products/paginated/06c6fc04-3fa8-4f9f-842e-6a4da30ad35f?page=5&limit=10
[2025-07-29 13:28:51] [INFO] GET /api/products/paginated/06c6fc04-3fa8-4f9f-842e-6a4da30ad35f?page=1&limit=10
[2025-07-29 13:28:55] [INFO] GET /api/products/paginated/06c6fc04-3fa8-4f9f-842e-6a4da30ad35f?page=1&limit=100
[2025-07-29 13:30:08] [INFO] GET /api/products/paginated/06c6fc04-3fa8-4f9f-842e-6a4da30ad35f?page=1&limit=100
[2025-07-29 13:30:23] [INFO] GET /api/products/paginated/06c6fc04-3fa8-4f9f-842e-6a4da30ad35f?page=1&limit=10
[2025-07-29 13:31:47] [INFO] GET /api/products/paginated/06c6fc04-3fa8-4f9f-842e-6a4da30ad35f?page=1&limit=10
[2025-07-29 13:33:49] [INFO] GET /api/products/paginated/06c6fc04-3fa8-4f9f-842e-6a4da30ad35f?page=1&limit=10
[2025-07-29 13:33:55] [INFO] GET /api/products/paginated/06c6fc04-3fa8-4f9f-842e-6a4da30ad35f?page=1&limit=10
[2025-07-29 13:34:31] [INFO] GET /api/products/paginated/06c6fc04-3fa8-4f9f-842e-6a4da30ad35f?page=1&limit=10
[2025-07-29 13:34:39] [INFO] GET /api/products/paginated/06c6fc04-3fa8-4f9f-842e-6a4da30ad35f?page=1&limit=10
[2025-07-29 13:34:54] [INFO] GET /api/store/getStoresByStoreAdminId
[2025-07-29 13:34:54] [INFO] GET /api/products/paginated/06c6fc04-3fa8-4f9f-842e-6a4da30ad35f?page=1&limit=10
[2025-07-29 13:35:06] [INFO] GET /api/products/paginated/06c6fc04-3fa8-4f9f-842e-6a4da30ad35f?page=1&limit=10
[2025-07-29 13:36:12] [INFO] GET /api/products/getDetails/06c6fc04-3fa8-4f9f-842e-6a4da30ad35f/cab79cae-b6de-4f26-ab9e-08993cc980a2
[2025-07-29 13:36:24] [INFO] GET /api/products/paginated/06c6fc04-3fa8-4f9f-842e-6a4da30ad35f?page=1&limit=10
[2025-07-29 13:36:42] [INFO] GET /api/products/paginated/06c6fc04-3fa8-4f9f-842e-6a4da30ad35f?page=1&limit=10
[2025-07-29 13:38:35] [INFO] GET /api/products/paginated/06c6fc04-3fa8-4f9f-842e-6a4da30ad35f?page=1&limit=10
[2025-07-29 13:38:58] [INFO] GET /api/products/paginated/06c6fc04-3fa8-4f9f-842e-6a4da30ad35f?page=1&limit=10
[2025-07-29 13:39:06] [INFO] GET /api/products/paginated/06c6fc04-3fa8-4f9f-842e-6a4da30ad35f?page=1&limit=10
[2025-07-29 13:40:16] [INFO] GET /api/products/paginated/06c6fc04-3fa8-4f9f-842e-6a4da30ad35f?page=1&limit=10
[2025-07-29 13:40:32] [INFO] GET /api/products/paginated/06c6fc04-3fa8-4f9f-842e-6a4da30ad35f?page=1&limit=10
[2025-07-29 13:40:51] [INFO] GET /api/products/paginated/06c6fc04-3fa8-4f9f-842e-6a4da30ad35f?page=1&limit=10
[2025-07-29 13:41:49] [INFO] GET /api/products/paginated/06c6fc04-3fa8-4f9f-842e-6a4da30ad35f?page=1&limit=10
[2025-07-29 13:42:15] [INFO] GET /api/products/paginated/06c6fc04-3fa8-4f9f-842e-6a4da30ad35f?page=1&limit=10
[2025-07-29 13:42:30] [INFO] GET /api/products/paginated/06c6fc04-3fa8-4f9f-842e-6a4da30ad35f?page=1&limit=10
[2025-07-29 13:42:35] [INFO] GET /api/products/paginated/06c6fc04-3fa8-4f9f-842e-6a4da30ad35f?page=1&limit=10
[2025-07-29 13:44:09] [INFO] GET /api/products/paginated/06c6fc04-3fa8-4f9f-842e-6a4da30ad35f?page=1&limit=10
[2025-07-29 13:44:09] [INFO] GET /api/store/getStoresByStoreAdminId
[2025-07-29 13:44:18] [INFO] GET /api/products/paginated/06c6fc04-3fa8-4f9f-842e-6a4da30ad35f?page=1&limit=10
[2025-07-29 13:44:47] [INFO] GET /api/products/paginated/06c6fc04-3fa8-4f9f-842e-6a4da30ad35f?page=1&limit=10
[2025-07-29 13:45:22] [INFO] GET /api/store/getStoresByStoreAdminId
[2025-07-29 13:45:22] [INFO] GET /api/products/paginated/06c6fc04-3fa8-4f9f-842e-6a4da30ad35f?page=1&limit=10
[2025-07-29 13:45:22] [INFO] GET /api/products/paginated/06c6fc04-3fa8-4f9f-842e-6a4da30ad35f?page=2&limit=10
[2025-07-29 13:45:25] [INFO] GET /api/products/paginated/06c6fc04-3fa8-4f9f-842e-6a4da30ad35f?page=3&limit=10
[2025-07-29 13:45:28] [INFO] GET /api/products/paginated/06c6fc04-3fa8-4f9f-842e-6a4da30ad35f?page=4&limit=10
[2025-07-29 13:45:31] [INFO] GET /api/products/paginated/06c6fc04-3fa8-4f9f-842e-6a4da30ad35f?page=5&limit=10
[2025-07-29 13:46:35] [INFO] GET /api/products/paginated/06c6fc04-3fa8-4f9f-842e-6a4da30ad35f?page=1&limit=10
[2025-07-29 13:46:37] [INFO] GET /api/products/paginated/06c6fc04-3fa8-4f9f-842e-6a4da30ad35f?page=2&limit=10
[2025-07-29 13:46:38] [INFO] GET /api/products/paginated/06c6fc04-3fa8-4f9f-842e-6a4da30ad35f?page=3&limit=10
[2025-07-29 13:46:40] [INFO] GET /api/products/paginated/06c6fc04-3fa8-4f9f-842e-6a4da30ad35f?page=4&limit=10
[2025-07-29 13:46:41] [INFO] GET /api/products/paginated/06c6fc04-3fa8-4f9f-842e-6a4da30ad35f?page=5&limit=10
[2025-07-29 13:46:49] [INFO] GET /api/products/paginated/06c6fc04-3fa8-4f9f-842e-6a4da30ad35f?page=1&limit=10
[2025-07-29 13:46:50] [INFO] GET /api/products/paginated/06c6fc04-3fa8-4f9f-842e-6a4da30ad35f?page=2&limit=10
[2025-07-29 13:46:52] [INFO] GET /api/products/paginated/06c6fc04-3fa8-4f9f-842e-6a4da30ad35f?page=3&limit=10
[2025-07-29 13:46:53] [INFO] GET /api/products/paginated/06c6fc04-3fa8-4f9f-842e-6a4da30ad35f?page=4&limit=10
[2025-07-29 13:46:55] [INFO] GET /api/products/paginated/06c6fc04-3fa8-4f9f-842e-6a4da30ad35f?page=5&limit=10
[2025-07-29 13:47:18] [INFO] GET /api/products/paginated/06c6fc04-3fa8-4f9f-842e-6a4da30ad35f?page=1&limit=10
[2025-07-29 13:47:19] [INFO] GET /api/products/paginated/06c6fc04-3fa8-4f9f-842e-6a4da30ad35f?page=2&limit=10
[2025-07-29 13:47:21] [INFO] GET /api/products/paginated/06c6fc04-3fa8-4f9f-842e-6a4da30ad35f?page=3&limit=10
[2025-07-29 13:47:23] [INFO] GET /api/products/paginated/06c6fc04-3fa8-4f9f-842e-6a4da30ad35f?page=4&limit=10
[2025-07-29 13:47:26] [INFO] GET /api/products/paginated/06c6fc04-3fa8-4f9f-842e-6a4da30ad35f?page=5&limit=10
[2025-07-29 13:47:34] [INFO] GET /api/products/paginated/06c6fc04-3fa8-4f9f-842e-6a4da30ad35f?page=1&limit=10
[2025-07-29 13:47:36] [INFO] GET /api/products/paginated/06c6fc04-3fa8-4f9f-842e-6a4da30ad35f?page=2&limit=10
[2025-07-29 13:47:38] [INFO] GET /api/products/paginated/06c6fc04-3fa8-4f9f-842e-6a4da30ad35f?page=3&limit=10
[2025-07-29 13:47:39] [INFO] GET /api/products/paginated/06c6fc04-3fa8-4f9f-842e-6a4da30ad35f?page=4&limit=10
[2025-07-29 13:47:41] [INFO] GET /api/products/paginated/06c6fc04-3fa8-4f9f-842e-6a4da30ad35f?page=5&limit=10
[2025-07-29 13:47:44] [INFO] GET /api/products/paginated/06c6fc04-3fa8-4f9f-842e-6a4da30ad35f?page=1&limit=10
[2025-07-29 13:47:45] [INFO] GET /api/products/paginated/06c6fc04-3fa8-4f9f-842e-6a4da30ad35f?page=2&limit=10
[2025-07-29 13:47:48] [INFO] GET /api/products/paginated/06c6fc04-3fa8-4f9f-842e-6a4da30ad35f?page=3&limit=10
[2025-07-29 13:47:49] [INFO] GET /api/products/paginated/06c6fc04-3fa8-4f9f-842e-6a4da30ad35f?page=4&limit=10
[2025-07-29 13:47:50] [INFO] GET /api/products/paginated/06c6fc04-3fa8-4f9f-842e-6a4da30ad35f?page=5&limit=10
[2025-07-29 13:48:22] [INFO] GET /api/products/paginated/06c6fc04-3fa8-4f9f-842e-6a4da30ad35f?page=1&limit=10
[2025-07-29 13:48:22] [INFO] GET /api/store/getStoresByStoreAdminId
[2025-07-29 13:48:25] [INFO] GET /api/products/paginated/06c6fc04-3fa8-4f9f-842e-6a4da30ad35f?page=1&limit=10
[2025-07-29 13:48:30] [INFO] GET /api/products/paginated/06c6fc04-3fa8-4f9f-842e-6a4da30ad35f?page=2&limit=10
[2025-07-29 13:49:58] [INFO] GET /api/store/getStoresByStoreAdminId
[2025-07-29 13:49:58] [INFO] GET /api/products/paginated/06c6fc04-3fa8-4f9f-842e-6a4da30ad35f?page=1&limit=10
[2025-07-29 13:50:02] [INFO] GET /api/products/paginated/06c6fc04-3fa8-4f9f-842e-6a4da30ad35f?page=2&limit=10
[2025-07-29 13:50:05] [INFO] GET /api/products/paginated/06c6fc04-3fa8-4f9f-842e-6a4da30ad35f?page=3&limit=10
[2025-07-29 13:50:08] [INFO] GET /api/products/paginated/06c6fc04-3fa8-4f9f-842e-6a4da30ad35f?page=4&limit=10
[2025-07-29 13:50:11] [INFO] GET /api/products/paginated/06c6fc04-3fa8-4f9f-842e-6a4da30ad35f?page=5&limit=10
[2025-07-29 13:50:19] [INFO] GET /api/products/paginated/06c6fc04-3fa8-4f9f-842e-6a4da30ad35f?page=1&limit=10
[2025-07-29 13:50:21] [INFO] GET /api/products/paginated/06c6fc04-3fa8-4f9f-842e-6a4da30ad35f?page=2&limit=10
[2025-07-29 13:50:22] [INFO] GET /api/products/paginated/06c6fc04-3fa8-4f9f-842e-6a4da30ad35f?page=3&limit=10
[2025-07-29 13:50:35] [INFO] GET /api/store/getStoresByStoreAdminId
[2025-07-29 13:50:35] [INFO] GET /api/products/paginated/06c6fc04-3fa8-4f9f-842e-6a4da30ad35f?page=1&limit=10
[2025-07-29 13:50:59] [INFO] GET /api/products/paginated/06c6fc04-3fa8-4f9f-842e-6a4da30ad35f?page=1&limit=10
[2025-07-29 13:51:01] [INFO] GET /api/products/paginated/06c6fc04-3fa8-4f9f-842e-6a4da30ad35f?page=1&limit=10
[2025-07-29 13:52:18] [INFO] GET /api/getOrders/storeAdmin
[2025-07-29 13:52:32] [INFO] GET /api/orders/getOrders/storeAdmin
[2025-07-29 13:52:48] [INFO] GET /api/orders/getOrders/storeAdmins
[2025-07-29 13:52:58] [INFO] GET /api/order/getOrders/storeAdmins
[2025-07-29 13:53:01] [INFO] GET /api/order/getOrders/storeAdmins
[2025-07-29 13:53:04] [INFO] GET /api/order/getOrders/storeAdmin
[2025-07-29 13:53:27] [INFO] GET /api/order/getOrders/storeAdmin
[2025-07-29 13:53:28] [INFO] GET /api/order/getOrders/storeAdmin
[2025-07-29 13:53:37] [INFO] GET /api/store/getStoresByStoreAdminId
[2025-07-29 13:53:41] [INFO] GET /api/order/getOrders/StoreAdmins
[2025-07-29 13:56:31] [INFO] GET /api/products/storeAdmin/a365713a-5aec-4364-b655-3e5624e917ef
[2025-07-29 13:57:16] [INFO] GET /api/order/getOrders/storeAdmins
[2025-07-29 13:58:17] [INFO] GET /api/order/getOrders/StoreAdmins
[2025-07-29 13:58:45] [INFO] GET /api/order/getOrders/StoreAdmins
[2025-07-29 13:59:36] [INFO] GET /api/order/getOrders/storeAdmins
[2025-07-29 13:59:38] [INFO] GET /api/order/getOrders/storeAdmins
[2025-07-29 14:00:28] [INFO] GET /api/order/transactions?page=1&ItemRequest=10
[2025-07-29 14:01:25] [INFO] GET /api/order/transactions?page=1&ItemRequest=10
[2025-07-29 14:02:47] [INFO] GET /api/order/transactions?page=1&ItemRequest=10
[2025-07-29 14:02:50] [INFO] GET /api/order/getOrders/StoreAdmins
[2025-07-29 14:03:34] [INFO] GET /api/order/getOrders/StoreAdmins
[2025-07-29 14:04:34] [INFO] GET /api/order/getOrders/StoreAdmins
[2025-07-29 14:04:37] [INFO] GET /api/order/getOrders/StoreAdmins
[2025-07-29 14:04:38] [INFO] GET /api/order/getOrders/StoreAdmins
[2025-07-29 14:04:53] [INFO] GET /api/order/getOrders/StoreAdmins
[2025-07-29 14:07:25] [INFO] GET /api/order/getOrders/StoreAdmins
[2025-07-29 14:09:28] [INFO] GET /api/order/getOrders/StoreAdmins
[2025-07-29 14:09:52] [INFO] GET /api/order/getOrders/StoreAdmins
[2025-07-29 14:10:35] [INFO] GET /api/order/getOrders/StoreAdmins
[2025-07-29 14:15:32] [INFO] GET /api/order/getOrders/StoreAdmins
[2025-07-29 14:15:53] [INFO] GET /api/order/getOrders/StoreAdmins
[2025-07-29 14:15:56] [INFO] GET /api/order/getOrders/StoreAdmins
[2025-07-29 14:16:19] [INFO] GET /api/order/getOrders/StoreAdmins
[2025-07-29 14:16:26] [INFO] GET /api/order/getOrders/StoreAdmins
[2025-07-29 14:16:28] [INFO] GET /api/order/getOrders/StoreAdmins
[2025-07-29 14:16:38] [INFO] GET /api/order/getOrders/StoreAdmins
[2025-07-29 14:16:40] [INFO] GET /api/order/getOrders/StoreAdmins
[2025-07-29 14:16:43] [INFO] GET /api/order/getOrders/StoreAdmins
[2025-07-29 14:16:48] [INFO] GET /api/order/getOrders/StoreAdmins
[2025-07-29 14:18:02] [INFO] GET /api/order/getOrders/StoreAdmins
[2025-07-29 14:18:20] [INFO] GET /api/order/getOrders/StoreAdmins
[2025-07-29 14:18:22] [INFO] GET /api/order/getOrders/StoreAdmins
[2025-07-29 14:18:25] [INFO] GET /api/order/getOrders/StoreAdmins
[2025-07-29 14:18:49] [INFO] GET /api/order/getOrders/StoreAdmins
[2025-07-29 14:19:05] [INFO] GET /api/order/getOrders/StoreAdmins
[2025-07-29 14:19:10] [INFO] GET /api/order/getOrders/StoreAdmins
[2025-07-29 14:19:14] [INFO] GET /api/order/getOrders/StoreAdmins
[2025-07-29 14:19:29] [INFO] GET /api/order/getOrders/StoreAdmins
[2025-07-29 14:19:32] [INFO] GET /api/order/getOrders/StoreAdmins
[2025-07-29 14:19:50] [INFO] GET /api/order/getOrders/StoreAdmins
[2025-07-29 14:19:52] [INFO] GET /api/order/getOrders/StoreAdmins
[2025-07-29 14:19:54] [INFO] GET /api/order/getOrders/StoreAdmins
[2025-07-29 14:19:55] [INFO] GET /api/order/getOrders/StoreAdmins
[2025-07-29 14:19:58] [INFO] GET /api/order/getOrders/StoreAdmins
[2025-07-29 14:20:08] [INFO] GET /api/order/getOrders/StoreAdmins
[2025-07-29 14:20:17] [INFO] GET /api/order/getOrders/StoreAdmins
[2025-07-29 14:20:20] [INFO] GET /api/order/getOrders/StoreAdmins
[2025-07-29 14:20:23] [INFO] GET /api/order/getOrders/StoreAdmins
[2025-07-29 14:21:04] [INFO] GET /api/order/getOrders/StoreAdmins
[2025-07-29 14:21:13] [INFO] GET /api/order/getOrders/StoreAdmins
[2025-07-29 14:22:22] [INFO] GET /api/order/getOrders/StoreAdmins
[2025-07-29 14:22:37] [INFO] GET /api/order/getOrders/StoreAdmins
[2025-07-29 14:23:12] [INFO] GET /api/order/getOrders/StoreAdmins
[2025-07-29 14:23:48] [INFO] GET /api/order/getOrders/StoreAdmins
[2025-07-29 14:24:12] [INFO] GET /api/order/getOrders/StoreAdmins
[2025-07-29 14:24:18] [INFO] GET /api/order/getOrders/StoreAdmins
[2025-07-29 14:24:30] [INFO] GET /api/order/getOrders/StoreAdmins
[2025-07-29 14:25:02] [INFO] GET /api/order/getOrders/StoreAdmins
[2025-07-29 14:25:10] [INFO] GET /api/order/getOrders/StoreAdmins
[2025-07-29 14:25:16] [INFO] GET /api/order/getOrders/StoreAdmins
[2025-07-29 14:25:36] [INFO] GET /api/order/getOrders/StoreAdmins
[2025-07-29 14:25:44] [INFO] GET /api/order/getOrders/StoreAdmins
[2025-07-29 14:25:47] [INFO] GET /api/order/getOrders/StoreAdmins
[2025-07-29 14:25:52] [INFO] GET /api/order/getOrders/StoreAdmins
[2025-07-29 14:25:59] [INFO] GET /api/order/getOrders/StoreAdmins
[2025-07-29 14:26:05] [INFO] GET /api/order/getOrders/StoreAdmins
[2025-07-29 14:26:08] [INFO] GET /api/order/getOrders/StoreAdmins
[2025-07-29 14:26:25] [INFO] GET /api/order/getOrders/StoreAdmins
[2025-07-29 14:26:27] [INFO] GET /api/order/getOrders/StoreAdmins
[2025-07-29 14:26:36] [INFO] GET /api/order/getOrders/StoreAdmins
[2025-07-29 14:26:38] [INFO] GET /api/order/getOrders/StoreAdmins
[2025-07-29 14:26:45] [INFO] GET /api/order/getOrders/StoreAdmins
[2025-07-29 14:26:47] [INFO] GET /api/order/getOrders/StoreAdmins
[2025-07-29 14:26:50] [INFO] GET /api/order/getOrders/StoreAdmins
[2025-07-29 14:27:45] [INFO] GET /api/storeAdmin/statistics
[2025-07-29 14:27:45] [INFO] GET /api/order/getOrders/StoreAdmins
[2025-07-29 14:28:05] [INFO] GET /api/order/getOrders/StoreAdmins
[2025-07-29 14:28:20] [INFO] GET /api/storeAdmin/statistics
[2025-07-29 14:28:29] [INFO] GET /api/storeAdmin/statistics
[2025-07-29 14:28:38] [INFO] GET /api/storeAdmin/statistics
[2025-07-29 14:28:43] [INFO] GET /api/storeAdmin/statistics
[2025-07-29 14:28:48] [INFO] GET /api/storeAdmin/statistics
[2025-07-29 14:29:13] [INFO] GET /api/order/getOrders/StoreAdmins
[2025-07-29 14:29:54] [INFO] GET /api/storeAdmin/statistics
[2025-07-29 14:29:54] [INFO] GET /api/order/getOrders/StoreAdmins
[2025-07-29 14:30:09] [INFO] GET /api/storeAdmin/statistics
[2025-07-29 14:30:26] [INFO] GET /api/storeAdmin/statistics
[2025-07-29 14:30:33] [INFO] GET /api/storeAdmin/statistics
[2025-07-29 14:34:18] [INFO] GET /api/storeAdmin/statistics
[2025-07-29 14:34:18] [INFO] GET /api/order/getOrders/StoreAdmins
[2025-07-29 14:34:18] [INFO] GET /api/order/getOrders/StoreAdmins
[2025-07-29 14:34:20] [INFO] GET /api/products/storeAdmin/a365713a-5aec-4364-b655-3e5624e917ef
[2025-07-29 14:35:17] [INFO] GET /api/products/storeAdmin/a365713a-5aec-4364-b655-3e5624e917ef
[2025-07-29 14:35:17] [INFO] GET /api/storeAdmin/statistics
[2025-07-29 14:35:46] [INFO] GET /api/products/storeAdmin/a365713a-5aec-4364-b655-3e5624e917ef
[2025-07-29 14:35:46] [INFO] GET /api/storeAdmin/statistics
[2025-07-29 14:35:55] [INFO] GET /api/storeAdmin/statistics
[2025-07-29 14:35:55] [INFO] GET /api/products/storeAdmin/a365713a-5aec-4364-b655-3e5624e917ef
[2025-07-29 14:36:17] [INFO] GET /api/storeAdmin/statistics
[2025-07-29 14:36:17] [INFO] GET /api/order/getOrders/StoreAdmins
[2025-07-29 14:36:17] [INFO] GET /api/products/storeAdmin/a365713a-5aec-4364-b655-3e5624e917ef
[2025-07-29 14:40:34] [INFO] GET /api/order/getOrders/StoreAdmins
[2025-07-29 14:40:34] [INFO] GET /api/products/storeAdmin/a365713a-5aec-4364-b655-3e5624e917ef
[2025-07-29 14:40:34] [INFO] GET /api/storeAdmin/statistics
[2025-07-29 14:40:44] [INFO] GET /api/products/storeAdmin/a365713a-5aec-4364-b655-3e5624e917ef
[2025-07-29 14:41:10] [INFO] GET /api/storeAdmin/statistics
[2025-07-29 14:41:10] [INFO] GET /api/products/storeAdmin/a365713a-5aec-4364-b655-3e5624e917ef
[2025-07-29 14:41:21] [INFO] GET /api/products/storeAdmin/a365713a-5aec-4364-b655-3e5624e917ef
[2025-07-29 14:41:26] [INFO] GET /api/products/storeAdmin/a365713a-5aec-4364-b655-3e5624e917ef
[2025-07-29 14:41:47] [INFO] GET /api/storeAdmin/statistics
[2025-07-29 14:41:47] [INFO] GET /api/products/storeAdmin/a365713a-5aec-4364-b655-3e5624e917ef
[2025-07-29 14:41:50] [INFO] GET /api/products/storeAdmin/a365713a-5aec-4364-b655-3e5624e917ef
[2025-07-29 14:41:53] [INFO] GET /api/products/storeAdmin/a365713a-5aec-4364-b655-3e5624e917ef
[2025-07-29 14:41:53] [INFO] GET /api/storeAdmin/statistics
[2025-07-29 14:42:34] [INFO] GET /api/storeAdmin/statistics
[2025-07-29 14:42:34] [INFO] GET /api/products/storeAdmin/a365713a-5aec-4364-b655-3e5624e917ef
[2025-07-29 14:42:38] [INFO] GET /api/products/storeAdmin/a365713a-5aec-4364-b655-3e5624e917ef
[2025-07-29 14:42:42] [INFO] GET /api/products/storeAdmin/a365713a-5aec-4364-b655-3e5624e917ef
[2025-07-29 14:42:42] [INFO] GET /api/storeAdmin/statistics
[2025-07-29 14:42:44] [INFO] GET /api/products/storeAdmin/a365713a-5aec-4364-b655-3e5624e917ef
[2025-07-29 14:42:50] [INFO] GET /api/storeAdmin/statistics
[2025-07-29 14:42:50] [INFO] GET /api/products/storeAdmin/a365713a-5aec-4364-b655-3e5624e917ef
[2025-07-29 14:42:52] [INFO] GET /api/products/storeAdmin/a365713a-5aec-4364-b655-3e5624e917ef
[2025-07-29 14:42:55] [INFO] GET /api/products/storeAdmin/a365713a-5aec-4364-b655-3e5624e917ef
[2025-07-29 14:42:55] [INFO] GET /api/storeAdmin/statistics
[2025-07-29 14:43:00] [INFO] GET /api/products/storeAdmin/a365713a-5aec-4364-b655-3e5624e917ef
[2025-07-29 14:43:00] [INFO] GET /api/storeAdmin/statistics
[2025-07-29 14:43:02] [INFO] GET /api/products/storeAdmin/a365713a-5aec-4364-b655-3e5624e917ef
[2025-07-29 14:43:03] [INFO] GET /api/products/storeAdmin/a365713a-5aec-4364-b655-3e5624e917ef
[2025-07-29 14:43:37] [INFO] GET /api/storeAdmin/statistics
[2025-07-29 14:43:37] [INFO] GET /api/products/storeAdmin/a365713a-5aec-4364-b655-3e5624e917ef
[2025-07-29 14:43:39] [INFO] GET /api/products/storeAdmin/a365713a-5aec-4364-b655-3e5624e917ef
[2025-07-29 14:43:41] [INFO] GET /api/products/storeAdmin/a365713a-5aec-4364-b655-3e5624e917ef
[2025-07-29 14:43:41] [INFO] GET /api/storeAdmin/statistics
[2025-07-29 14:43:43] [INFO] GET /api/products/storeAdmin/a365713a-5aec-4364-b655-3e5624e917ef
[2025-07-29 14:43:46] [INFO] GET /api/products/storeAdmin/a365713a-5aec-4364-b655-3e5624e917ef
[2025-07-29 14:43:46] [INFO] GET /api/storeAdmin/statistics
[2025-07-29 14:43:48] [INFO] GET /api/products/storeAdmin/a365713a-5aec-4364-b655-3e5624e917ef
[2025-07-29 14:43:51] [INFO] GET /api/products/storeAdmin/a365713a-5aec-4364-b655-3e5624e917ef
[2025-07-29 14:43:51] [INFO] GET /api/storeAdmin/statistics
[2025-07-29 14:43:52] [INFO] GET /api/products/storeAdmin/a365713a-5aec-4364-b655-3e5624e917ef
[2025-07-29 14:43:58] [INFO] GET /api/storeAdmin/statistics
[2025-07-29 14:43:58] [INFO] GET /api/products/storeAdmin/a365713a-5aec-4364-b655-3e5624e917ef
[2025-07-29 14:43:59] [INFO] GET /api/products/storeAdmin/a365713a-5aec-4364-b655-3e5624e917ef
[2025-07-29 14:44:08] [INFO] GET /api/storeAdmin/statistics
[2025-07-29 14:44:08] [INFO] GET /api/products/storeAdmin/a365713a-5aec-4364-b655-3e5624e917ef
[2025-07-29 14:44:28] [INFO] GET /api/products/storeAdmin/a365713a-5aec-4364-b655-3e5624e917ef
[2025-07-29 14:44:28] [INFO] GET /api/storeAdmin/statistics
[2025-07-29 14:44:36] [INFO] GET /api/storeAdmin/statistics
[2025-07-29 14:44:36] [INFO] GET /api/products/storeAdmin/a365713a-5aec-4364-b655-3e5624e917ef
[2025-07-29 14:44:42] [INFO] GET /api/products/storeAdmin/a365713a-5aec-4364-b655-3e5624e917ef
[2025-07-29 14:44:42] [INFO] GET /api/storeAdmin/statistics
[2025-07-29 14:44:46] [INFO] GET /api/products/storeAdmin/a365713a-5aec-4364-b655-3e5624e917ef
[2025-07-29 14:44:46] [INFO] GET /api/storeAdmin/statistics
[2025-07-29 14:44:50] [INFO] GET /api/products/storeAdmin/a365713a-5aec-4364-b655-3e5624e917ef
[2025-07-29 14:44:50] [INFO] GET /api/storeAdmin/statistics
[2025-07-29 14:45:36] [INFO] GET /api/storeAdmin/statistics
[2025-07-29 14:45:36] [INFO] GET /api/products/storeAdmin/a365713a-5aec-4364-b655-3e5624e917ef
[2025-07-29 14:45:38] [INFO] GET /api/products/storeAdmin/a365713a-5aec-4364-b655-3e5624e917ef
[2025-07-29 14:45:54] [INFO] GET /api/products/storeAdmin/a365713a-5aec-4364-b655-3e5624e917ef
[2025-07-29 14:45:54] [INFO] GET /api/storeAdmin/statistics
[2025-07-29 14:46:05] [INFO] GET /api/products/storeAdmin/a365713a-5aec-4364-b655-3e5624e917ef
[2025-07-29 14:46:05] [INFO] GET /api/storeAdmin/statistics
[2025-07-29 14:46:12] [INFO] GET /api/storeAdmin/statistics
[2025-07-29 14:46:12] [INFO] GET /api/products/storeAdmin/a365713a-5aec-4364-b655-3e5624e917ef
[2025-07-29 14:46:14] [INFO] GET /api/products/storeAdmin/a365713a-5aec-4364-b655-3e5624e917ef
[2025-07-29 14:46:18] [INFO] GET /api/products/storeAdmin/a365713a-5aec-4364-b655-3e5624e917ef
[2025-07-29 14:46:18] [INFO] GET /api/storeAdmin/statistics
[2025-07-29 14:46:20] [INFO] GET /api/products/storeAdmin/a365713a-5aec-4364-b655-3e5624e917ef
[2025-07-29 14:46:24] [INFO] GET /api/products/storeAdmin/a365713a-5aec-4364-b655-3e5624e917ef
[2025-07-29 14:46:24] [INFO] GET /api/storeAdmin/statistics
[2025-07-29 14:46:36] [INFO] GET /api/products/storeAdmin/a365713a-5aec-4364-b655-3e5624e917ef
[2025-07-29 14:46:36] [INFO] GET /api/storeAdmin/statistics
[2025-07-29 14:46:37] [INFO] GET /api/products/storeAdmin/a365713a-5aec-4364-b655-3e5624e917ef
[2025-07-29 14:46:40] [INFO] GET /api/storeAdmin/statistics
[2025-07-29 14:46:40] [INFO] GET /api/products/storeAdmin/a365713a-5aec-4364-b655-3e5624e917ef
[2025-07-29 14:46:44] [INFO] GET /api/products/storeAdmin/a365713a-5aec-4364-b655-3e5624e917ef
[2025-07-29 14:46:44] [INFO] GET /api/storeAdmin/statistics
[2025-07-29 14:46:45] [INFO] GET /api/products/storeAdmin/a365713a-5aec-4364-b655-3e5624e917ef
[2025-07-29 14:46:51] [INFO] GET /api/products/storeAdmin/a365713a-5aec-4364-b655-3e5624e917ef
[2025-07-29 14:47:20] [INFO] GET /api/storeAdmin/statistics
[2025-07-29 14:47:20] [INFO] GET /api/products/storeAdmin/a365713a-5aec-4364-b655-3e5624e917ef
[2025-07-29 14:47:24] [INFO] GET /api/order/getOrders/StoreAdmins
[2025-07-29 14:47:42] [INFO] GET /api/storeAdmin/statistics
[2025-07-29 14:47:42] [INFO] GET /api/products/storeAdmin/a365713a-5aec-4364-b655-3e5624e917ef
[2025-07-29 14:47:43] [INFO] GET /api/products/storeAdmin/a365713a-5aec-4364-b655-3e5624e917ef
[2025-07-29 14:52:43] [INFO] GET /api/storeAdmin/statistics
[2025-07-29 14:52:43] [INFO] GET /api/order/getOrders/StoreAdmins
[2025-07-29 14:52:54] [INFO] GET /api/products/storeAdmin/a365713a-5aec-4364-b655-3e5624e917ef
[2025-07-29 14:52:54] [INFO] GET /api/storeAdmin/statistics
[2025-07-29 14:52:57] [INFO] GET /api/store/getStoresByStoreAdminId
[2025-07-29 14:56:10] [INFO] GET /api/storeAdmin/statistics
[2025-07-29 14:56:10] [INFO] GET /api/store/getStoresByStoreAdminId
[2025-07-29 14:56:10] [INFO] GET /api/order/getOrders/StoreAdmins
[2025-07-29 14:56:13] [INFO] GET /api/store/getStoresByStoreAdminId
[2025-07-29 14:56:21] [INFO] GET /api/store/getStoresByStoreAdminId
[2025-07-29 14:56:21] [INFO] GET /api/storeAdmin/statistics
[2025-07-29 14:57:08] [INFO] GET /api/products/storeAdmin/a365713a-5aec-4364-b655-3e5624e917ef
[2025-07-29 14:57:08] [INFO] GET /api/storeAdmin/statistics
[2025-07-29 14:57:09] [INFO] GET /api/order/getOrders/StoreAdmins
[2025-07-29 14:58:03] [INFO] GET /api/storeAdmin/statistics
[2025-07-29 14:58:03] [INFO] GET /api/order/getOrders/StoreAdmins
[2025-07-29 14:58:13] [INFO] GET /api/order/getOrders/StoreAdmins
[2025-07-29 14:58:13] [INFO] GET /api/storeAdmin/statistics
[2025-07-29 14:58:18] [INFO] GET /api/order/getOrders/StoreAdmins
[2025-07-29 16:55:08] [ERROR] Something went wrong, Please try again!
[2025-07-29 16:55:44] [INFO] GET /
[2025-07-29 16:55:45] [INFO] GET /favicon.ico
[2025-07-29 17:03:44] [INFO] GET /api/order/getOrders/StoreAdmins
[2025-07-29 17:03:44] [INFO] GET /api/storeAdmin/statistics
[2025-07-29 17:03:44] [INFO] GET /api/order/getOrders/StoreAdmins
[2025-07-29 17:08:37] [ERROR] Something went wrong, Please try again!
[2025-07-29 17:30:01] [ERROR] Something went wrong, Please try again!
[2025-07-29 17:31:31] [ERROR] Something went wrong, Please try again!
[2025-07-29 17:31:56] [ERROR] Something went wrong, Please try again!
