[2025-07-21 15:40:08] [ERROR] Something went wrong, Please try again!
[2025-07-21 15:40:31] [ERROR] Something went wrong, Please try again!
[2025-07-21 15:40:33] [ERROR] Something went wrong, Please try again!
[2025-07-21 15:41:19] [INFO] POST /api/store/create
[2025-07-21 15:41:37] [INFO] POST /api/storeAdmin/login
[2025-07-21 15:41:47] [INFO] POST /api/verifyotp
[2025-07-21 15:42:38] [INFO] POST /api/verifyUser
[2025-07-21 15:43:28] [INFO] POST /api/store/create
[2025-07-21 15:43:48] [INFO] POST /api/store/create
[2025-07-21 15:44:30] [INFO] POST /api/store/create
[2025-07-21 15:45:21] [INFO] POST /api/store/create
[2025-07-21 15:46:12] [INFO] POST /api/store/create
[2025-07-21 15:46:35] [INFO] POST /api/store/create
[2025-07-21 15:47:20] [INFO] POST /api/store/create
[2025-07-21 15:47:50] [INFO] POST /api/store/create
[2025-07-21 15:48:22] [INFO] POST /api/store/create
[2025-07-21 15:49:56] [INFO] POST /api/store/create
[2025-07-21 15:51:43] [INFO] GET /api/store/getStoresByStoreAdminId
[2025-07-21 15:52:00] [INFO] GET /api/store/getStoresByStoreAdminId
[2025-07-21 15:54:59] [INFO] GET /api/store/getStoresByStoreAdminId
[2025-07-21 15:56:41] [INFO] GET /api/store/getStoresByStoreAdminId
[2025-07-21 15:58:11] [INFO] GET /api/store/getStoresByStoreAdminId
[2025-07-21 15:59:10] [INFO] GET /api/store/getStoresByStoreAdminId
[2025-07-21 16:00:15] [INFO] GET /api/store/getStoresByStoreAdminId
[2025-07-21 16:00:28] [INFO] GET /api/store/getStoresByStoreAdminId
[2025-07-21 16:05:51] [INFO] GET /api/store/getStoresByStoreAdminId
