[2025-07-28 05:34:20] [ERROR] Something went wrong, Please try again!
[2025-07-28 05:56:35] [INFO] POST /api/storeAdmin/login
[2025-07-28 05:56:45] [INFO] POST /api/verifyUser
[2025-07-28 05:56:46] [INFO] GET /api/order/getOrders/StoreAdmins
[2025-07-28 05:56:46] [INFO] GET /api/storeAdmin/statistics
[2025-07-28 05:57:01] [INFO] GET /api/coupon/getcoupons
[2025-07-28 05:57:05] [INFO] GET /api/order/transactions?page=1&ItemRequest=10
[2025-07-28 05:57:08] [INFO] GET /api/order/transactions?page=2&ItemRequest=10
[2025-07-28 05:57:10] [INFO] GET /api/order/transactions?page=3&ItemRequest=10
[2025-07-28 05:57:13] [INFO] GET /api/order/transactions?page=4&ItemRequest=10
[2025-07-28 05:57:33] [INFO] GET /api/store/getStoresByStoreAdminId
[2025-07-28 05:57:36] [INFO] GET /api/store/getStoresByStoreAdminId
[2025-07-28 05:57:45] [INFO] GET /api/store/getStoresByStoreAdminId
[2025-07-28 05:57:45] [INFO] GET /api/order/getOrders/StoreAdmins
[2025-07-28 05:57:45] [INFO] GET /api/coupon/getcoupons
[2025-07-28 05:57:45] [INFO] GET /api/storeAdmin/statistics
[2025-07-28 05:57:45] [INFO] GET /api/order/transactions?page=1&ItemRequest=10
[2025-07-28 05:57:47] [INFO] GET /api/order/transactions?page=2&ItemRequest=10
[2025-07-28 05:57:49] [INFO] GET /api/order/transactions?page=3&ItemRequest=10
[2025-07-28 05:57:50] [INFO] GET /api/order/transactions?page=4&ItemRequest=10
[2025-07-28 06:00:28] [ERROR] Something went wrong, Please try again!
[2025-07-28 06:00:33] [ERROR] Something went wrong, Please try again!
[2025-07-28 06:00:36] [ERROR] Something went wrong, Please try again!
[2025-07-28 06:00:39] [ERROR] Something went wrong, Please try again!
[2025-07-28 06:00:42] [ERROR] Something went wrong, Please try again!
[2025-07-28 06:00:57] [ERROR] Something went wrong, Please try again!
[2025-07-28 06:01:22] [ERROR] Something went wrong, Please try again!
[2025-07-28 06:03:12] [ERROR] Something went wrong, Please try again!
[2025-07-28 06:03:17] [ERROR] Something went wrong, Please try again!
[2025-07-28 06:07:48] [ERROR] Something went wrong, Please try again!
[2025-07-28 06:09:37] [ERROR] Something went wrong, Please try again!
[2025-07-28 06:09:40] [ERROR] Something went wrong, Please try again!
[2025-07-28 06:09:56] [ERROR] Something went wrong, Please try again!
[2025-07-28 06:10:02] [ERROR] Something went wrong, Please try again!
[2025-07-28 06:10:04] [ERROR] Something went wrong, Please try again!
[2025-07-28 06:10:13] [ERROR] Something went wrong, Please try again!
[2025-07-28 06:10:20] [ERROR] Something went wrong, Please try again!
[2025-07-28 06:10:27] [ERROR] Something went wrong, Please try again!
[2025-07-28 06:11:03] [ERROR] Something went wrong, Please try again!
[2025-07-28 06:11:04] [ERROR] Something went wrong, Please try again!
[2025-07-28 06:11:06] [ERROR] Something went wrong, Please try again!
[2025-07-28 06:11:07] [ERROR] Something went wrong, Please try again!
[2025-07-28 06:11:15] [ERROR] Something went wrong, Please try again!
[2025-07-28 06:11:17] [ERROR] Something went wrong, Please try again!
[2025-07-28 06:11:20] [ERROR] Something went wrong, Please try again!
[2025-07-28 06:11:29] [INFO] GET /api/order/getOrders/StoreAdmins
[2025-07-28 06:11:29] [INFO] GET /api/coupon/getcoupons
[2025-07-28 06:11:29] [INFO] GET /api/storeAdmin/statistics
[2025-07-28 06:11:29] [INFO] GET /api/store/getStoresByStoreAdminId
[2025-07-28 06:11:29] [INFO] GET /api/order/transactions?page=1&ItemRequest=10
[2025-07-28 06:11:32] [INFO] GET /api/order/transactions?page=2&ItemRequest=10
[2025-07-28 06:11:33] [INFO] GET /api/order/transactions?page=3&ItemRequest=10
[2025-07-28 06:11:35] [INFO] GET /api/order/getOrders/StoreAdmins
[2025-07-28 06:11:35] [INFO] GET /api/order/transactions?page=1&ItemRequest=10
[2025-07-28 06:11:35] [INFO] GET /api/coupon/getcoupons
[2025-07-28 06:11:35] [INFO] GET /api/storeAdmin/statistics
[2025-07-28 06:11:35] [INFO] GET /api/store/getStoresByStoreAdminId
[2025-07-28 06:11:35] [INFO] GET /api/order/transactions?page=4&ItemRequest=10
[2025-07-28 06:11:36] [INFO] GET /api/order/transactions?page=2&ItemRequest=10
[2025-07-28 06:11:37] [INFO] GET /api/order/transactions?page=3&ItemRequest=10
[2025-07-28 06:11:39] [INFO] GET /api/order/transactions?page=4&ItemRequest=10
[2025-07-28 06:11:41] [INFO] GET /api/order/getOrders/StoreAdmins
[2025-07-28 06:11:41] [INFO] GET /api/coupon/getcoupons
[2025-07-28 06:11:41] [INFO] GET /api/order/transactions?page=1&ItemRequest=10
[2025-07-28 06:11:41] [INFO] GET /api/storeAdmin/statistics
[2025-07-28 06:11:41] [INFO] GET /api/store/getStoresByStoreAdminId
[2025-07-28 06:11:42] [INFO] GET /api/order/transactions?page=2&ItemRequest=10
[2025-07-28 06:11:43] [INFO] GET /api/order/transactions?page=3&ItemRequest=10
[2025-07-28 06:11:45] [INFO] GET /api/order/transactions?page=4&ItemRequest=10
[2025-07-28 06:11:55] [INFO] PUT /api/store/update
[2025-07-28 06:11:55] [INFO] GET /api/order/getOrders/StoreAdmins
[2025-07-28 06:11:55] [INFO] GET /api/storeAdmin/statistics
[2025-07-28 06:11:55] [INFO] GET /api/order/transactions?page=1&ItemRequest=10
[2025-07-28 06:11:55] [INFO] GET /api/coupon/getcoupons
[2025-07-28 06:11:55] [INFO] GET /api/store/getStoresByStoreAdminId
[2025-07-28 06:11:56] [INFO] GET /api/order/getOrders/StoreAdmins
[2025-07-28 06:11:56] [INFO] GET /api/storeAdmin/statistics
[2025-07-28 06:11:56] [INFO] GET /api/coupon/getcoupons
[2025-07-28 06:11:56] [INFO] GET /api/order/transactions?page=1&ItemRequest=10
[2025-07-28 06:11:57] [INFO] GET /api/store/getStoresByStoreAdminId
[2025-07-28 06:11:57] [INFO] GET /api/order/transactions?page=2&ItemRequest=10
[2025-07-28 06:11:58] [INFO] GET /api/order/transactions?page=2&ItemRequest=10
[2025-07-28 06:11:58] [INFO] GET /api/order/transactions?page=3&ItemRequest=10
[2025-07-28 06:11:59] [INFO] GET /api/order/transactions?page=3&ItemRequest=10
[2025-07-28 06:12:00] [INFO] GET /api/order/transactions?page=4&ItemRequest=10
[2025-07-28 06:12:01] [INFO] GET /api/order/transactions?page=4&ItemRequest=10
[2025-07-28 06:12:15] [INFO] GET /api/store/getStoresByStoreAdminId
[2025-07-28 06:12:17] [INFO] GET /api/storeAdmin/statistics
[2025-07-28 06:12:17] [INFO] GET /api/order/getOrders/StoreAdmins
[2025-07-28 06:12:17] [INFO] GET /api/coupon/getcoupons
[2025-07-28 06:12:17] [INFO] GET /api/order/transactions?page=1&ItemRequest=10
[2025-07-28 06:12:17] [INFO] GET /api/store/getStoresByStoreAdminId
[2025-07-28 06:12:18] [INFO] GET /api/order/transactions?page=2&ItemRequest=10
[2025-07-28 06:12:19] [INFO] GET /api/order/transactions?page=3&ItemRequest=10
[2025-07-28 06:12:21] [INFO] GET /api/order/transactions?page=4&ItemRequest=10
[2025-07-28 06:12:26] [INFO] PUT /api/store/update
[2025-07-28 06:12:27] [INFO] GET /api/order/getOrders/StoreAdmins
[2025-07-28 06:12:27] [INFO] GET /api/storeAdmin/statistics
[2025-07-28 06:12:27] [INFO] GET /api/coupon/getcoupons
[2025-07-28 06:12:27] [INFO] GET /api/order/transactions?page=1&ItemRequest=10
[2025-07-28 06:12:27] [INFO] GET /api/store/getStoresByStoreAdminId
[2025-07-28 06:12:27] [INFO] GET /api/order/getOrders/StoreAdmins
[2025-07-28 06:12:27] [INFO] GET /api/storeAdmin/statistics
[2025-07-28 06:12:28] [INFO] GET /api/coupon/getcoupons
[2025-07-28 06:12:28] [INFO] GET /api/order/transactions?page=1&ItemRequest=10
[2025-07-28 06:12:28] [INFO] GET /api/store/getStoresByStoreAdminId
[2025-07-28 06:12:28] [INFO] GET /api/order/transactions?page=2&ItemRequest=10
[2025-07-28 06:12:29] [INFO] GET /api/order/transactions?page=2&ItemRequest=10
[2025-07-28 06:12:30] [INFO] GET /api/order/transactions?page=3&ItemRequest=10
[2025-07-28 06:12:31] [INFO] GET /api/order/transactions?page=3&ItemRequest=10
[2025-07-28 06:12:31] [INFO] GET /api/order/transactions?page=4&ItemRequest=10
[2025-07-28 06:12:32] [INFO] GET /api/order/transactions?page=4&ItemRequest=10
[2025-07-28 06:12:47] [INFO] GET /api/store/getStoresByStoreAdminId
[2025-07-28 06:12:52] [INFO] GET /api/order/getOrders/StoreAdmins
[2025-07-28 06:12:52] [INFO] GET /api/coupon/getcoupons
[2025-07-28 06:12:52] [INFO] GET /api/storeAdmin/statistics
[2025-07-28 06:12:52] [INFO] GET /api/order/transactions?page=1&ItemRequest=10
[2025-07-28 06:12:53] [INFO] GET /api/store/getStoresByStoreAdminId
[2025-07-28 06:12:54] [INFO] GET /api/order/transactions?page=2&ItemRequest=10
[2025-07-28 06:12:55] [INFO] GET /api/order/transactions?page=3&ItemRequest=10
[2025-07-28 06:12:57] [INFO] GET /api/order/transactions?page=4&ItemRequest=10
[2025-07-28 06:13:02] [INFO] PUT /api/store/update
[2025-07-28 06:13:02] [INFO] GET /api/order/getOrders/StoreAdmins
[2025-07-28 06:13:02] [INFO] GET /api/order/transactions?page=1&ItemRequest=10
[2025-07-28 06:13:02] [INFO] GET /api/store/getStoresByStoreAdminId
[2025-07-28 06:13:02] [INFO] GET /api/storeAdmin/statistics
[2025-07-28 06:13:02] [INFO] GET /api/coupon/getcoupons
[2025-07-28 06:13:03] [INFO] GET /api/order/getOrders/StoreAdmins
[2025-07-28 06:13:03] [INFO] GET /api/storeAdmin/statistics
[2025-07-28 06:13:03] [INFO] GET /api/coupon/getcoupons
[2025-07-28 06:13:03] [INFO] GET /api/order/transactions?page=1&ItemRequest=10
[2025-07-28 06:13:04] [INFO] GET /api/store/getStoresByStoreAdminId
[2025-07-28 06:13:04] [INFO] GET /api/order/transactions?page=2&ItemRequest=10
[2025-07-28 06:13:05] [INFO] GET /api/order/transactions?page=2&ItemRequest=10
[2025-07-28 06:13:05] [INFO] GET /api/order/transactions?page=3&ItemRequest=10
[2025-07-28 06:13:06] [INFO] GET /api/order/transactions?page=3&ItemRequest=10
[2025-07-28 06:13:07] [INFO] GET /api/order/transactions?page=4&ItemRequest=10
[2025-07-28 06:13:08] [INFO] GET /api/order/transactions?page=4&ItemRequest=10
[2025-07-28 06:13:13] [INFO] GET /api/store/getStoresByStoreAdminId
[2025-07-28 06:13:17] [INFO] GET /api/order/getOrders/StoreAdmins
[2025-07-28 06:13:17] [INFO] GET /api/order/transactions?page=1&ItemRequest=10
[2025-07-28 06:13:17] [INFO] GET /api/coupon/getcoupons
[2025-07-28 06:13:17] [INFO] GET /api/store/getStoresByStoreAdminId
[2025-07-28 06:13:17] [INFO] GET /api/storeAdmin/statistics
[2025-07-28 06:13:18] [INFO] GET /api/order/transactions?page=2&ItemRequest=10
[2025-07-28 06:13:20] [INFO] GET /api/order/transactions?page=3&ItemRequest=10
[2025-07-28 06:13:21] [INFO] GET /api/order/transactions?page=4&ItemRequest=10
[2025-07-28 06:13:23] [INFO] GET /api/order/getOrders/StoreAdmins
[2025-07-28 06:13:23] [INFO] GET /api/storeAdmin/statistics
[2025-07-28 06:13:23] [INFO] GET /api/store/getStoresByStoreAdminId
[2025-07-28 06:13:23] [INFO] GET /api/coupon/getcoupons
[2025-07-28 06:13:23] [INFO] GET /api/order/transactions?page=1&ItemRequest=10
[2025-07-28 06:13:24] [INFO] GET /api/order/transactions?page=2&ItemRequest=10
[2025-07-28 06:13:26] [INFO] GET /api/order/transactions?page=3&ItemRequest=10
[2025-07-28 06:13:26] [INFO] GET /api/store/getStoresByStoreAdminId
[2025-07-28 06:13:27] [INFO] GET /api/order/transactions?page=4&ItemRequest=10
[2025-07-28 06:14:10] [INFO] GET /api/store/getStoresByStoreAdminId
[2025-07-28 06:14:12] [INFO] GET /api/store/getStoresByStoreAdminId
[2025-07-28 06:14:36] [INFO] GET /api/products/storeAdmin/a365713a-5aec-4364-b655-3e5624e917ef
[2025-07-28 06:14:40] [INFO] GET /api/products/storeAdmin/a365713a-5aec-4364-b655-3e5624e917ef
[2025-07-28 06:18:29] [INFO] GET /api/products/storeInventory/cab79cae-b6de-4f26-ab9e-08993cc980a2
[2025-07-28 06:25:46] [INFO] GET /api/products/storeInventory/cab79cae-b6de-4f26-ab9e-08993cc980a2
[2025-07-28 06:25:46] [INFO] GET /api/products/storeInventory/cab79cae-b6de-4f26-ab9e-08993cc980a2
[2025-07-28 06:25:46] [INFO] GET /api/products/storeAdmin/a365713a-5aec-4364-b655-3e5624e917ef
[2025-07-28 06:26:35] [INFO] GET /api/products/storeInventory/cab79cae-b6de-4f26-ab9e-08993cc980a2
[2025-07-28 06:26:35] [INFO] GET /api/products/storeInventory/cab79cae-b6de-4f26-ab9e-08993cc980a2
[2025-07-28 06:26:35] [INFO] GET /api/products/storeAdmin/a365713a-5aec-4364-b655-3e5624e917ef
[2025-07-28 06:29:58] [INFO] GET /api/products/storeAdmin/a365713a-5aec-4364-b655-3e5624e917ef
[2025-07-28 06:29:58] [INFO] GET /api/products/storeInventory/cab79cae-b6de-4f26-ab9e-08993cc980a2
[2025-07-28 06:35:17] [INFO] GET /api/products/storeInventory/cab79cae-b6de-4f26-ab9e-08993cc980a2
[2025-07-28 06:35:17] [INFO] GET /api/products/storeAdmin/a365713a-5aec-4364-b655-3e5624e917ef
[2025-07-28 06:35:39] [INFO] GET /api/products/storeInventory/cab79cae-b6de-4f26-ab9e-08993cc980a2
[2025-07-28 06:36:24] [INFO] GET /api/products/storeInventory/cab79cae-b6de-4f26-ab9e-08993cc980a2
[2025-07-28 06:36:37] [INFO] GET /api/products/storeInventory/cab79cae-b6de-4f26-ab9e-08993cc980a2
[2025-07-28 06:36:37] [INFO] GET /api/products/storeAdmin/a365713a-5aec-4364-b655-3e5624e917ef
[2025-07-28 06:36:45] [INFO] GET /api/products/storeInventory/cab79cae-b6de-4f26-ab9e-08993cc980a2
[2025-07-28 06:37:01] [INFO] GET /api/products/storeInventory/cab79cae-b6de-4f26-ab9e-08993cc980a2
[2025-07-28 06:37:06] [INFO] GET /api/products/storeAdmin/a365713a-5aec-4364-b655-3e5624e917ef
[2025-07-28 06:37:15] [INFO] GET /api/products/storeInventory/cab79cae-b6de-4f26-ab9e-08993cc980a2
[2025-07-28 06:37:15] [INFO] GET /api/products/storeInventory/cab79cae-b6de-4f26-ab9e-08993cc980a2
[2025-07-28 06:37:37] [INFO] GET /api/products/storeInventory/cab79cae-b6de-4f26-ab9e-08993cc980a2
[2025-07-28 06:37:40] [INFO] GET /api/products/storeInventory/af2044ef-2fd2-4a0e-ab5d-5df31688959a
[2025-07-28 06:37:52] [INFO] GET /api/products/storeInventory/af2044ef-2fd2-4a0e-ab5d-5df31688959a
[2025-07-28 06:38:25] [INFO] GET /api/products/storeInventory/af2044ef-2fd2-4a0e-ab5d-5df31688959a
[2025-07-28 06:38:25] [INFO] GET /api/products/storeInventory/af2044ef-2fd2-4a0e-ab5d-5df31688959a
[2025-07-28 06:38:39] [INFO] GET /api/products/storeInventory/af2044ef-2fd2-4a0e-ab5d-5df31688959a
[2025-07-28 06:38:39] [INFO] GET /api/products/storeInventory/af2044ef-2fd2-4a0e-ab5d-5df31688959a
[2025-07-28 06:38:42] [INFO] GET /api/products/storeInventory/af2044ef-2fd2-4a0e-ab5d-5df31688959a
[2025-07-28 06:38:42] [INFO] GET /api/products/storeInventory/af2044ef-2fd2-4a0e-ab5d-5df31688959a
[2025-07-28 06:38:54] [INFO] GET /api/products/storeInventory/af2044ef-2fd2-4a0e-ab5d-5df31688959a
[2025-07-28 06:38:58] [INFO] GET /api/products/storeAdmin/a365713a-5aec-4364-b655-3e5624e917ef
[2025-07-28 06:39:04] [INFO] GET /api/products/storeInventory/cab79cae-b6de-4f26-ab9e-08993cc980a2
[2025-07-28 06:39:04] [INFO] GET /api/products/storeInventory/cab79cae-b6de-4f26-ab9e-08993cc980a2
[2025-07-28 06:39:32] [INFO] GET /api/products/storeInventory/cab79cae-b6de-4f26-ab9e-08993cc980a2
[2025-07-28 06:39:36] [INFO] GET /api/products/storeInventory/cab79cae-b6de-4f26-ab9e-08993cc980a2
[2025-07-28 06:39:42] [INFO] GET /api/products/storeInventory/cab79cae-b6de-4f26-ab9e-08993cc980a2
[2025-07-28 06:40:04] [INFO] GET /api/products/storeInventory/cab79cae-b6de-4f26-ab9e-08993cc980a2
[2025-07-28 06:40:04] [INFO] GET /api/products/storeInventory/cab79cae-b6de-4f26-ab9e-08993cc980a2
[2025-07-28 06:42:59] [INFO] GET /api/products/storeInventory/cab79cae-b6de-4f26-ab9e-08993cc980a2
[2025-07-28 06:43:25] [INFO] GET /api/products/storeInventory/cab79cae-b6de-4f26-ab9e-08993cc980a2
[2025-07-28 06:43:32] [INFO] GET /api/products/storeInventory/cab79cae-b6de-4f26-ab9e-08993cc980a2
[2025-07-28 06:43:38] [INFO] GET /api/products/storeInventory/cab79cae-b6de-4f26-ab9e-08993cc980a2
[2025-07-28 06:43:38] [INFO] GET /api/products/storeAdmin/a365713a-5aec-4364-b655-3e5624e917ef
[2025-07-28 06:44:31] [INFO] GET /api/products/storeInventory/cab79cae-b6de-4f26-ab9e-08993cc980a2
[2025-07-28 06:44:31] [INFO] GET /api/products/storeAdmin/a365713a-5aec-4364-b655-3e5624e917ef
[2025-07-28 06:45:44] [INFO] GET /api/products/storeInventory/cab79cae-b6de-4f26-ab9e-08993cc980a2
[2025-07-28 06:46:31] [INFO] GET /api/products/storeInventory/cab79cae-b6de-4f26-ab9e-08993cc980a2
[2025-07-28 06:47:10] [INFO] GET /api/products/storeInventory/cab79cae-b6de-4f26-ab9e-08993cc980a2
[2025-07-28 06:47:18] [INFO] GET /api/products/storeInventory/cab79cae-b6de-4f26-ab9e-08993cc980a2
[2025-07-28 06:47:31] [INFO] GET /api/products/storeInventory/cab79cae-b6de-4f26-ab9e-08993cc980a2
[2025-07-28 06:47:34] [INFO] GET /api/products/storeAdmin/a365713a-5aec-4364-b655-3e5624e917ef
[2025-07-28 06:47:39] [INFO] GET /api/products/storeInventory/af2044ef-2fd2-4a0e-ab5d-5df31688959a
[2025-07-28 06:58:05] [INFO] GET /api/products/storeAdmin/a365713a-5aec-4364-b655-3e5624e917ef
[2025-07-28 07:00:18] [INFO] GET /api/products/storeAdmin/a365713a-5aec-4364-b655-3e5624e917ef
[2025-07-28 07:00:18] [INFO] GET /api/products/storeInventory/af2044ef-2fd2-4a0e-ab5d-5df31688959a
[2025-07-28 07:03:26] [INFO] GET /api/products/storeInventory/af2044ef-2fd2-4a0e-ab5d-5df31688959a
[2025-07-28 07:03:26] [INFO] GET /api/products/storeAdmin/a365713a-5aec-4364-b655-3e5624e917ef
[2025-07-28 07:04:02] [INFO] GET /api/products/storeInventory/af2044ef-2fd2-4a0e-ab5d-5df31688959a
[2025-07-28 07:04:02] [INFO] GET /api/products/storeAdmin/a365713a-5aec-4364-b655-3e5624e917ef
[2025-07-28 07:04:27] [INFO] GET /api/products/storeInventory/af2044ef-2fd2-4a0e-ab5d-5df31688959a
[2025-07-28 07:04:27] [INFO] GET /api/products/storeAdmin/a365713a-5aec-4364-b655-3e5624e917ef
[2025-07-28 07:05:45] [INFO] PUT /api/products/update
[2025-07-28 07:06:58] [INFO] PUT /api/products/update
[2025-07-28 07:07:45] [INFO] PUT /api/products/update
[2025-07-28 07:07:46] [ERROR] An error occured:
[2025-07-28 07:07:46] [ERROR] An error occured:
[2025-07-28 07:20:12] [ERROR] Something went wrong, Please try again!
[2025-07-28 07:20:14] [INFO] PUT /api/products/update
[2025-07-28 07:20:16] [ERROR] An error occured:
[2025-07-28 07:20:16] [ERROR] An error occured:
[2025-07-28 07:21:46] [ERROR] Something went wrong, Please try again!
[2025-07-28 07:21:57] [INFO] PUT /api/products/update
[2025-07-28 07:22:00] [ERROR] An error occured:
[2025-07-28 07:23:31] [ERROR] Something went wrong, Please try again!
[2025-07-28 07:23:53] [ERROR] Something went wrong, Please try again!
[2025-07-28 07:23:55] [ERROR] Something went wrong, Please try again!
[2025-07-28 07:23:57] [ERROR] Something went wrong, Please try again!
[2025-07-28 07:24:01] [ERROR] Something went wrong, Please try again!
[2025-07-28 07:24:03] [ERROR] Something went wrong, Please try again!
[2025-07-28 07:24:06] [INFO] PUT /api/products/update
[2025-07-28 07:24:09] [ERROR] An error occured:
[2025-07-28 07:24:09] [ERROR] An error occured:
[2025-07-28 07:25:13] [INFO] GET /api/products/storeAdmin/a365713a-5aec-4364-b655-3e5624e917ef
[2025-07-28 07:25:13] [INFO] GET /api/products/storeInventory/af2044ef-2fd2-4a0e-ab5d-5df31688959a
[2025-07-28 09:24:10] [ERROR] Something went wrong, Please try again!
[2025-07-28 09:24:36] [ERROR] Something went wrong, Please try again!
[2025-07-28 09:24:38] [ERROR] Something went wrong, Please try again!
[2025-07-28 09:24:40] [ERROR] Something went wrong, Please try again!
[2025-07-28 09:24:42] [ERROR] Something went wrong, Please try again!
[2025-07-28 09:25:30] [INFO] PUT /api/products/update
[2025-07-28 09:26:34] [INFO] GET /api/products/storeInventory/af2044ef-2fd2-4a0e-ab5d-5df31688959a
[2025-07-28 09:26:34] [INFO] GET /api/products/storeAdmin/a365713a-5aec-4364-b655-3e5624e917ef
[2025-07-28 09:26:41] [INFO] PUT /api/products/update
[2025-07-28 09:26:41] [ERROR] An error occured:
[2025-07-28 09:26:41] [ERROR] An error occured:
[2025-07-28 09:28:53] [INFO] PUT /api/products/update
[2025-07-28 09:28:55] [ERROR] An error occured:
[2025-07-28 09:28:55] [ERROR] An error occured:
[2025-07-28 09:29:48] [INFO] GET /api/products/storeInventory/af2044ef-2fd2-4a0e-ab5d-5df31688959a
[2025-07-28 09:30:31] [INFO] PUT /api/products/update
[2025-07-28 09:30:32] [INFO] GET /api/products/storeInventory/af2044ef-2fd2-4a0e-ab5d-5df31688959a
[2025-07-28 09:30:47] [ERROR] Something went wrong, Please try again!
[2025-07-28 09:30:54] [INFO] GET /api/products/storeInventory/af2044ef-2fd2-4a0e-ab5d-5df31688959a
[2025-07-28 09:30:57] [INFO] GET /api/products/storeAdmin/a365713a-5aec-4364-b655-3e5624e917ef
[2025-07-28 09:30:59] [INFO] GET /api/products/storeInventory/cab79cae-b6de-4f26-ab9e-08993cc980a2
[2025-07-28 09:31:17] [INFO] PUT /api/products/update
[2025-07-28 09:31:18] [INFO] GET /api/products/storeInventory/cab79cae-b6de-4f26-ab9e-08993cc980a2
[2025-07-28 09:43:29] [INFO] GET /api/order/getOrders/StoreAdmins
[2025-07-28 09:43:29] [INFO] GET /api/storeAdmin/statistics
[2025-07-28 09:48:14] [ERROR] Something went wrong, Please try again!
[2025-07-28 09:51:43] [INFO] GET /
[2025-07-28 09:51:43] [INFO] GET /favicon.ico
[2025-07-28 09:51:50] [INFO] GET /
[2025-07-28 09:51:50] [INFO] GET /favicon.ico
[2025-07-28 09:52:41] [INFO] GET /
[2025-07-28 09:52:41] [INFO] GET /favicon.ico
[2025-07-28 10:28:05] [INFO] GET /
[2025-07-28 11:46:10] [INFO] GET /
[2025-07-28 11:46:10] [INFO] GET /favicon.ico
[2025-07-28 11:48:41] [INFO] POST /api/storeAdmin/login
[2025-07-28 11:49:00] [INFO] POST /api/verifyUser
[2025-07-28 11:49:04] [INFO] GET /api/order/getOrders/StoreAdmins
[2025-07-28 11:49:04] [INFO] GET /api/storeAdmin/statistics
[2025-07-28 11:49:20] [INFO] GET /
[2025-07-28 11:49:20] [INFO] GET /favicon.ico
[2025-07-28 11:49:25] [INFO] GET /
[2025-07-28 11:49:29] [INFO] GET /
[2025-07-28 11:49:43] [INFO] GET /
[2025-07-28 11:51:26] [ERROR] Something went wrong, Please try again!
[2025-07-28 11:56:03] [INFO] GET /
[2025-07-28 11:57:00] [ERROR] Something went wrong, Please try again!
[2025-07-28 11:57:23] [INFO] GET /
[2025-07-28 11:57:24] [INFO] GET /
[2025-07-28 11:57:24] [INFO] GET /
[2025-07-28 11:57:24] [INFO] GET /
[2025-07-28 11:57:37] [INFO] GET /
[2025-07-28 11:57:37] [INFO] GET /favicon.ico
[2025-07-28 11:57:38] [INFO] GET /
[2025-07-28 11:57:41] [INFO] GET /
[2025-07-28 12:02:44] [INFO] POST /api/storeAdmin/login
[2025-07-28 12:02:57] [INFO] POST /api/storeAdmin/login
[2025-07-28 12:03:09] [INFO] POST /api/verifyUser
[2025-07-28 12:03:10] [INFO] GET /api/order/getOrders/StoreAdmins
[2025-07-28 12:03:10] [INFO] GET /api/storeAdmin/statistics
[2025-07-28 12:03:18] [INFO] GET /api/storeAdmin/statistics
[2025-07-28 12:03:51] [INFO] POST /api/order/status
[2025-07-28 12:03:52] [INFO] GET /api/order/getOrders/StoreAdmins
[2025-07-28 12:03:52] [INFO] GET /api/storeAdmin/statistics
[2025-07-28 12:03:59] [INFO] GET /api/order/getOrder/Order-35
[2025-07-28 12:04:22] [INFO] GET /api/order/getOrder/Order-37
[2025-07-28 12:04:36] [INFO] GET /api/store/getStoresByStoreAdminId
[2025-07-28 12:04:38] [INFO] GET /api/products/storeAdmin/a365713a-5aec-4364-b655-3e5624e917ef
[2025-07-28 12:04:41] [INFO] GET /api/products/storeInventory/cab79cae-b6de-4f26-ab9e-08993cc980a2
[2025-07-28 12:05:19] [INFO] PUT /api/storeProducts/updateVariant
[2025-07-28 12:05:20] [INFO] GET /api/products/storeInventory/cab79cae-b6de-4f26-ab9e-08993cc980a2
[2025-07-28 12:05:33] [INFO] PUT /api/storeProducts/updateVariant
[2025-07-28 12:05:34] [INFO] GET /api/products/storeInventory/cab79cae-b6de-4f26-ab9e-08993cc980a2
[2025-07-28 12:05:45] [INFO] PUT /api/storeProducts/updateVariant
[2025-07-28 12:05:46] [INFO] GET /api/products/storeInventory/cab79cae-b6de-4f26-ab9e-08993cc980a2
[2025-07-28 12:06:15] [INFO] PUT /api/products/update
[2025-07-28 12:06:16] [INFO] GET /api/products/storeInventory/cab79cae-b6de-4f26-ab9e-08993cc980a2
[2025-07-28 12:06:28] [INFO] GET /api/products/storeInventory/af2044ef-2fd2-4a0e-ab5d-5df31688959a
[2025-07-28 12:06:32] [INFO] GET /api/products/storeInventory/af2044ef-2fd2-4a0e-ab5d-5df31688959a
[2025-07-28 12:06:32] [INFO] GET /api/products/storeInventory/af2044ef-2fd2-4a0e-ab5d-5df31688959a
[2025-07-28 12:07:15] [INFO] GET /api/store/getStoresByStoreAdminId
[2025-07-28 12:09:24] [INFO] POST /api/uploads/upload
[2025-07-28 12:09:24] [INFO] POST /api/uploads/upload
[2025-07-28 12:09:29] [INFO] POST /api/store/create
[2025-07-28 12:09:33] [INFO] GET /api/order/getOrders/StoreAdmins
[2025-07-28 12:09:33] [INFO] GET /api/storeAdmin/statistics
[2025-07-28 12:09:33] [INFO] GET /api/store/getStoresByStoreAdminId
[2025-07-28 12:09:33] [INFO] GET /api/products/storeAdmin/a365713a-5aec-4364-b655-3e5624e917ef
[2025-07-28 12:09:41] [INFO] GET /api/storeAdmin/statistics
[2025-07-28 12:09:41] [INFO] GET /api/store/getStoresByStoreAdminId
[2025-07-28 12:09:41] [INFO] GET /api/products/storeAdmin/a365713a-5aec-4364-b655-3e5624e917ef
[2025-07-28 12:09:41] [INFO] GET /api/order/getOrders/StoreAdmins
[2025-07-28 12:09:47] [INFO] GET /uploads/1753704564079-__%20TSRJC-2022%20__.pdf
[2025-07-28 12:09:54] [INFO] GET /uploads/1753704564534-DocScanner%2010%20Jun%202025%2010-52.pdf
[2025-07-28 12:10:00] [INFO] GET /api/products/paginated/1185ac1f-9b76-476c-8e24-15fd15bf5106
[2025-07-28 12:10:08] [INFO] GET /api/order/getOrders/StoreAdmins
[2025-07-28 12:10:08] [INFO] GET /api/storeAdmin/statistics
[2025-07-28 12:10:08] [INFO] GET /api/store/getStoresByStoreAdminId
[2025-07-28 12:10:08] [INFO] GET /api/products/storeAdmin/a365713a-5aec-4364-b655-3e5624e917ef
[2025-07-28 12:10:17] [INFO] GET /api/order/getOrders/StoreAdmins
[2025-07-28 12:10:17] [INFO] GET /api/store/getStoresByStoreAdminId
[2025-07-28 12:10:17] [INFO] GET /api/products/storeAdmin/a365713a-5aec-4364-b655-3e5624e917ef
[2025-07-28 12:10:17] [INFO] GET /api/storeAdmin/statistics
[2025-07-28 12:10:19] [INFO] GET /api/products/paginated/1b24413c-2858-4a3b-aeef-70a82860e330
[2025-07-28 12:10:26] [INFO] GET /api/products/paginated/1b24413c-2858-4a3b-aeef-70a82860e330
[2025-07-28 12:10:29] [INFO] GET /api/store/getStoresByStoreAdminId
[2025-07-28 12:10:29] [INFO] GET /api/order/getOrders/StoreAdmins
[2025-07-28 12:10:29] [INFO] GET /api/storeAdmin/statistics
[2025-07-28 12:10:29] [INFO] GET /api/products/storeAdmin/a365713a-5aec-4364-b655-3e5624e917ef
[2025-07-28 12:10:33] [INFO] GET /api/order/getOrders/StoreAdmins
[2025-07-28 12:10:33] [INFO] GET /api/store/getStoresByStoreAdminId
[2025-07-28 12:10:33] [INFO] GET /api/products/storeAdmin/a365713a-5aec-4364-b655-3e5624e917ef
[2025-07-28 12:10:33] [INFO] GET /api/storeAdmin/statistics
[2025-07-28 12:10:35] [INFO] GET /api/products/paginated/06c6fc04-3fa8-4f9f-842e-6a4da30ad35f
[2025-07-28 12:10:45] [INFO] GET /api/storeAdmin/statistics
[2025-07-28 12:10:45] [INFO] GET /api/products/storeAdmin/a365713a-5aec-4364-b655-3e5624e917ef
[2025-07-28 12:10:45] [INFO] GET /api/store/getStoresByStoreAdminId
[2025-07-28 12:10:45] [INFO] GET /api/order/getOrders/StoreAdmins
[2025-07-28 12:10:56] [INFO] GET /api/products/storeAdmin/a365713a-5aec-4364-b655-3e5624e917ef
[2025-07-28 12:11:01] [INFO] GET /api/order/transactions?page=1&ItemRequest=10
[2025-07-28 12:11:03] [INFO] GET /api/products/storeAdmin/a365713a-5aec-4364-b655-3e5624e917ef
[2025-07-28 12:11:09] [INFO] GET /api/products/storeAdmin/a365713a-5aec-4364-b655-3e5624e917ef
[2025-07-28 12:11:14] [INFO] GET /api/products/storeAdmin/a365713a-5aec-4364-b655-3e5624e917ef
[2025-07-28 12:11:25] [INFO] GET /api/order/transactions?page=2&ItemRequest=10
[2025-07-28 12:11:27] [INFO] GET /api/order/transactions?page=3&ItemRequest=10
[2025-07-28 12:11:29] [INFO] GET /api/order/transactions?page=4&ItemRequest=10
[2025-07-28 12:11:38] [INFO] GET /api/order/transactions?page=1&ItemRequest=10
[2025-07-28 12:11:40] [INFO] GET /api/order/transactions?page=2&ItemRequest=10
[2025-07-28 12:11:41] [INFO] GET /api/order/transactions?page=3&ItemRequest=10
[2025-07-28 12:11:43] [INFO] GET /api/order/transactions?page=4&ItemRequest=10
[2025-07-28 12:11:52] [INFO] GET /api/coupon/getcoupons
[2025-07-28 12:12:53] [INFO] POST /api/coupon/createcoupon
[2025-07-28 12:12:54] [INFO] GET /api/order/getOrders/StoreAdmins
[2025-07-28 12:12:54] [INFO] GET /api/storeAdmin/statistics
[2025-07-28 12:12:54] [INFO] GET /api/order/transactions?page=1&ItemRequest=10
[2025-07-28 12:12:54] [INFO] GET /api/store/getStoresByStoreAdminId
[2025-07-28 12:12:54] [INFO] GET /api/products/storeAdmin/a365713a-5aec-4364-b655-3e5624e917ef
[2025-07-28 12:12:55] [INFO] GET /api/coupon/getcoupons
[2025-07-28 12:12:56] [INFO] GET /api/order/transactions?page=2&ItemRequest=10
[2025-07-28 12:12:58] [INFO] GET /api/order/transactions?page=3&ItemRequest=10
[2025-07-28 12:13:00] [INFO] GET /api/order/transactions?page=4&ItemRequest=10
[2025-07-28 12:13:05] [INFO] POST /api/coupon/deleteCoupon/IND10
[2025-07-28 12:13:06] [INFO] GET /api/order/getOrders/StoreAdmins
[2025-07-28 12:13:06] [INFO] GET /api/products/storeAdmin/a365713a-5aec-4364-b655-3e5624e917ef
[2025-07-28 12:13:06] [INFO] GET /api/storeAdmin/statistics
[2025-07-28 12:13:06] [INFO] GET /api/order/transactions?page=1&ItemRequest=10
[2025-07-28 12:13:06] [INFO] GET /api/store/getStoresByStoreAdminId
[2025-07-28 12:13:06] [INFO] GET /api/coupon/getcoupons
[2025-07-28 12:13:07] [INFO] GET /api/order/transactions?page=2&ItemRequest=10
[2025-07-28 12:13:09] [INFO] GET /api/order/transactions?page=3&ItemRequest=10
[2025-07-28 12:13:10] [INFO] GET /api/storeAdmin/statistics
[2025-07-28 12:13:10] [INFO] GET /api/order/transactions?page=4&ItemRequest=10
[2025-07-28 12:13:48] [INFO] GET /api/storeAdmin/statistics
[2025-07-28 12:13:52] [INFO] GET /api/storeAdmin/statistics
[2025-07-28 12:14:02] [INFO] GET /api/coupon/getcoupons
[2025-07-28 12:14:07] [INFO] GET /api/order/transactions?page=1&ItemRequest=10
[2025-07-28 12:14:08] [INFO] GET /api/order/transactions?page=2&ItemRequest=10
[2025-07-28 12:14:10] [INFO] GET /api/order/transactions?page=3&ItemRequest=10
[2025-07-28 12:14:12] [INFO] GET /api/order/transactions?page=4&ItemRequest=10
[2025-07-28 12:14:50] [INFO] GET /api/storeAdmin/statistics
[2025-07-28 12:16:19] [INFO] POST /api/storeAdmin/signup
[2025-07-28 12:16:22] [INFO] POST /api/storeAdmin/signup
[2025-07-28 12:16:31] [INFO] POST /api/storeAdmin/signup
[2025-07-28 12:16:41] [INFO] POST /api/storeAdmin/signup
[2025-07-28 12:17:22] [INFO] POST /api/storeAdmin/signup
[2025-07-28 12:17:31] [INFO] POST /api/storeAdmin/signup
[2025-07-28 12:17:38] [INFO] POST /api/storeAdmin/signup
[2025-07-28 12:17:52] [INFO] POST /api/storeAdmin/signup
[2025-07-28 12:18:03] [INFO] GET /uploads/1753704564079-__%20TSRJC-2022%20__.pdf
[2025-07-28 12:18:23] [INFO] POST /api/storeAdmin/signup
[2025-07-28 12:19:04] [INFO] POST /api/storeAdmin/signup
[2025-07-28 12:19:15] [INFO] GET /
[2025-07-28 12:19:16] [INFO] GET /favicon.ico
[2025-07-28 12:19:18] [INFO] POST /api/storeAdmin/signup
[2025-07-28 12:19:22] [INFO] POST /api/storeAdmin/signup
[2025-07-28 12:19:27] [INFO] POST /api/storeAdmin/signup
[2025-07-28 12:19:29] [INFO] POST /api/storeAdmin/signup
[2025-07-28 12:19:42] [INFO] POST /api/storeAdmin/signup
[2025-07-28 12:20:06] [INFO] POST /api/storeAdmin/signup
[2025-07-28 12:20:08] [INFO] POST /api/storeAdmin/signup
[2025-07-28 12:25:34] [ERROR] Something went wrong, Please try again!
[2025-07-28 12:25:39] [INFO] POST /api/storeAdmin/signup
[2025-07-28 12:25:48] [INFO] POST /api/storeAdmin/signup
[2025-07-28 12:25:51] [INFO] POST /api/storeAdmin/signup
[2025-07-28 12:26:17] [INFO] GET /
[2025-07-28 12:26:42] [INFO] POST /api/storeAdmin/signup
[2025-07-28 12:26:44] [INFO] POST /api/storeAdmin/signup
[2025-07-28 12:26:47] [INFO] POST /api/storeAdmin/signup
[2025-07-28 12:26:49] [INFO] POST /api/storeAdmin/signup
[2025-07-28 12:26:49] [INFO] POST /api/storeAdmin/signup
[2025-07-28 12:26:49] [INFO] POST /api/storeAdmin/signup
[2025-07-28 12:26:53] [INFO] POST /api/storeAdmin/signup
[2025-07-28 12:26:57] [INFO] POST /api/storeAdmin/signup
[2025-07-28 12:27:09] [INFO] POST /api/storeAdmin/signup
[2025-07-28 12:27:12] [INFO] POST /api/storeAdmin/signup
[2025-07-28 12:27:27] [INFO] POST /api/storeAdmin/signup
[2025-07-28 12:27:28] [INFO] POST /api/storeAdmin/signup
[2025-07-28 12:27:28] [INFO] POST /api/storeAdmin/signup
[2025-07-28 12:27:29] [INFO] POST /api/storeAdmin/signup
[2025-07-28 12:27:29] [INFO] POST /api/storeAdmin/signup
[2025-07-28 12:27:29] [INFO] POST /api/storeAdmin/signup
[2025-07-28 12:27:29] [INFO] POST /api/storeAdmin/signup
[2025-07-28 12:27:34] [INFO] POST /api/storeAdmin/signup
[2025-07-28 12:28:08] [INFO] POST /api/storeAdmin/signup
[2025-07-28 12:30:17] [INFO] POST /api/storeAdmin/signup
[2025-07-28 12:30:42] [ERROR] Something went wrong, Please try again!
[2025-07-28 12:30:44] [ERROR] Something went wrong, Please try again!
[2025-07-28 12:30:48] [ERROR] Something went wrong, Please try again!
[2025-07-28 12:32:27] [ERROR] Something went wrong, Please try again!
[2025-07-28 12:32:36] [INFO] POST /api/storeAdmin/signup
[2025-07-28 12:35:17] [INFO] POST /api/storeAdmin/signup
[2025-07-28 12:35:41] [ERROR] Something went wrong, Please try again!
[2025-07-28 12:35:43] [ERROR] Something went wrong, Please try again!
[2025-07-28 12:35:49] [ERROR] Something went wrong, Please try again!
[2025-07-28 12:36:04] [INFO] POST /api/storeAdmin/signup
[2025-07-28 12:36:22] [ERROR] Something went wrong, Please try again!
[2025-07-28 12:36:25] [ERROR] Something went wrong, Please try again!
[2025-07-28 12:36:29] [INFO] POST /api/storeAdmin/signup
[2025-07-28 12:38:14] [ERROR] Something went wrong, Please try again!
[2025-07-28 12:38:25] [ERROR] Something went wrong, Please try again!
[2025-07-28 12:38:46] [ERROR] Something went wrong, Please try again!
[2025-07-28 12:39:06] [ERROR] Something went wrong, Please try again!
[2025-07-28 12:41:02] [ERROR] Something went wrong, Please try again!
[2025-07-28 12:41:08] [INFO] POST /api/storeAdmin/signup
[2025-07-28 12:41:55] [ERROR] Something went wrong, Please try again!
[2025-07-28 12:41:56] [ERROR] Something went wrong, Please try again!
[2025-07-28 12:41:59] [ERROR] Something went wrong, Please try again!
[2025-07-28 12:42:00] [ERROR] Something went wrong, Please try again!
[2025-07-28 12:42:06] [ERROR] Something went wrong, Please try again!
[2025-07-28 12:42:12] [ERROR] Something went wrong, Please try again!
[2025-07-28 12:42:15] [ERROR] Something went wrong, Please try again!
[2025-07-28 12:42:17] [ERROR] Something went wrong, Please try again!
[2025-07-28 12:42:18] [ERROR] Something went wrong, Please try again!
[2025-07-28 12:42:20] [ERROR] Something went wrong, Please try again!
[2025-07-28 12:42:33] [ERROR] Something went wrong, Please try again!
[2025-07-28 12:42:35] [ERROR] Something went wrong, Please try again!
[2025-07-28 12:42:38] [ERROR] Something went wrong, Please try again!
[2025-07-28 12:42:39] [INFO] POST /api/storeAdmin/signup
[2025-07-28 12:43:24] [ERROR] Something went wrong, Please try again!
[2025-07-28 12:43:28] [INFO] POST /api/storeAdmin/signup
[2025-07-28 12:44:22] [ERROR] Something went wrong, Please try again!
[2025-07-28 12:44:24] [ERROR] Something went wrong, Please try again!
[2025-07-28 12:44:26] [ERROR] Something went wrong, Please try again!
[2025-07-28 12:44:30] [ERROR] Something went wrong, Please try again!
[2025-07-28 12:45:02] [INFO] POST /api/storeAdmin/signup
[2025-07-28 12:46:46] [ERROR] Something went wrong, Please try again!
[2025-07-28 12:46:48] [ERROR] Something went wrong, Please try again!
[2025-07-28 12:46:51] [ERROR] Something went wrong, Please try again!
[2025-07-28 12:46:53] [ERROR] Something went wrong, Please try again!
[2025-07-28 12:46:56] [ERROR] Something went wrong, Please try again!
[2025-07-28 12:46:57] [INFO] POST /api/storeAdmin/signup
[2025-07-28 12:47:53] [ERROR] Something went wrong, Please try again!
[2025-07-28 12:48:08] [INFO] POST /api/storeAdmin/signup
[2025-07-28 12:48:56] [ERROR] Something went wrong, Please try again!
[2025-07-28 12:48:58] [ERROR] Something went wrong, Please try again!
[2025-07-28 12:48:59] [ERROR] Something went wrong, Please try again!
[2025-07-28 12:49:03] [ERROR] Something went wrong, Please try again!
[2025-07-28 12:49:04] [ERROR] Something went wrong, Please try again!
[2025-07-28 12:49:05] [INFO] POST /api/storeAdmin/signup
[2025-07-28 12:51:54] [ERROR] Something went wrong, Please try again!
[2025-07-28 12:51:56] [ERROR] Something went wrong, Please try again!
[2025-07-28 12:51:59] [ERROR] Something went wrong, Please try again!
[2025-07-28 12:52:00] [ERROR] Something went wrong, Please try again!
[2025-07-28 12:52:04] [ERROR] Something went wrong, Please try again!
[2025-07-28 12:52:05] [INFO] POST /api/storeAdmin/signup
[2025-07-28 12:52:27] [ERROR] Something went wrong, Please try again!
[2025-07-28 12:52:29] [ERROR] Something went wrong, Please try again!
[2025-07-28 12:52:34] [ERROR] Something went wrong, Please try again!
[2025-07-28 12:52:36] [ERROR] Something went wrong, Please try again!
[2025-07-28 12:52:37] [ERROR] Something went wrong, Please try again!
[2025-07-28 12:52:39] [INFO] POST /api/storeAdmin/signup
[2025-07-28 12:54:04] [ERROR] Something went wrong, Please try again!
[2025-07-28 12:54:08] [ERROR] Something went wrong, Please try again!
[2025-07-28 12:54:10] [ERROR] Something went wrong, Please try again!
[2025-07-28 12:54:12] [ERROR] Something went wrong, Please try again!
[2025-07-28 12:54:25] [INFO] POST /api/storeAdmin/signup
[2025-07-28 12:55:13] [ERROR] Something went wrong, Please try again!
[2025-07-28 12:55:18] [INFO] POST /api/storeAdmin/signup
[2025-07-28 12:56:12] [INFO] POST /api/storeAdmin/signup
[2025-07-28 12:56:14] [ERROR] An error occured:
[2025-07-28 12:57:05] [ERROR] Something went wrong, Please try again!
[2025-07-28 12:58:34] [ERROR] Something went wrong, Please try again!
[2025-07-28 12:58:40] [ERROR] Something went wrong, Please try again!
[2025-07-28 12:58:44] [ERROR] Something went wrong, Please try again!
[2025-07-28 12:58:47] [INFO] POST /api/storeAdmin/signup
[2025-07-28 12:59:22] [ERROR] Something went wrong, Please try again!
[2025-07-28 12:59:34] [ERROR] Something went wrong, Please try again!
[2025-07-28 12:59:40] [ERROR] Something went wrong, Please try again!
[2025-07-28 12:59:53] [INFO] POST /api/storeAdmin/signup
[2025-07-28 13:00:20] [INFO] POST /api/storeAdmin/signup
[2025-07-28 13:00:23] [ERROR] An error occured:
[2025-07-28 13:13:04] [ERROR] Something went wrong, Please try again!
[2025-07-28 13:13:10] [INFO] POST /api/storeAdmin/signup
[2025-07-28 13:20:53] [ERROR] Something went wrong, Please try again!
[2025-07-28 13:23:58] [ERROR] Something went wrong, Please try again!
[2025-07-28 13:25:20] [ERROR] Something went wrong, Please try again!
[2025-07-28 13:26:48] [INFO] GET /
[2025-07-28 13:26:51] [INFO] GET /
[2025-07-28 13:39:53] [ERROR] Something went wrong, Please try again!
[2025-07-28 17:21:24] [ERROR] Something went wrong, Please try again!
[2025-07-28 17:22:00] [INFO] POST /api/storeAdmin/login
[2025-07-28 17:22:11] [INFO] POST /api/verifyUser
[2025-07-28 17:22:12] [INFO] GET /api/order/getOrders/StoreAdmins
[2025-07-28 17:22:12] [INFO] GET /api/storeAdmin/statistics
[2025-07-28 17:22:20] [INFO] GET /api/store/getStoresByStoreAdminId
[2025-07-28 17:22:30] [INFO] GET /api/storeAdmin/statistics
[2025-07-28 17:22:30] [INFO] GET /api/store/getStoresByStoreAdminId
[2025-07-28 17:22:30] [INFO] GET /api/order/getOrders/StoreAdmins
[2025-07-28 17:22:35] [INFO] GET /api/products/paginated/06c6fc04-3fa8-4f9f-842e-6a4da30ad35f
[2025-07-28 17:22:38] [INFO] GET /api/products/paginated/06c6fc04-3fa8-4f9f-842e-6a4da30ad35f
[2025-07-28 17:25:29] [INFO] POST /api/uploads/upload
[2025-07-28 17:28:32] [INFO] POST /api/uploads/upload
[2025-07-28 17:39:08] [INFO] GET /api/products/paginated/06c6fc04-3fa8-4f9f-842e-6a4da30ad35f
[2025-07-28 17:39:08] [INFO] GET /api/store/getStoresByStoreAdminId
[2025-07-28 17:41:29] [INFO] POST /api/uploads/upload
[2025-07-28 17:42:23] [INFO] POST /api/uploads/upload
[2025-07-28 17:43:52] [INFO] POST /api/uploads/upload
[2025-07-28 17:44:53] [INFO] POST /api/uploads/upload
[2025-07-28 17:47:10] [INFO] GET /api/products/paginated/06c6fc04-3fa8-4f9f-842e-6a4da30ad35f
[2025-07-28 17:47:11] [INFO] GET /api/store/getStoresByStoreAdminId
[2025-07-28 17:47:41] [INFO] GET /api/store/getStoresByStoreAdminId
[2025-07-28 17:47:41] [INFO] GET /api/products/paginated/06c6fc04-3fa8-4f9f-842e-6a4da30ad35f
[2025-07-28 17:48:41] [INFO] GET /api/products/paginated/06c6fc04-3fa8-4f9f-842e-6a4da30ad35f
[2025-07-28 17:48:41] [INFO] GET /api/store/getStoresByStoreAdminId
[2025-07-28 17:52:01] [INFO] POST /api/uploads/upload
[2025-07-28 18:01:12] [INFO] POST /api/uploads/upload
[2025-07-28 18:04:48] [INFO] POST /api/uploads/upload
[2025-07-28 18:06:05] [INFO] POST /api/uploads/upload
[2025-07-28 18:06:27] [INFO] POST /api/uploads/upload
[2025-07-28 18:07:34] [INFO] POST /api/uploads/upload
[2025-07-28 18:07:39] [INFO] POST /api/products/add
[2025-07-28 18:14:59] [INFO] GET /uploads/fake-image-1.jpg
[2025-07-28 18:17:12] [INFO] GET /uploads/fake-image-1.jpg
[2025-07-28 18:17:18] [INFO] POST /api/uploads/upload
[2025-07-28 18:17:28] [INFO] POST /api/products/add
[2025-07-28 18:20:02] [INFO] POST /api/products/add
[2025-07-28 18:20:10] [INFO] GET /api/products/paginated/06c6fc04-3fa8-4f9f-842e-6a4da30ad35f
[2025-07-28 18:20:16] [INFO] GET /api/products/paginated/06c6fc04-3fa8-4f9f-842e-6a4da30ad35f
[2025-07-28 18:20:25] [INFO] GET /api/store/getStoresByStoreAdminId
[2025-07-28 18:20:28] [INFO] GET /api/products/paginated/06c6fc04-3fa8-4f9f-842e-6a4da30ad35f
[2025-07-28 18:23:21] [INFO] GET /api/products/paginated/06c6fc04-3fa8-4f9f-842e-6a4da30ad35f
[2025-07-28 18:23:44] [INFO] GET /api/products/paginated/06c6fc04-3fa8-4f9f-842e-6a4da30ad35f
[2025-07-28 18:23:56] [INFO] GET /api/products/paginated/06c6fc04-3fa8-4f9f-842e-6a4da30ad35f
[2025-07-28 18:23:59] [INFO] GET /api/products/paginated/06c6fc04-3fa8-4f9f-842e-6a4da30ad35f
[2025-07-28 18:24:49] [INFO] GET /api/products/paginated/06c6fc04-3fa8-4f9f-842e-6a4da30ad35f
[2025-07-28 18:24:50] [INFO] GET /api/products/paginated/06c6fc04-3fa8-4f9f-842e-6a4da30ad35f
[2025-07-28 18:25:41] [INFO] GET /api/products/paginated/06c6fc04-3fa8-4f9f-842e-6a4da30ad35f
[2025-07-28 18:27:36] [INFO] GET /api/products/paginated/06c6fc04-3fa8-4f9f-842e-6a4da30ad35f
[2025-07-28 18:27:42] [INFO] GET /api/products/paginated/06c6fc04-3fa8-4f9f-842e-6a4da30ad35f
[2025-07-28 18:28:08] [INFO] GET /api/products/paginated/06c6fc04-3fa8-4f9f-842e-6a4da30ad35f
[2025-07-28 18:28:10] [INFO] GET /api/products/paginated/06c6fc04-3fa8-4f9f-842e-6a4da30ad35f
[2025-07-28 18:28:18] [INFO] GET /api/products/paginated/06c6fc04-3fa8-4f9f-842e-6a4da30ad35f
[2025-07-28 18:28:27] [INFO] GET /api/products/paginated/06c6fc04-3fa8-4f9f-842e-6a4da30ad35f
[2025-07-28 18:28:35] [INFO] GET /api/products/paginated/06c6fc04-3fa8-4f9f-842e-6a4da30ad35f
[2025-07-28 18:28:54] [INFO] GET /api/products/getDetails/06c6fc04-3fa8-4f9f-842e-6a4da30ad35f/cab79cae-b6de-4f26-ab9e-08993cc980a2
[2025-07-28 18:29:21] [INFO] GET /api/products/paginated/06c6fc04-3fa8-4f9f-842e-6a4da30ad35f
[2025-07-28 18:30:18] [INFO] GET /api/products/paginated/06c6fc04-3fa8-4f9f-842e-6a4da30ad35f
[2025-07-28 18:30:38] [INFO] GET /api/products/paginated/06c6fc04-3fa8-4f9f-842e-6a4da30ad35f
[2025-07-28 18:30:47] [INFO] GET /api/products/paginated/06c6fc04-3fa8-4f9f-842e-6a4da30ad35f
[2025-07-28 18:31:12] [INFO] GET /api/products/getDetails/06c6fc04-3fa8-4f9f-842e-6a4da30ad35f/cab79cae-b6de-4f26-ab9e-08993cc980a2
[2025-07-28 18:34:31] [INFO] GET /api/products/getDetails/06c6fc04-3fa8-4f9f-842e-6a4da30ad35f/cab79cae-b6de-4f26-ab9e-08993cc980a2
[2025-07-28 18:35:29] [INFO] GET /api/products/getDetails/06c6fc04-3fa8-4f9f-842e-6a4da30ad35f/cab79cae-b6de-4f26-ab9e-08993cc980a2
[2025-07-28 18:35:57] [INFO] GET /api/products/getDetails/06c6fc04-3fa8-4f9f-842e-6a4da30ad35f/cab79cae-b6de-4f26-ab9e-08993cc980a2
[2025-07-28 18:36:00] [INFO] GET /api/products/getDetails/06c6fc04-3fa8-4f9f-842e-6a4da30ad35f/cab79cae-b6de-4f26-ab9e-08993cc980a2
[2025-07-28 18:38:36] [INFO] GET /api/products/paginated/06c6fc04-3fa8-4f9f-842e-6a4da30ad35f
[2025-07-28 18:38:36] [INFO] GET /api/products/paginated/06c6fc04-3fa8-4f9f-842e-6a4da30ad35f
[2025-07-28 18:39:27] [INFO] GET /api/store/getStoresByStoreAdminId
[2025-07-28 18:40:19] [INFO] GET /api/store/getStoresByStoreAdminId
[2025-07-28 18:40:19] [INFO] GET /api/store/getStoresByStoreAdminId
[2025-07-28 18:41:11] [INFO] GET /api/store/getStoresByStoreAdminId
[2025-07-28 18:41:11] [INFO] GET /api/store/getStoresByStoreAdminId
[2025-07-28 18:44:45] [ERROR] Something went wrong, Please try again!
[2025-07-28 18:45:25] [ERROR] Something went wrong, Please try again!
[2025-07-28 18:46:12] [INFO] GET /api/store/getStoresByStoreAdminId
[2025-07-28 18:46:12] [INFO] GET /api/store/getStoresByStoreAdminId
[2025-07-28 18:50:29] [INFO] GET /api/store/getStoresByStoreAdminId
[2025-07-28 18:50:29] [INFO] GET /api/store/getStoresByStoreAdminId
[2025-07-28 18:51:00] [INFO] GET /api/store/getStoresByStoreAdminId
[2025-07-28 18:51:00] [INFO] GET /api/store/getStoresByStoreAdminId
[2025-07-28 18:51:08] [INFO] GET /api/store/getStoresByStoreAdminId
[2025-07-28 18:51:15] [INFO] GET /api/store/getStoresByStoreAdminId
[2025-07-28 18:51:56] [INFO] GET /api/store/getStoresByStoreAdminId
[2025-07-28 18:51:56] [INFO] GET /api/store/getStoresByStoreAdminId
[2025-07-28 18:52:58] [INFO] GET /api/store/getStoresByStoreAdminId
[2025-07-28 18:53:09] [INFO] GET /api/products/storeAdmin/a365713a-5aec-4364-b655-3e5624e917ef
[2025-07-28 18:53:10] [INFO] GET /uploads/fake-image-1.jpg
[2025-07-28 18:53:14] [INFO] GET /api/products/storeInventory/cab79cae-b6de-4f26-ab9e-08993cc980a2
