[2025-07-22 05:30:04] [ERROR] Something went wrong, Please try again!
[2025-07-22 05:33:29] [INFO] GET /api/store/getStoresByStoreAdminId
[2025-07-22 05:34:14] [INFO] GET /api/store/getStoresByStoreAdminId
[2025-07-22 05:36:47] [INFO] GET /api/store/getStoresByStoreAdminId
[2025-07-22 06:01:38] [INFO] GET /api/store/getStoresByStoreAdminId
[2025-07-22 06:04:13] [ERROR] Something went wrong, Please try again!
[2025-07-22 06:04:31] [INFO] GET /api/store/getStoresByStoreAdminId
[2025-07-22 06:04:59] [ERROR] Something went wrong, Please try again!
[2025-07-22 06:05:32] [INFO] GET /api/store/getStoresByStoreAdminId
[2025-07-22 06:06:18] [ERROR] Something went wrong, Please try again!
[2025-07-22 06:07:20] [INFO] GET /api/store/getStoresByStoreAdminId
[2025-07-22 06:10:16] [INFO] GET /api/store/getStoresByStoreAdminId
[2025-07-22 06:23:17] [INFO] GET /api/store/getStoresByStoreAdminId
[2025-07-22 06:33:29] [INFO] GET /api/store/getStoresByStoreAdminId
[2025-07-22 06:34:20] [INFO] GET /api/store/getStoresByStoreAdminId
[2025-07-22 06:51:28] [INFO] GET /api/store/getStoresByStoreAdminId
[2025-07-22 06:51:59] [INFO] GET /api/store/getStoresByStoreAdminId
[2025-07-22 06:55:39] [INFO] GET /api/store/getStoresByStoreAdminId
[2025-07-22 06:56:15] [INFO] POST /api/uploads/uploadPDF
[2025-07-22 06:56:20] [INFO] POST /api/store/create
[2025-07-22 06:57:16] [INFO] POST /api/uploads/uploadPDF
[2025-07-22 06:57:20] [INFO] POST /api/store/create
[2025-07-22 07:17:19] [INFO] GET /api/store/getStoresByStoreAdminId
[2025-07-22 08:16:40] [INFO] GET /api/store/getStoresByStoreAdminId
[2025-07-22 08:19:51] [INFO] GET /uploads/1753111687667-file-sample_150kB.pdf
[2025-07-22 08:19:54] [INFO] GET /uploads/1753111687667-file-sample_150kB.pdf
[2025-07-22 08:50:35] [INFO] GET /uploads/1753111687667-file-sample_150kB.pdf
[2025-07-22 08:50:36] [INFO] GET /uploads/1753111687667-file-sample_150kB.pdf
[2025-07-22 08:53:14] [INFO] GET /uploads/1753111687667-file-sample_150kB.pdf
[2025-07-22 08:53:15] [INFO] GET /uploads/1753111687667-file-sample_150kB.pdf
[2025-07-22 09:04:21] [INFO] GET /uploads/1753111687667-file-sample_150kB.pdf
[2025-07-22 09:04:22] [INFO] GET /uploads/1753111687667-file-sample_150kB.pdf
[2025-07-22 09:12:57] [INFO] GET /api/order/getOrders/StoreAdmins
[2025-07-22 09:13:23] [INFO] GET /api/store/getStoresByStoreAdminId
[2025-07-22 09:22:37] [INFO] GET /api/store/getStoresByStoreAdminId
[2025-07-22 09:27:54] [INFO] GET /api/store/getStoresByStoreAdminId
[2025-07-22 09:28:53] [INFO] GET /api/store/getStoresByStoreAdminId
[2025-07-22 09:38:15] [INFO] GET /api/store/getStoresByStoreAdminId
[2025-07-22 09:51:53] [INFO] GET /api/store/getStoresByStoreAdminId
[2025-07-22 10:03:38] [INFO] GET /api/store/getStoresByStoreAdminId
[2025-07-22 10:10:30] [INFO] GET /api/store/getStoresByStoreAdminId
[2025-07-22 10:17:57] [INFO] GET /api/store/getStoresByStoreAdminId
[2025-07-22 10:19:39] [INFO] GET /api/store/getStoresByStoreAdminId
[2025-07-22 10:37:06] [INFO] GET /api/store/getStoresByStoreAdminId
[2025-07-22 10:46:50] [INFO] POST /api/store/update
[2025-07-22 10:48:50] [INFO] POST /api/store/update
[2025-07-22 10:58:10] [INFO] PUT /api/store/update
[2025-07-22 10:59:19] [INFO] PUT /api/store/update
[2025-07-22 11:00:22] [INFO] GET /api/store/getStoresByStoreAdminId
[2025-07-22 11:08:44] [INFO] GET /api/store/getStoresByStoreAdminId
[2025-07-22 11:21:55] [INFO] PUT /api/store/update
[2025-07-22 11:21:56] [INFO] PUT /api/store/update
[2025-07-22 11:23:27] [INFO] PUT /api/store/update
[2025-07-22 11:24:55] [INFO] PUT /api/store/update
[2025-07-22 12:43:23] [INFO] PUT /api/store/update
[2025-07-22 12:49:36] [INFO] GET /api/store/getStoresByStoreAdminId
[2025-07-22 12:53:38] [INFO] GET /api/store/getStoresByStoreAdminId
[2025-07-22 12:55:19] [INFO] GET /api/store/getStoresByStoreAdminId
[2025-07-22 12:56:14] [INFO] PUT /api/store/update
[2025-07-22 12:56:55] [INFO] PUT /api/store/update
[2025-07-22 12:57:24] [INFO] PUT /api/store/update
[2025-07-22 12:58:05] [INFO] GET /api/store/getStoresByStoreAdminId
[2025-07-22 12:58:11] [INFO] PUT /api/store/update
[2025-07-22 12:58:58] [INFO] GET /api/store/getStoresByStoreAdminId
[2025-07-22 12:59:07] [INFO] PUT /api/store/update
[2025-07-22 13:00:53] [INFO] GET /api/store/getStoresByStoreAdminId
[2025-07-22 13:00:58] [INFO] PUT /api/store/update
[2025-07-22 13:01:36] [INFO] PUT /api/store/update
[2025-07-22 13:02:46] [INFO] GET /api/store/getStoresByStoreAdminId
[2025-07-22 13:02:52] [INFO] PUT /api/store/update
[2025-07-22 13:03:15] [INFO] PUT /api/store/update
[2025-07-22 13:03:34] [INFO] PUT /api/store/update
[2025-07-22 13:04:01] [INFO] GET /api/store/getStoresByStoreAdminId
[2025-07-22 13:04:10] [INFO] PUT /api/store/update
[2025-07-22 13:04:52] [INFO] PUT /api/store/update
[2025-07-22 13:07:23] [INFO] PUT /api/store/update
[2025-07-22 13:07:27] [INFO] PUT /api/store/update
[2025-07-22 13:07:38] [INFO] PUT /api/store/update
[2025-07-22 13:08:10] [INFO] PUT /api/store/update
[2025-07-22 13:09:54] [INFO] PUT /api/store/update
[2025-07-22 13:11:01] [INFO] PUT /api/store/update
[2025-07-22 13:11:36] [INFO] GET /api/store/getStoresByStoreAdminId
[2025-07-22 13:11:44] [INFO] PUT /api/store/update
[2025-07-22 13:11:55] [INFO] GET /api/store/getStoresByStoreAdminId
[2025-07-22 13:12:11] [INFO] PUT /api/store/update
[2025-07-22 13:12:19] [INFO] GET /api/store/getStoresByStoreAdminId
[2025-07-22 13:12:29] [INFO] GET /api/products/storeAdmin/a365713a-5aec-4364-b655-3e5624e917ef
[2025-07-22 13:12:32] [INFO] GET /api/products/storeInventory/cab79cae-b6de-4f26-ab9e-08993cc980a2
[2025-07-22 13:17:58] [INFO] GET /api/products/storeAdmin/a365713a-5aec-4364-b655-3e5624e917ef
[2025-07-22 13:17:58] [INFO] GET /api/products/storeInventory/cab79cae-b6de-4f26-ab9e-08993cc980a2
[2025-07-22 13:19:21] [INFO] GET /api/products/storeAdmin/a365713a-5aec-4364-b655-3e5624e917ef
[2025-07-22 13:19:21] [INFO] GET /api/products/storeInventory/cab79cae-b6de-4f26-ab9e-08993cc980a2
[2025-07-22 13:22:57] [INFO] GET /api/products/storeAdmin/a365713a-5aec-4364-b655-3e5624e917ef
[2025-07-22 13:24:05] [INFO] GET /api/products/storeAdmin/a365713a-5aec-4364-b655-3e5624e917ef
[2025-07-22 13:24:13] [INFO] GET /api/products/storeAdmin/a365713a-5aec-4364-b655-3e5624e917ef
[2025-07-22 13:24:16] [INFO] GET /api/products/storeAdmin/a365713a-5aec-4364-b655-3e5624e917ef
[2025-07-22 13:27:13] [ERROR] Something went wrong, Please try again!
[2025-07-22 13:34:03] [INFO] GET /api/products/storeAdmin/a365713a-5aec-4364-b655-3e5624e917ef
[2025-07-22 13:34:03] [INFO] GET /api/products/storeInventory/cab79cae-b6de-4f26-ab9e-08993cc980a2
[2025-07-22 13:35:33] [INFO] POST /api/products/undefined/variants/82f06b51-7d4a-4f97-8310-23ff751e2e31/update
[2025-07-22 13:37:18] [ERROR] Something went wrong, Please try again!
[2025-07-22 13:37:21] [ERROR] Something went wrong, Please try again!
[2025-07-22 13:37:23] [ERROR] Something went wrong, Please try again!
[2025-07-22 13:38:12] [INFO] GET /api/products/storeAdmin/a365713a-5aec-4364-b655-3e5624e917ef
[2025-07-22 13:41:24] [INFO] POST /api/updateVariant
[2025-07-22 13:41:26] [INFO] POST /api/updateVariant
[2025-07-22 13:42:35] [INFO] PUT /api/updateVariant
[2025-07-22 13:42:37] [INFO] PUT /api/updateVariant
[2025-07-22 13:42:41] [INFO] GET /api/products/storeAdmin/a365713a-5aec-4364-b655-3e5624e917ef
[2025-07-22 13:44:43] [INFO] PUT /api/storeProducts/updateVariant
[2025-07-22 13:45:54] [INFO] GET /api/products/storeAdmin/a365713a-5aec-4364-b655-3e5624e917ef
[2025-07-22 13:45:54] [INFO] GET /api/products/storeInventory/cab79cae-b6de-4f26-ab9e-08993cc980a2
[2025-07-22 13:46:13] [INFO] PUT /api/storeProducts/updateVariant
[2025-07-22 13:46:40] [INFO] PUT /api/storeProducts/updateVariant
[2025-07-22 13:47:31] [INFO] PUT /api/storeProducts/updateVariant
[2025-07-22 13:47:57] [INFO] GET /api/products/storeInventory/cab79cae-b6de-4f26-ab9e-08993cc980a2
[2025-07-22 13:47:57] [INFO] GET /api/products/storeAdmin/a365713a-5aec-4364-b655-3e5624e917ef
[2025-07-22 13:48:33] [INFO] PUT /api/storeProducts/updateVariant
[2025-07-22 13:49:11] [INFO] PUT /api/storeProducts/updateVariant
[2025-07-22 13:49:17] [INFO] PUT /api/storeProducts/updateVariant
[2025-07-22 13:49:18] [INFO] PUT /api/storeProducts/updateVariant
[2025-07-22 13:49:19] [INFO] PUT /api/storeProducts/updateVariant
[2025-07-22 13:49:28] [INFO] GET /api/products/storeInventory/cab79cae-b6de-4f26-ab9e-08993cc980a2
[2025-07-22 13:49:55] [INFO] PUT /api/storeProducts/updateVariant
[2025-07-22 13:51:35] [INFO] PUT /api/storeProducts/updateVariant
[2025-07-22 13:53:23] [ERROR] Something went wrong, Please try again!
[2025-07-22 13:53:27] [ERROR] Something went wrong, Please try again!
[2025-07-22 13:53:29] [ERROR] Something went wrong, Please try again!
[2025-07-22 13:54:00] [ERROR] Something went wrong, Please try again!
[2025-07-22 13:54:11] [INFO] PUT /api/storeProducts/updateVariant
[2025-07-22 13:56:09] [INFO] PUT /api/storeProducts/updateVariant
[2025-07-22 13:57:46] [INFO] PUT /api/storeProducts/updateVariant
[2025-07-22 13:59:00] [INFO] PUT /api/storeProducts/updateVariant
